{"C:\\Users\\Hoquo\\OneDrive\\Desktop\\KTPM_doan\\ktpm-doan-nhom\\backend\\src\\app.js": {"path":"C:\\Users\\Hoquo\\OneDrive\\Desktop\\KTPM_doan\\ktpm-doan-nhom\\backend\\src\\app.js","statementMap":{"0":{"start":{"line":20,"column":0},"end":{"line":20,"column":16}},"1":{"start":{"line":22,"column":12},"end":{"line":22,"column":21}},"2":{"start":{"line":25,"column":0},"end":{"line":25,"column":24}},"3":{"start":{"line":26,"column":0},"end":{"line":26,"column":48}},"4":{"start":{"line":29,"column":0},"end":{"line":32,"column":4}},"5":{"start":{"line":35,"column":0},"end":{"line":37,"column":3}},"6":{"start":{"line":36,"column":4},"end":{"line":36,"column":57}},"7":{"start":{"line":39,"column":0},"end":{"line":39,"column":37}},"8":{"start":{"line":40,"column":0},"end":{"line":40,"column":33}},"9":{"start":{"line":41,"column":0},"end":{"line":41,"column":34}},"10":{"start":{"line":42,"column":0},"end":{"line":42,"column":43}},"11":{"start":{"line":43,"column":0},"end":{"line":43,"column":36}},"12":{"start":{"line":44,"column":0},"end":{"line":44,"column":38}},"13":{"start":{"line":45,"column":0},"end":{"line":45,"column":38}},"14":{"start":{"line":46,"column":0},"end":{"line":46,"column":39}},"15":{"start":{"line":47,"column":0},"end":{"line":47,"column":34}},"16":{"start":{"line":48,"column":0},"end":{"line":48,"column":33}},"17":{"start":{"line":49,"column":0},"end":{"line":49,"column":35}},"18":{"start":{"line":52,"column":0},"end":{"line":52,"column":18}},"19":{"start":{"line":53,"column":0},"end":{"line":53,"column":22}}},"fnMap":{"0":{"name":"(anonymous_0)","decl":{"start":{"line":35,"column":13},"end":{"line":35,"column":14}},"loc":{"start":{"line":35,"column":27},"end":{"line":37,"column":1}},"line":35}},"branchMap":{"0":{"loc":{"start":{"line":30,"column":12},"end":{"line":30,"column":63}},"type":"binary-expr","locations":[{"start":{"line":30,"column":12},"end":{"line":30,"column":36}},{"start":{"line":30,"column":40},"end":{"line":30,"column":63}}],"line":30}},"s":{"0":9,"1":9,"2":9,"3":9,"4":9,"5":9,"6":0,"7":9,"8":9,"9":9,"10":9,"11":9,"12":9,"13":9,"14":9,"15":9,"16":9,"17":9,"18":9,"19":9},"f":{"0":0},"b":{"0":[9,0]},"inputSourceMap":null,"_coverageSchema":"1a1c01bbd47fc00a2c39e90264f33305004495a9","hash":"3207fc4336ae9f1c71194404b6f90af0e1acc455"}
,"C:\\Users\\Hoquo\\OneDrive\\Desktop\\KTPM_doan\\ktpm-doan-nhom\\backend\\src\\controllers\\authController.js": {"path":"C:\\Users\\Hoquo\\OneDrive\\Desktop\\KTPM_doan\\ktpm-doan-nhom\\backend\\src\\controllers\\authController.js","statementMap":{"0":{"start":{"line":10,"column":24},"end":{"line":44,"column":2}},"1":{"start":{"line":11,"column":38},"end":{"line":11,"column":46}},"2":{"start":{"line":14,"column":23},"end":{"line":14,"column":52}},"3":{"start":{"line":16,"column":4},"end":{"line":19,"column":5}},"4":{"start":{"line":17,"column":8},"end":{"line":17,"column":24}},"5":{"start":{"line":18,"column":8},"end":{"line":18,"column":49}},"6":{"start":{"line":22,"column":17},"end":{"line":26,"column":6}},"7":{"start":{"line":28,"column":4},"end":{"line":43,"column":5}},"8":{"start":{"line":29,"column":8},"end":{"line":39,"column":11}},"9":{"start":{"line":41,"column":8},"end":{"line":41,"column":24}},"10":{"start":{"line":42,"column":8},"end":{"line":42,"column":48}},"11":{"start":{"line":51,"column":21},"end":{"line":85,"column":2}},"12":{"start":{"line":52,"column":32},"end":{"line":52,"column":40}},"13":{"start":{"line":55,"column":17},"end":{"line":55,"column":66}},"14":{"start":{"line":57,"column":4},"end":{"line":60,"column":5}},"15":{"start":{"line":58,"column":8},"end":{"line":58,"column":24}},"16":{"start":{"line":59,"column":8},"end":{"line":59,"column":51}},"17":{"start":{"line":62,"column":4},"end":{"line":65,"column":5}},"18":{"start":{"line":63,"column":8},"end":{"line":63,"column":24}},"19":{"start":{"line":64,"column":8},"end":{"line":64,"column":98}},"20":{"start":{"line":67,"column":4},"end":{"line":84,"column":5}},"21":{"start":{"line":68,"column":8},"end":{"line":80,"column":11}},"22":{"start":{"line":82,"column":8},"end":{"line":82,"column":24}},"23":{"start":{"line":83,"column":8},"end":{"line":83,"column":47}},"24":{"start":{"line":92,"column":26},"end":{"line":112,"column":2}},"25":{"start":{"line":93,"column":17},"end":{"line":93,"column":50}},"26":{"start":{"line":95,"column":4},"end":{"line":111,"column":5}},"27":{"start":{"line":96,"column":8},"end":{"line":107,"column":11}},"28":{"start":{"line":109,"column":8},"end":{"line":109,"column":24}},"29":{"start":{"line":110,"column":8},"end":{"line":110,"column":53}},"30":{"start":{"line":119,"column":29},"end":{"line":155,"column":2}},"31":{"start":{"line":120,"column":17},"end":{"line":120,"column":50}},"32":{"start":{"line":122,"column":4},"end":{"line":154,"column":5}},"33":{"start":{"line":123,"column":8},"end":{"line":123,"column":47}},"34":{"start":{"line":124,"column":8},"end":{"line":124,"column":50}},"35":{"start":{"line":125,"column":8},"end":{"line":125,"column":53}},"36":{"start":{"line":128,"column":8},"end":{"line":130,"column":9}},"37":{"start":{"line":129,"column":12},"end":{"line":129,"column":48}},"38":{"start":{"line":132,"column":8},"end":{"line":134,"column":9}},"39":{"start":{"line":133,"column":12},"end":{"line":133,"column":46}},"40":{"start":{"line":136,"column":28},"end":{"line":136,"column":45}},"41":{"start":{"line":138,"column":8},"end":{"line":150,"column":11}},"42":{"start":{"line":152,"column":8},"end":{"line":152,"column":24}},"43":{"start":{"line":153,"column":8},"end":{"line":153,"column":53}}},"fnMap":{"0":{"name":"(anonymous_0)","decl":{"start":{"line":10,"column":37},"end":{"line":10,"column":38}},"loc":{"start":{"line":10,"column":57},"end":{"line":44,"column":1}},"line":10},"1":{"name":"(anonymous_1)","decl":{"start":{"line":51,"column":34},"end":{"line":51,"column":35}},"loc":{"start":{"line":51,"column":54},"end":{"line":85,"column":1}},"line":51},"2":{"name":"(anonymous_2)","decl":{"start":{"line":92,"column":39},"end":{"line":92,"column":40}},"loc":{"start":{"line":92,"column":59},"end":{"line":112,"column":1}},"line":92},"3":{"name":"(anonymous_3)","decl":{"start":{"line":119,"column":42},"end":{"line":119,"column":43}},"loc":{"start":{"line":119,"column":62},"end":{"line":155,"column":1}},"line":119}},"branchMap":{"0":{"loc":{"start":{"line":16,"column":4},"end":{"line":19,"column":5}},"type":"if","locations":[{"start":{"line":16,"column":4},"end":{"line":19,"column":5}},{"start":{},"end":{}}],"line":16},"1":{"loc":{"start":{"line":28,"column":4},"end":{"line":43,"column":5}},"type":"if","locations":[{"start":{"line":28,"column":4},"end":{"line":43,"column":5}},{"start":{"line":40,"column":11},"end":{"line":43,"column":5}}],"line":28},"2":{"loc":{"start":{"line":57,"column":4},"end":{"line":60,"column":5}},"type":"if","locations":[{"start":{"line":57,"column":4},"end":{"line":60,"column":5}},{"start":{},"end":{}}],"line":57},"3":{"loc":{"start":{"line":62,"column":4},"end":{"line":65,"column":5}},"type":"if","locations":[{"start":{"line":62,"column":4},"end":{"line":65,"column":5}},{"start":{},"end":{}}],"line":62},"4":{"loc":{"start":{"line":67,"column":4},"end":{"line":84,"column":5}},"type":"if","locations":[{"start":{"line":67,"column":4},"end":{"line":84,"column":5}},{"start":{"line":81,"column":11},"end":{"line":84,"column":5}}],"line":67},"5":{"loc":{"start":{"line":95,"column":4},"end":{"line":111,"column":5}},"type":"if","locations":[{"start":{"line":95,"column":4},"end":{"line":111,"column":5}},{"start":{"line":108,"column":11},"end":{"line":111,"column":5}}],"line":95},"6":{"loc":{"start":{"line":122,"column":4},"end":{"line":154,"column":5}},"type":"if","locations":[{"start":{"line":122,"column":4},"end":{"line":154,"column":5}},{"start":{"line":151,"column":11},"end":{"line":154,"column":5}}],"line":122},"7":{"loc":{"start":{"line":123,"column":20},"end":{"line":123,"column":46}},"type":"binary-expr","locations":[{"start":{"line":123,"column":20},"end":{"line":123,"column":33}},{"start":{"line":123,"column":37},"end":{"line":123,"column":46}}],"line":123},"8":{"loc":{"start":{"line":124,"column":21},"end":{"line":124,"column":49}},"type":"binary-expr","locations":[{"start":{"line":124,"column":21},"end":{"line":124,"column":35}},{"start":{"line":124,"column":39},"end":{"line":124,"column":49}}],"line":124},"9":{"loc":{"start":{"line":125,"column":22},"end":{"line":125,"column":52}},"type":"binary-expr","locations":[{"start":{"line":125,"column":22},"end":{"line":125,"column":37}},{"start":{"line":125,"column":41},"end":{"line":125,"column":52}}],"line":125},"10":{"loc":{"start":{"line":128,"column":8},"end":{"line":130,"column":9}},"type":"if","locations":[{"start":{"line":128,"column":8},"end":{"line":130,"column":9}},{"start":{},"end":{}}],"line":128},"11":{"loc":{"start":{"line":132,"column":8},"end":{"line":134,"column":9}},"type":"if","locations":[{"start":{"line":132,"column":8},"end":{"line":134,"column":9}},{"start":{},"end":{}}],"line":132}},"s":{"0":10,"1":9,"2":9,"3":9,"4":2,"5":2,"6":7,"7":7,"8":6,"9":1,"10":1,"11":10,"12":7,"13":7,"14":7,"15":1,"16":1,"17":6,"18":1,"19":1,"20":5,"21":3,"22":2,"23":2,"24":10,"25":3,"26":3,"27":2,"28":1,"29":1,"30":10,"31":3,"32":3,"33":2,"34":2,"35":2,"36":2,"37":0,"38":2,"39":1,"40":2,"41":2,"42":1,"43":1},"f":{"0":9,"1":7,"2":3,"3":3},"b":{"0":[2,7],"1":[6,1],"2":[1,6],"3":[1,5],"4":[3,2],"5":[2,1],"6":[2,1],"7":[2,1],"8":[2,1],"9":[2,2],"10":[0,2],"11":[1,1]},"inputSourceMap":null,"_coverageSchema":"1a1c01bbd47fc00a2c39e90264f33305004495a9","hash":"bf1907ab6685b56ea0a10976d6bb0d23217a69ee"}
,"C:\\Users\\Hoquo\\OneDrive\\Desktop\\KTPM_doan\\ktpm-doan-nhom\\backend\\src\\controllers\\bookController.js": {"path":"C:\\Users\\Hoquo\\OneDrive\\Desktop\\KTPM_doan\\ktpm-doan-nhom\\backend\\src\\controllers\\bookController.js","statementMap":{"0":{"start":{"line":12,"column":24},"end":{"line":66,"column":2}},"1":{"start":{"line":13,"column":21},"end":{"line":13,"column":49}},"2":{"start":{"line":14,"column":17},"end":{"line":14,"column":44}},"3":{"start":{"line":16,"column":20},"end":{"line":23,"column":12}},"4":{"start":{"line":25,"column":21},"end":{"line":25,"column":79}},"5":{"start":{"line":27,"column":21},"end":{"line":27,"column":23}},"6":{"start":{"line":28,"column":4},"end":{"line":50,"column":5}},"7":{"start":{"line":29,"column":27},"end":{"line":29,"column":29}},"8":{"start":{"line":30,"column":8},"end":{"line":37,"column":9}},"9":{"start":{"line":31,"column":12},"end":{"line":36,"column":15}},"10":{"start":{"line":38,"column":8},"end":{"line":45,"column":9}},"11":{"start":{"line":39,"column":12},"end":{"line":44,"column":15}},"12":{"start":{"line":47,"column":8},"end":{"line":49,"column":9}},"13":{"start":{"line":48,"column":12},"end":{"line":48,"column":57}},"14":{"start":{"line":52,"column":18},"end":{"line":52,"column":87}},"15":{"start":{"line":53,"column":18},"end":{"line":57,"column":32}},"16":{"start":{"line":59,"column":4},"end":{"line":65,"column":7}},"17":{"start":{"line":73,"column":27},"end":{"line":85,"column":2}},"18":{"start":{"line":74,"column":17},"end":{"line":74,"column":80}},"19":{"start":{"line":76,"column":4},"end":{"line":84,"column":5}},"20":{"start":{"line":77,"column":8},"end":{"line":80,"column":11}},"21":{"start":{"line":82,"column":8},"end":{"line":82,"column":24}},"22":{"start":{"line":83,"column":8},"end":{"line":83,"column":47}},"23":{"start":{"line":92,"column":26},"end":{"line":114,"column":2}},"24":{"start":{"line":93,"column":17},"end":{"line":107,"column":6}},"25":{"start":{"line":109,"column":24},"end":{"line":109,"column":41}},"26":{"start":{"line":110,"column":4},"end":{"line":113,"column":7}},"27":{"start":{"line":121,"column":26},"end":{"line":148,"column":2}},"28":{"start":{"line":122,"column":17},"end":{"line":122,"column":51}},"29":{"start":{"line":124,"column":4},"end":{"line":147,"column":5}},"30":{"start":{"line":125,"column":8},"end":{"line":125,"column":50}},"31":{"start":{"line":126,"column":8},"end":{"line":126,"column":53}},"32":{"start":{"line":127,"column":8},"end":{"line":127,"column":68}},"33":{"start":{"line":128,"column":8},"end":{"line":128,"column":50}},"34":{"start":{"line":129,"column":8},"end":{"line":129,"column":74}},"35":{"start":{"line":130,"column":8},"end":{"line":130,"column":59}},"36":{"start":{"line":131,"column":8},"end":{"line":131,"column":53}},"37":{"start":{"line":132,"column":8},"end":{"line":132,"column":50}},"38":{"start":{"line":133,"column":8},"end":{"line":133,"column":47}},"39":{"start":{"line":134,"column":8},"end":{"line":134,"column":62}},"40":{"start":{"line":135,"column":8},"end":{"line":135,"column":74}},"41":{"start":{"line":136,"column":8},"end":{"line":136,"column":50}},"42":{"start":{"line":137,"column":8},"end":{"line":137,"column":59}},"43":{"start":{"line":139,"column":28},"end":{"line":139,"column":45}},"44":{"start":{"line":140,"column":8},"end":{"line":143,"column":11}},"45":{"start":{"line":145,"column":8},"end":{"line":145,"column":24}},"46":{"start":{"line":146,"column":8},"end":{"line":146,"column":47}},"47":{"start":{"line":155,"column":26},"end":{"line":174,"column":2}},"48":{"start":{"line":156,"column":17},"end":{"line":156,"column":51}},"49":{"start":{"line":158,"column":4},"end":{"line":173,"column":5}},"50":{"start":{"line":159,"column":28},"end":{"line":159,"column":85}},"51":{"start":{"line":160,"column":8},"end":{"line":163,"column":9}},"52":{"start":{"line":161,"column":12},"end":{"line":161,"column":28}},"53":{"start":{"line":162,"column":12},"end":{"line":162,"column":78}},"54":{"start":{"line":165,"column":8},"end":{"line":165,"column":31}},"55":{"start":{"line":166,"column":8},"end":{"line":169,"column":11}},"56":{"start":{"line":171,"column":8},"end":{"line":171,"column":24}},"57":{"start":{"line":172,"column":8},"end":{"line":172,"column":47}},"58":{"start":{"line":181,"column":27},"end":{"line":188,"column":2}},"59":{"start":{"line":182,"column":18},"end":{"line":182,"column":96}},"60":{"start":{"line":184,"column":4},"end":{"line":187,"column":7}},"61":{"start":{"line":195,"column":30},"end":{"line":202,"column":2}},"62":{"start":{"line":196,"column":18},"end":{"line":196,"column":99}},"63":{"start":{"line":198,"column":4},"end":{"line":201,"column":7}},"64":{"start":{"line":209,"column":32},"end":{"line":225,"column":2}},"65":{"start":{"line":210,"column":4},"end":{"line":213,"column":5}},"66":{"start":{"line":211,"column":8},"end":{"line":211,"column":24}},"67":{"start":{"line":212,"column":8},"end":{"line":212,"column":45}},"68":{"start":{"line":215,"column":27},"end":{"line":217,"column":5}},"69":{"start":{"line":216,"column":8},"end":{"line":216,"column":58}},"70":{"start":{"line":219,"column":22},"end":{"line":219,"column":55}},"71":{"start":{"line":221,"column":4},"end":{"line":224,"column":7}}},"fnMap":{"0":{"name":"(anonymous_0)","decl":{"start":{"line":12,"column":37},"end":{"line":12,"column":38}},"loc":{"start":{"line":12,"column":57},"end":{"line":66,"column":1}},"line":12},"1":{"name":"(anonymous_1)","decl":{"start":{"line":73,"column":40},"end":{"line":73,"column":41}},"loc":{"start":{"line":73,"column":60},"end":{"line":85,"column":1}},"line":73},"2":{"name":"(anonymous_2)","decl":{"start":{"line":92,"column":39},"end":{"line":92,"column":40}},"loc":{"start":{"line":92,"column":59},"end":{"line":114,"column":1}},"line":92},"3":{"name":"(anonymous_3)","decl":{"start":{"line":121,"column":39},"end":{"line":121,"column":40}},"loc":{"start":{"line":121,"column":59},"end":{"line":148,"column":1}},"line":121},"4":{"name":"(anonymous_4)","decl":{"start":{"line":155,"column":39},"end":{"line":155,"column":40}},"loc":{"start":{"line":155,"column":59},"end":{"line":174,"column":1}},"line":155},"5":{"name":"(anonymous_5)","decl":{"start":{"line":181,"column":40},"end":{"line":181,"column":41}},"loc":{"start":{"line":181,"column":60},"end":{"line":188,"column":1}},"line":181},"6":{"name":"(anonymous_6)","decl":{"start":{"line":195,"column":43},"end":{"line":195,"column":44}},"loc":{"start":{"line":195,"column":63},"end":{"line":202,"column":1}},"line":195},"7":{"name":"(anonymous_7)","decl":{"start":{"line":209,"column":45},"end":{"line":209,"column":46}},"loc":{"start":{"line":209,"column":65},"end":{"line":225,"column":1}},"line":209},"8":{"name":"(anonymous_8)","decl":{"start":{"line":215,"column":41},"end":{"line":215,"column":42}},"loc":{"start":{"line":216,"column":8},"end":{"line":216,"column":58}},"line":216}},"branchMap":{"0":{"loc":{"start":{"line":13,"column":21},"end":{"line":13,"column":49}},"type":"binary-expr","locations":[{"start":{"line":13,"column":21},"end":{"line":13,"column":44}},{"start":{"line":13,"column":48},"end":{"line":13,"column":49}}],"line":13},"1":{"loc":{"start":{"line":14,"column":17},"end":{"line":14,"column":44}},"type":"binary-expr","locations":[{"start":{"line":14,"column":17},"end":{"line":14,"column":39}},{"start":{"line":14,"column":43},"end":{"line":14,"column":44}}],"line":14},"2":{"loc":{"start":{"line":16,"column":20},"end":{"line":23,"column":12}},"type":"cond-expr","locations":[{"start":{"line":17,"column":10},"end":{"line":22,"column":9}},{"start":{"line":23,"column":10},"end":{"line":23,"column":12}}],"line":16},"3":{"loc":{"start":{"line":25,"column":21},"end":{"line":25,"column":79}},"type":"cond-expr","locations":[{"start":{"line":25,"column":42},"end":{"line":25,"column":74}},{"start":{"line":25,"column":77},"end":{"line":25,"column":79}}],"line":25},"4":{"loc":{"start":{"line":28,"column":4},"end":{"line":50,"column":5}},"type":"if","locations":[{"start":{"line":28,"column":4},"end":{"line":50,"column":5}},{"start":{},"end":{}}],"line":28},"5":{"loc":{"start":{"line":28,"column":8},"end":{"line":28,"column":48}},"type":"binary-expr","locations":[{"start":{"line":28,"column":8},"end":{"line":28,"column":26}},{"start":{"line":28,"column":30},"end":{"line":28,"column":48}}],"line":28},"6":{"loc":{"start":{"line":30,"column":8},"end":{"line":37,"column":9}},"type":"if","locations":[{"start":{"line":30,"column":8},"end":{"line":37,"column":9}},{"start":{},"end":{}}],"line":30},"7":{"loc":{"start":{"line":38,"column":8},"end":{"line":45,"column":9}},"type":"if","locations":[{"start":{"line":38,"column":8},"end":{"line":45,"column":9}},{"start":{},"end":{}}],"line":38},"8":{"loc":{"start":{"line":47,"column":8},"end":{"line":49,"column":9}},"type":"if","locations":[{"start":{"line":47,"column":8},"end":{"line":49,"column":9}},{"start":{},"end":{}}],"line":47},"9":{"loc":{"start":{"line":76,"column":4},"end":{"line":84,"column":5}},"type":"if","locations":[{"start":{"line":76,"column":4},"end":{"line":84,"column":5}},{"start":{"line":81,"column":11},"end":{"line":84,"column":5}}],"line":76},"10":{"loc":{"start":{"line":98,"column":23},"end":{"line":98,"column":50}},"type":"binary-expr","locations":[{"start":{"line":98,"column":23},"end":{"line":98,"column":45}},{"start":{"line":98,"column":49},"end":{"line":98,"column":50}}],"line":98},"11":{"loc":{"start":{"line":100,"column":16},"end":{"line":100,"column":37}},"type":"binary-expr","locations":[{"start":{"line":100,"column":16},"end":{"line":100,"column":31}},{"start":{"line":100,"column":35},"end":{"line":100,"column":37}}],"line":100},"12":{"loc":{"start":{"line":106,"column":18},"end":{"line":106,"column":51}},"type":"binary-expr","locations":[{"start":{"line":106,"column":18},"end":{"line":106,"column":35}},{"start":{"line":106,"column":39},"end":{"line":106,"column":51}}],"line":106},"13":{"loc":{"start":{"line":124,"column":4},"end":{"line":147,"column":5}},"type":"if","locations":[{"start":{"line":124,"column":4},"end":{"line":147,"column":5}},{"start":{"line":144,"column":11},"end":{"line":147,"column":5}}],"line":124},"14":{"loc":{"start":{"line":125,"column":21},"end":{"line":125,"column":49}},"type":"binary-expr","locations":[{"start":{"line":125,"column":21},"end":{"line":125,"column":35}},{"start":{"line":125,"column":39},"end":{"line":125,"column":49}}],"line":125},"15":{"loc":{"start":{"line":126,"column":22},"end":{"line":126,"column":52}},"type":"binary-expr","locations":[{"start":{"line":126,"column":22},"end":{"line":126,"column":37}},{"start":{"line":126,"column":41},"end":{"line":126,"column":52}}],"line":126},"16":{"loc":{"start":{"line":127,"column":27},"end":{"line":127,"column":67}},"type":"binary-expr","locations":[{"start":{"line":127,"column":27},"end":{"line":127,"column":47}},{"start":{"line":127,"column":51},"end":{"line":127,"column":67}}],"line":127},"17":{"loc":{"start":{"line":128,"column":21},"end":{"line":128,"column":49}},"type":"binary-expr","locations":[{"start":{"line":128,"column":21},"end":{"line":128,"column":35}},{"start":{"line":128,"column":39},"end":{"line":128,"column":49}}],"line":128},"18":{"loc":{"start":{"line":129,"column":29},"end":{"line":129,"column":73}},"type":"binary-expr","locations":[{"start":{"line":129,"column":29},"end":{"line":129,"column":51}},{"start":{"line":129,"column":55},"end":{"line":129,"column":73}}],"line":129},"19":{"loc":{"start":{"line":130,"column":24},"end":{"line":130,"column":58}},"type":"binary-expr","locations":[{"start":{"line":130,"column":24},"end":{"line":130,"column":41}},{"start":{"line":130,"column":45},"end":{"line":130,"column":58}}],"line":130},"20":{"loc":{"start":{"line":131,"column":22},"end":{"line":131,"column":52}},"type":"binary-expr","locations":[{"start":{"line":131,"column":22},"end":{"line":131,"column":37}},{"start":{"line":131,"column":41},"end":{"line":131,"column":52}}],"line":131},"21":{"loc":{"start":{"line":132,"column":21},"end":{"line":132,"column":49}},"type":"binary-expr","locations":[{"start":{"line":132,"column":21},"end":{"line":132,"column":35}},{"start":{"line":132,"column":39},"end":{"line":132,"column":49}}],"line":132},"22":{"loc":{"start":{"line":133,"column":20},"end":{"line":133,"column":46}},"type":"binary-expr","locations":[{"start":{"line":133,"column":20},"end":{"line":133,"column":33}},{"start":{"line":133,"column":37},"end":{"line":133,"column":46}}],"line":133},"23":{"loc":{"start":{"line":134,"column":25},"end":{"line":134,"column":61}},"type":"binary-expr","locations":[{"start":{"line":134,"column":25},"end":{"line":134,"column":43}},{"start":{"line":134,"column":47},"end":{"line":134,"column":61}}],"line":134},"24":{"loc":{"start":{"line":135,"column":29},"end":{"line":135,"column":73}},"type":"binary-expr","locations":[{"start":{"line":135,"column":29},"end":{"line":135,"column":51}},{"start":{"line":135,"column":55},"end":{"line":135,"column":73}}],"line":135},"25":{"loc":{"start":{"line":136,"column":21},"end":{"line":136,"column":49}},"type":"binary-expr","locations":[{"start":{"line":136,"column":21},"end":{"line":136,"column":35}},{"start":{"line":136,"column":39},"end":{"line":136,"column":49}}],"line":136},"26":{"loc":{"start":{"line":137,"column":24},"end":{"line":137,"column":58}},"type":"binary-expr","locations":[{"start":{"line":137,"column":24},"end":{"line":137,"column":41}},{"start":{"line":137,"column":45},"end":{"line":137,"column":58}}],"line":137},"27":{"loc":{"start":{"line":158,"column":4},"end":{"line":173,"column":5}},"type":"if","locations":[{"start":{"line":158,"column":4},"end":{"line":173,"column":5}},{"start":{"line":170,"column":11},"end":{"line":173,"column":5}}],"line":158},"28":{"loc":{"start":{"line":160,"column":8},"end":{"line":163,"column":9}},"type":"if","locations":[{"start":{"line":160,"column":8},"end":{"line":163,"column":9}},{"start":{},"end":{}}],"line":160},"29":{"loc":{"start":{"line":210,"column":4},"end":{"line":213,"column":5}},"type":"if","locations":[{"start":{"line":210,"column":4},"end":{"line":213,"column":5}},{"start":{},"end":{}}],"line":210},"30":{"loc":{"start":{"line":210,"column":8},"end":{"line":210,"column":44}},"type":"binary-expr","locations":[{"start":{"line":210,"column":8},"end":{"line":210,"column":18}},{"start":{"line":210,"column":22},"end":{"line":210,"column":44}}],"line":210}},"s":{"0":10,"1":8,"2":8,"3":8,"4":8,"5":8,"6":8,"7":3,"8":3,"9":2,"10":3,"11":2,"12":3,"13":3,"14":8,"15":8,"16":8,"17":10,"18":2,"19":2,"20":1,"21":1,"22":1,"23":10,"24":6,"25":6,"26":6,"27":10,"28":4,"29":4,"30":3,"31":3,"32":3,"33":3,"34":3,"35":3,"36":3,"37":3,"38":3,"39":3,"40":3,"41":3,"42":3,"43":3,"44":3,"45":1,"46":1,"47":10,"48":4,"49":4,"50":3,"51":3,"52":1,"53":1,"54":2,"55":2,"56":1,"57":1,"58":10,"59":1,"60":1,"61":10,"62":1,"63":1,"64":10,"65":2,"66":1,"67":1,"68":1,"69":2,"70":1,"71":1},"f":{"0":8,"1":2,"2":6,"3":4,"4":4,"5":1,"6":1,"7":2,"8":2},"b":{"0":[8,7],"1":[8,2],"2":[1,7],"3":[1,7],"4":[3,5],"5":[8,6],"6":[2,1],"7":[2,1],"8":[3,0],"9":[1,1],"10":[6,6],"11":[6,2],"12":[6,6],"13":[3,1],"14":[3,1],"15":[3,3],"16":[3,3],"17":[3,2],"18":[3,3],"19":[3,3],"20":[3,3],"21":[3,2],"22":[3,3],"23":[3,3],"24":[3,3],"25":[3,3],"26":[3,3],"27":[3,1],"28":[1,2],"29":[1,1],"30":[2,2]},"inputSourceMap":null,"_coverageSchema":"1a1c01bbd47fc00a2c39e90264f33305004495a9","hash":"8e6cf64f893046e07704a2852cb2bc840507e153"}
,"C:\\Users\\Hoquo\\OneDrive\\Desktop\\KTPM_doan\\ktpm-doan-nhom\\backend\\src\\controllers\\cartController.js": {"path":"C:\\Users\\Hoquo\\OneDrive\\Desktop\\KTPM_doan\\ktpm-doan-nhom\\backend\\src\\controllers\\cartController.js","statementMap":{"0":{"start":{"line":10,"column":23},"end":{"line":26,"column":2}},"1":{"start":{"line":11,"column":15},"end":{"line":11,"column":135}},"2":{"start":{"line":13,"column":4},"end":{"line":20,"column":5}},"3":{"start":{"line":14,"column":8},"end":{"line":19,"column":11}},"4":{"start":{"line":22,"column":4},"end":{"line":25,"column":7}},"5":{"start":{"line":33,"column":25},"end":{"line":89,"column":2}},"6":{"start":{"line":34,"column":33},"end":{"line":34,"column":41}},"7":{"start":{"line":36,"column":4},"end":{"line":39,"column":5}},"8":{"start":{"line":37,"column":8},"end":{"line":37,"column":24}},"9":{"start":{"line":38,"column":8},"end":{"line":38,"column":62}},"10":{"start":{"line":41,"column":17},"end":{"line":41,"column":44}},"11":{"start":{"line":43,"column":4},"end":{"line":46,"column":5}},"12":{"start":{"line":44,"column":8},"end":{"line":44,"column":24}},"13":{"start":{"line":45,"column":8},"end":{"line":45,"column":47}},"14":{"start":{"line":48,"column":4},"end":{"line":51,"column":5}},"15":{"start":{"line":49,"column":8},"end":{"line":49,"column":24}},"16":{"start":{"line":50,"column":8},"end":{"line":50,"column":60}},"17":{"start":{"line":53,"column":15},"end":{"line":53,"column":57}},"18":{"start":{"line":55,"column":4},"end":{"line":60,"column":5}},"19":{"start":{"line":56,"column":8},"end":{"line":59,"column":11}},"20":{"start":{"line":62,"column":25},"end":{"line":62,"column":83}},"21":{"start":{"line":62,"column":51},"end":{"line":62,"column":82}},"22":{"start":{"line":64,"column":4},"end":{"line":80,"column":5}},"23":{"start":{"line":65,"column":28},"end":{"line":65,"column":60}},"24":{"start":{"line":66,"column":8},"end":{"line":69,"column":9}},"25":{"start":{"line":67,"column":12},"end":{"line":67,"column":28}},"26":{"start":{"line":68,"column":12},"end":{"line":68,"column":64}},"27":{"start":{"line":70,"column":8},"end":{"line":70,"column":44}},"28":{"start":{"line":71,"column":8},"end":{"line":71,"column":62}},"29":{"start":{"line":73,"column":8},"end":{"line":79,"column":11}},"30":{"start":{"line":82,"column":4},"end":{"line":82,"column":22}},"31":{"start":{"line":83,"column":4},"end":{"line":83,"column":93}},"32":{"start":{"line":85,"column":4},"end":{"line":88,"column":7}},"33":{"start":{"line":96,"column":30},"end":{"line":141,"column":2}},"34":{"start":{"line":97,"column":25},"end":{"line":97,"column":33}},"35":{"start":{"line":98,"column":19},"end":{"line":98,"column":36}},"36":{"start":{"line":100,"column":4},"end":{"line":103,"column":5}},"37":{"start":{"line":101,"column":8},"end":{"line":101,"column":24}},"38":{"start":{"line":102,"column":8},"end":{"line":102,"column":49}},"39":{"start":{"line":105,"column":17},"end":{"line":105,"column":44}},"40":{"start":{"line":107,"column":4},"end":{"line":110,"column":5}},"41":{"start":{"line":108,"column":8},"end":{"line":108,"column":24}},"42":{"start":{"line":109,"column":8},"end":{"line":109,"column":47}},"43":{"start":{"line":112,"column":4},"end":{"line":115,"column":5}},"44":{"start":{"line":113,"column":8},"end":{"line":113,"column":24}},"45":{"start":{"line":114,"column":8},"end":{"line":114,"column":53}},"46":{"start":{"line":117,"column":17},"end":{"line":117,"column":59}},"47":{"start":{"line":119,"column":4},"end":{"line":122,"column":5}},"48":{"start":{"line":120,"column":8},"end":{"line":120,"column":24}},"49":{"start":{"line":121,"column":8},"end":{"line":121,"column":51}},"50":{"start":{"line":124,"column":17},"end":{"line":124,"column":75}},"51":{"start":{"line":124,"column":43},"end":{"line":124,"column":74}},"52":{"start":{"line":126,"column":4},"end":{"line":129,"column":5}},"53":{"start":{"line":127,"column":8},"end":{"line":127,"column":24}},"54":{"start":{"line":128,"column":8},"end":{"line":128,"column":66}},"55":{"start":{"line":131,"column":4},"end":{"line":131,"column":29}},"56":{"start":{"line":132,"column":4},"end":{"line":132,"column":50}},"57":{"start":{"line":134,"column":4},"end":{"line":134,"column":22}},"58":{"start":{"line":135,"column":4},"end":{"line":135,"column":93}},"59":{"start":{"line":137,"column":4},"end":{"line":140,"column":7}},"60":{"start":{"line":148,"column":30},"end":{"line":167,"column":2}},"61":{"start":{"line":149,"column":19},"end":{"line":149,"column":36}},"62":{"start":{"line":151,"column":17},"end":{"line":151,"column":59}},"63":{"start":{"line":153,"column":4},"end":{"line":156,"column":5}},"64":{"start":{"line":154,"column":8},"end":{"line":154,"column":24}},"65":{"start":{"line":155,"column":8},"end":{"line":155,"column":51}},"66":{"start":{"line":158,"column":4},"end":{"line":158,"column":78}},"67":{"start":{"line":158,"column":45},"end":{"line":158,"column":76}},"68":{"start":{"line":160,"column":4},"end":{"line":160,"column":22}},"69":{"start":{"line":161,"column":4},"end":{"line":161,"column":93}},"70":{"start":{"line":163,"column":4},"end":{"line":166,"column":7}},"71":{"start":{"line":174,"column":38},"end":{"line":199,"column":2}},"72":{"start":{"line":175,"column":24},"end":{"line":175,"column":32}},"73":{"start":{"line":177,"column":4},"end":{"line":180,"column":5}},"74":{"start":{"line":178,"column":8},"end":{"line":178,"column":24}},"75":{"start":{"line":179,"column":8},"end":{"line":179,"column":48}},"76":{"start":{"line":182,"column":17},"end":{"line":182,"column":59}},"77":{"start":{"line":184,"column":4},"end":{"line":187,"column":5}},"78":{"start":{"line":185,"column":8},"end":{"line":185,"column":24}},"79":{"start":{"line":186,"column":8},"end":{"line":186,"column":51}},"80":{"start":{"line":190,"column":4},"end":{"line":190,"column":86}},"81":{"start":{"line":190,"column":45},"end":{"line":190,"column":84}},"82":{"start":{"line":192,"column":4},"end":{"line":192,"column":22}},"83":{"start":{"line":193,"column":4},"end":{"line":193,"column":93}},"84":{"start":{"line":195,"column":4},"end":{"line":198,"column":7}},"85":{"start":{"line":206,"column":25},"end":{"line":235,"column":2}},"86":{"start":{"line":207,"column":17},"end":{"line":207,"column":59}},"87":{"start":{"line":209,"column":4},"end":{"line":222,"column":5}},"88":{"start":{"line":211,"column":24},"end":{"line":216,"column":10}},"89":{"start":{"line":218,"column":8},"end":{"line":221,"column":11}},"90":{"start":{"line":225,"column":4},"end":{"line":225,"column":20}},"91":{"start":{"line":226,"column":4},"end":{"line":226,"column":24}},"92":{"start":{"line":227,"column":4},"end":{"line":227,"column":24}},"93":{"start":{"line":229,"column":4},"end":{"line":229,"column":22}},"94":{"start":{"line":231,"column":4},"end":{"line":234,"column":7}}},"fnMap":{"0":{"name":"(anonymous_0)","decl":{"start":{"line":10,"column":36},"end":{"line":10,"column":37}},"loc":{"start":{"line":10,"column":56},"end":{"line":26,"column":1}},"line":10},"1":{"name":"(anonymous_1)","decl":{"start":{"line":33,"column":38},"end":{"line":33,"column":39}},"loc":{"start":{"line":33,"column":58},"end":{"line":89,"column":1}},"line":33},"2":{"name":"(anonymous_2)","decl":{"start":{"line":62,"column":41},"end":{"line":62,"column":42}},"loc":{"start":{"line":62,"column":51},"end":{"line":62,"column":82}},"line":62},"3":{"name":"(anonymous_3)","decl":{"start":{"line":96,"column":43},"end":{"line":96,"column":44}},"loc":{"start":{"line":96,"column":63},"end":{"line":141,"column":1}},"line":96},"4":{"name":"(anonymous_4)","decl":{"start":{"line":124,"column":33},"end":{"line":124,"column":34}},"loc":{"start":{"line":124,"column":43},"end":{"line":124,"column":74}},"line":124},"5":{"name":"(anonymous_5)","decl":{"start":{"line":148,"column":43},"end":{"line":148,"column":44}},"loc":{"start":{"line":148,"column":63},"end":{"line":167,"column":1}},"line":148},"6":{"name":"(anonymous_6)","decl":{"start":{"line":158,"column":35},"end":{"line":158,"column":36}},"loc":{"start":{"line":158,"column":45},"end":{"line":158,"column":76}},"line":158},"7":{"name":"(anonymous_7)","decl":{"start":{"line":174,"column":51},"end":{"line":174,"column":52}},"loc":{"start":{"line":174,"column":71},"end":{"line":199,"column":1}},"line":174},"8":{"name":"(anonymous_8)","decl":{"start":{"line":190,"column":35},"end":{"line":190,"column":36}},"loc":{"start":{"line":190,"column":45},"end":{"line":190,"column":84}},"line":190},"9":{"name":"(anonymous_9)","decl":{"start":{"line":206,"column":38},"end":{"line":206,"column":39}},"loc":{"start":{"line":206,"column":58},"end":{"line":235,"column":1}},"line":206}},"branchMap":{"0":{"loc":{"start":{"line":13,"column":4},"end":{"line":20,"column":5}},"type":"if","locations":[{"start":{"line":13,"column":4},"end":{"line":20,"column":5}},{"start":{},"end":{}}],"line":13},"1":{"loc":{"start":{"line":36,"column":4},"end":{"line":39,"column":5}},"type":"if","locations":[{"start":{"line":36,"column":4},"end":{"line":39,"column":5}},{"start":{},"end":{}}],"line":36},"2":{"loc":{"start":{"line":36,"column":8},"end":{"line":36,"column":28}},"type":"binary-expr","locations":[{"start":{"line":36,"column":8},"end":{"line":36,"column":15}},{"start":{"line":36,"column":19},"end":{"line":36,"column":28}}],"line":36},"3":{"loc":{"start":{"line":43,"column":4},"end":{"line":46,"column":5}},"type":"if","locations":[{"start":{"line":43,"column":4},"end":{"line":46,"column":5}},{"start":{},"end":{}}],"line":43},"4":{"loc":{"start":{"line":48,"column":4},"end":{"line":51,"column":5}},"type":"if","locations":[{"start":{"line":48,"column":4},"end":{"line":51,"column":5}},{"start":{},"end":{}}],"line":48},"5":{"loc":{"start":{"line":55,"column":4},"end":{"line":60,"column":5}},"type":"if","locations":[{"start":{"line":55,"column":4},"end":{"line":60,"column":5}},{"start":{},"end":{}}],"line":55},"6":{"loc":{"start":{"line":64,"column":4},"end":{"line":80,"column":5}},"type":"if","locations":[{"start":{"line":64,"column":4},"end":{"line":80,"column":5}},{"start":{"line":72,"column":11},"end":{"line":80,"column":5}}],"line":64},"7":{"loc":{"start":{"line":66,"column":8},"end":{"line":69,"column":9}},"type":"if","locations":[{"start":{"line":66,"column":8},"end":{"line":69,"column":9}},{"start":{},"end":{}}],"line":66},"8":{"loc":{"start":{"line":71,"column":29},"end":{"line":71,"column":61}},"type":"binary-expr","locations":[{"start":{"line":71,"column":29},"end":{"line":71,"column":47}},{"start":{"line":71,"column":51},"end":{"line":71,"column":61}}],"line":71},"9":{"loc":{"start":{"line":76,"column":19},"end":{"line":76,"column":51}},"type":"binary-expr","locations":[{"start":{"line":76,"column":19},"end":{"line":76,"column":37}},{"start":{"line":76,"column":41},"end":{"line":76,"column":51}}],"line":76},"10":{"loc":{"start":{"line":78,"column":19},"end":{"line":78,"column":78}},"type":"cond-expr","locations":[{"start":{"line":78,"column":59},"end":{"line":78,"column":73}},{"start":{"line":78,"column":76},"end":{"line":78,"column":78}}],"line":78},"11":{"loc":{"start":{"line":78,"column":19},"end":{"line":78,"column":56}},"type":"binary-expr","locations":[{"start":{"line":78,"column":19},"end":{"line":78,"column":30}},{"start":{"line":78,"column":34},"end":{"line":78,"column":56}}],"line":78},"12":{"loc":{"start":{"line":100,"column":4},"end":{"line":103,"column":5}},"type":"if","locations":[{"start":{"line":100,"column":4},"end":{"line":103,"column":5}},{"start":{},"end":{}}],"line":100},"13":{"loc":{"start":{"line":100,"column":8},"end":{"line":100,"column":33}},"type":"binary-expr","locations":[{"start":{"line":100,"column":8},"end":{"line":100,"column":17}},{"start":{"line":100,"column":21},"end":{"line":100,"column":33}}],"line":100},"14":{"loc":{"start":{"line":107,"column":4},"end":{"line":110,"column":5}},"type":"if","locations":[{"start":{"line":107,"column":4},"end":{"line":110,"column":5}},{"start":{},"end":{}}],"line":107},"15":{"loc":{"start":{"line":112,"column":4},"end":{"line":115,"column":5}},"type":"if","locations":[{"start":{"line":112,"column":4},"end":{"line":115,"column":5}},{"start":{},"end":{}}],"line":112},"16":{"loc":{"start":{"line":119,"column":4},"end":{"line":122,"column":5}},"type":"if","locations":[{"start":{"line":119,"column":4},"end":{"line":122,"column":5}},{"start":{},"end":{}}],"line":119},"17":{"loc":{"start":{"line":126,"column":4},"end":{"line":129,"column":5}},"type":"if","locations":[{"start":{"line":126,"column":4},"end":{"line":129,"column":5}},{"start":{},"end":{}}],"line":126},"18":{"loc":{"start":{"line":132,"column":17},"end":{"line":132,"column":49}},"type":"binary-expr","locations":[{"start":{"line":132,"column":17},"end":{"line":132,"column":35}},{"start":{"line":132,"column":39},"end":{"line":132,"column":49}}],"line":132},"19":{"loc":{"start":{"line":153,"column":4},"end":{"line":156,"column":5}},"type":"if","locations":[{"start":{"line":153,"column":4},"end":{"line":156,"column":5}},{"start":{},"end":{}}],"line":153},"20":{"loc":{"start":{"line":177,"column":4},"end":{"line":180,"column":5}},"type":"if","locations":[{"start":{"line":177,"column":4},"end":{"line":180,"column":5}},{"start":{},"end":{}}],"line":177},"21":{"loc":{"start":{"line":177,"column":8},"end":{"line":177,"column":43}},"type":"binary-expr","locations":[{"start":{"line":177,"column":8},"end":{"line":177,"column":16}},{"start":{"line":177,"column":20},"end":{"line":177,"column":43}}],"line":177},"22":{"loc":{"start":{"line":184,"column":4},"end":{"line":187,"column":5}},"type":"if","locations":[{"start":{"line":184,"column":4},"end":{"line":187,"column":5}},{"start":{},"end":{}}],"line":184},"23":{"loc":{"start":{"line":209,"column":4},"end":{"line":222,"column":5}},"type":"if","locations":[{"start":{"line":209,"column":4},"end":{"line":222,"column":5}},{"start":{},"end":{}}],"line":209}},"s":{"0":10,"1":2,"2":2,"3":1,"4":2,"5":10,"6":16,"7":16,"8":1,"9":1,"10":15,"11":15,"12":1,"13":1,"14":14,"15":2,"16":2,"17":12,"18":12,"19":7,"20":12,"21":4,"22":12,"23":3,"24":3,"25":1,"26":1,"27":2,"28":2,"29":9,"30":11,"31":11,"32":11,"33":10,"34":8,"35":8,"36":8,"37":1,"38":1,"39":7,"40":7,"41":1,"42":1,"43":6,"44":2,"45":2,"46":4,"47":4,"48":1,"49":1,"50":3,"51":3,"52":3,"53":1,"54":1,"55":2,"56":2,"57":2,"58":2,"59":2,"60":10,"61":3,"62":3,"63":3,"64":1,"65":1,"66":2,"67":2,"68":2,"69":2,"70":2,"71":10,"72":3,"73":3,"74":1,"75":1,"76":2,"77":2,"78":1,"79":1,"80":1,"81":3,"82":1,"83":1,"84":1,"85":10,"86":3,"87":3,"88":1,"89":1,"90":2,"91":2,"92":2,"93":2,"94":2},"f":{"0":2,"1":16,"2":4,"3":8,"4":3,"5":3,"6":2,"7":3,"8":3,"9":3},"b":{"0":[1,1],"1":[1,15],"2":[16,16],"3":[1,14],"4":[2,12],"5":[7,5],"6":[3,9],"7":[1,2],"8":[2,1],"9":[9,7],"10":[9,0],"11":[9,9],"12":[1,7],"13":[8,7],"14":[1,6],"15":[2,4],"16":[1,3],"17":[1,2],"18":[2,1],"19":[1,2],"20":[1,2],"21":[3,3],"22":[1,1],"23":[1,2]},"inputSourceMap":null,"_coverageSchema":"1a1c01bbd47fc00a2c39e90264f33305004495a9","hash":"40183c65f42e2988d075c84308f32c173e7f5b71"}
,"C:\\Users\\Hoquo\\OneDrive\\Desktop\\KTPM_doan\\ktpm-doan-nhom\\backend\\src\\controllers\\categoryController.js": {"path":"C:\\Users\\Hoquo\\OneDrive\\Desktop\\KTPM_doan\\ktpm-doan-nhom\\backend\\src\\controllers\\categoryController.js","statementMap":{"0":{"start":{"line":11,"column":29},"end":{"line":18,"column":2}},"1":{"start":{"line":12,"column":23},"end":{"line":12,"column":64}},"2":{"start":{"line":14,"column":4},"end":{"line":17,"column":7}},"3":{"start":{"line":25,"column":31},"end":{"line":37,"column":2}},"4":{"start":{"line":26,"column":21},"end":{"line":26,"column":59}},"5":{"start":{"line":28,"column":4},"end":{"line":36,"column":5}},"6":{"start":{"line":29,"column":8},"end":{"line":32,"column":11}},"7":{"start":{"line":34,"column":8},"end":{"line":34,"column":24}},"8":{"start":{"line":35,"column":8},"end":{"line":35,"column":51}},"9":{"start":{"line":44,"column":30},"end":{"line":64,"column":2}},"10":{"start":{"line":45,"column":41},"end":{"line":45,"column":49}},"11":{"start":{"line":47,"column":27},"end":{"line":47,"column":59}},"12":{"start":{"line":49,"column":4},"end":{"line":52,"column":5}},"13":{"start":{"line":50,"column":8},"end":{"line":50,"column":24}},"14":{"start":{"line":51,"column":8},"end":{"line":51,"column":47}},"15":{"start":{"line":54,"column":21},"end":{"line":58,"column":6}},"16":{"start":{"line":60,"column":4},"end":{"line":63,"column":7}},"17":{"start":{"line":71,"column":30},"end":{"line":88,"column":2}},"18":{"start":{"line":72,"column":21},"end":{"line":72,"column":59}},"19":{"start":{"line":74,"column":4},"end":{"line":87,"column":5}},"20":{"start":{"line":75,"column":8},"end":{"line":75,"column":55}},"21":{"start":{"line":76,"column":8},"end":{"line":76,"column":76}},"22":{"start":{"line":77,"column":8},"end":{"line":77,"column":58}},"23":{"start":{"line":79,"column":32},"end":{"line":79,"column":53}},"24":{"start":{"line":80,"column":8},"end":{"line":83,"column":11}},"25":{"start":{"line":85,"column":8},"end":{"line":85,"column":24}},"26":{"start":{"line":86,"column":8},"end":{"line":86,"column":51}},"27":{"start":{"line":95,"column":30},"end":{"line":116,"column":2}},"28":{"start":{"line":96,"column":21},"end":{"line":96,"column":59}},"29":{"start":{"line":98,"column":4},"end":{"line":115,"column":5}},"30":{"start":{"line":100,"column":21},"end":{"line":100,"column":64}},"31":{"start":{"line":101,"column":21},"end":{"line":101,"column":68}},"32":{"start":{"line":102,"column":8},"end":{"line":105,"column":9}},"33":{"start":{"line":103,"column":12},"end":{"line":103,"column":28}},"34":{"start":{"line":104,"column":12},"end":{"line":104,"column":69}},"35":{"start":{"line":107,"column":8},"end":{"line":107,"column":35}},"36":{"start":{"line":108,"column":8},"end":{"line":111,"column":11}},"37":{"start":{"line":113,"column":8},"end":{"line":113,"column":24}},"38":{"start":{"line":114,"column":8},"end":{"line":114,"column":51}}},"fnMap":{"0":{"name":"(anonymous_0)","decl":{"start":{"line":11,"column":42},"end":{"line":11,"column":43}},"loc":{"start":{"line":11,"column":62},"end":{"line":18,"column":1}},"line":11},"1":{"name":"(anonymous_1)","decl":{"start":{"line":25,"column":44},"end":{"line":25,"column":45}},"loc":{"start":{"line":25,"column":64},"end":{"line":37,"column":1}},"line":25},"2":{"name":"(anonymous_2)","decl":{"start":{"line":44,"column":43},"end":{"line":44,"column":44}},"loc":{"start":{"line":44,"column":63},"end":{"line":64,"column":1}},"line":44},"3":{"name":"(anonymous_3)","decl":{"start":{"line":71,"column":43},"end":{"line":71,"column":44}},"loc":{"start":{"line":71,"column":63},"end":{"line":88,"column":1}},"line":71},"4":{"name":"(anonymous_4)","decl":{"start":{"line":95,"column":43},"end":{"line":95,"column":44}},"loc":{"start":{"line":95,"column":63},"end":{"line":116,"column":1}},"line":95}},"branchMap":{"0":{"loc":{"start":{"line":28,"column":4},"end":{"line":36,"column":5}},"type":"if","locations":[{"start":{"line":28,"column":4},"end":{"line":36,"column":5}},{"start":{"line":33,"column":11},"end":{"line":36,"column":5}}],"line":28},"1":{"loc":{"start":{"line":49,"column":4},"end":{"line":52,"column":5}},"type":"if","locations":[{"start":{"line":49,"column":4},"end":{"line":52,"column":5}},{"start":{},"end":{}}],"line":49},"2":{"loc":{"start":{"line":74,"column":4},"end":{"line":87,"column":5}},"type":"if","locations":[{"start":{"line":74,"column":4},"end":{"line":87,"column":5}},{"start":{"line":84,"column":11},"end":{"line":87,"column":5}}],"line":74},"3":{"loc":{"start":{"line":75,"column":24},"end":{"line":75,"column":54}},"type":"binary-expr","locations":[{"start":{"line":75,"column":24},"end":{"line":75,"column":37}},{"start":{"line":75,"column":41},"end":{"line":75,"column":54}}],"line":75},"4":{"loc":{"start":{"line":76,"column":31},"end":{"line":76,"column":75}},"type":"binary-expr","locations":[{"start":{"line":76,"column":31},"end":{"line":76,"column":51}},{"start":{"line":76,"column":55},"end":{"line":76,"column":75}}],"line":76},"5":{"loc":{"start":{"line":77,"column":25},"end":{"line":77,"column":57}},"type":"binary-expr","locations":[{"start":{"line":77,"column":25},"end":{"line":77,"column":39}},{"start":{"line":77,"column":43},"end":{"line":77,"column":57}}],"line":77},"6":{"loc":{"start":{"line":98,"column":4},"end":{"line":115,"column":5}},"type":"if","locations":[{"start":{"line":98,"column":4},"end":{"line":115,"column":5}},{"start":{"line":112,"column":11},"end":{"line":115,"column":5}}],"line":98},"7":{"loc":{"start":{"line":102,"column":8},"end":{"line":105,"column":9}},"type":"if","locations":[{"start":{"line":102,"column":8},"end":{"line":105,"column":9}},{"start":{},"end":{}}],"line":102}},"s":{"0":10,"1":2,"2":2,"3":10,"4":2,"5":2,"6":1,"7":1,"8":1,"9":10,"10":4,"11":4,"12":4,"13":2,"14":2,"15":2,"16":2,"17":10,"18":3,"19":3,"20":2,"21":2,"22":2,"23":2,"24":2,"25":1,"26":1,"27":10,"28":3,"29":3,"30":2,"31":2,"32":2,"33":0,"34":0,"35":2,"36":2,"37":1,"38":1},"f":{"0":2,"1":2,"2":4,"3":3,"4":3},"b":{"0":[1,1],"1":[2,2],"2":[2,1],"3":[2,0],"4":[2,2],"5":[2,2],"6":[2,1],"7":[0,2]},"inputSourceMap":null,"_coverageSchema":"1a1c01bbd47fc00a2c39e90264f33305004495a9","hash":"1a56e00e5209c40c69eb74d58fa31081a01688bc"}
,"C:\\Users\\Hoquo\\OneDrive\\Desktop\\KTPM_doan\\ktpm-doan-nhom\\backend\\src\\controllers\\couponController.js": {"path":"C:\\Users\\Hoquo\\OneDrive\\Desktop\\KTPM_doan\\ktpm-doan-nhom\\backend\\src\\controllers\\couponController.js","statementMap":{"0":{"start":{"line":10,"column":26},"end":{"line":22,"column":2}},"1":{"start":{"line":12,"column":25},"end":{"line":12,"column":35}},"2":{"start":{"line":13,"column":4},"end":{"line":13,"column":38}},"3":{"start":{"line":14,"column":4},"end":{"line":14,"column":101}},"4":{"start":{"line":16,"column":20},"end":{"line":16,"column":81}},"5":{"start":{"line":18,"column":4},"end":{"line":21,"column":7}},"6":{"start":{"line":29,"column":31},"end":{"line":41,"column":2}},"7":{"start":{"line":30,"column":19},"end":{"line":30,"column":80}},"8":{"start":{"line":32,"column":4},"end":{"line":40,"column":5}},"9":{"start":{"line":33,"column":8},"end":{"line":36,"column":11}},"10":{"start":{"line":38,"column":8},"end":{"line":38,"column":24}},"11":{"start":{"line":39,"column":8},"end":{"line":39,"column":54}},"12":{"start":{"line":48,"column":30},"end":{"line":113,"column":2}},"13":{"start":{"line":49,"column":33},"end":{"line":49,"column":41}},"14":{"start":{"line":51,"column":19},"end":{"line":51,"column":69}},"15":{"start":{"line":53,"column":4},"end":{"line":56,"column":5}},"16":{"start":{"line":54,"column":8},"end":{"line":54,"column":24}},"17":{"start":{"line":55,"column":8},"end":{"line":55,"column":53}},"18":{"start":{"line":59,"column":4},"end":{"line":62,"column":5}},"19":{"start":{"line":60,"column":8},"end":{"line":60,"column":24}},"20":{"start":{"line":61,"column":8},"end":{"line":61,"column":54}},"21":{"start":{"line":65,"column":16},"end":{"line":65,"column":26}},"22":{"start":{"line":66,"column":22},"end":{"line":66,"column":48}},"23":{"start":{"line":67,"column":20},"end":{"line":67,"column":44}},"24":{"start":{"line":70,"column":4},"end":{"line":70,"column":38}},"25":{"start":{"line":74,"column":4},"end":{"line":82,"column":5}},"26":{"start":{"line":76,"column":8},"end":{"line":79,"column":9}},"27":{"start":{"line":77,"column":12},"end":{"line":77,"column":36}},"28":{"start":{"line":78,"column":12},"end":{"line":78,"column":32}},"29":{"start":{"line":80,"column":8},"end":{"line":80,"column":24}},"30":{"start":{"line":81,"column":8},"end":{"line":81,"column":72}},"31":{"start":{"line":85,"column":4},"end":{"line":88,"column":5}},"32":{"start":{"line":86,"column":8},"end":{"line":86,"column":24}},"33":{"start":{"line":87,"column":8},"end":{"line":87,"column":59}},"34":{"start":{"line":91,"column":4},"end":{"line":94,"column":5}},"35":{"start":{"line":92,"column":8},"end":{"line":92,"column":24}},"36":{"start":{"line":93,"column":8},"end":{"line":93,"column":130}},"37":{"start":{"line":97,"column":25},"end":{"line":97,"column":26}},"38":{"start":{"line":98,"column":4},"end":{"line":102,"column":5}},"39":{"start":{"line":99,"column":8},"end":{"line":99,"column":67}},"40":{"start":{"line":101,"column":8},"end":{"line":101,"column":46}},"41":{"start":{"line":104,"column":4},"end":{"line":112,"column":7}},"42":{"start":{"line":120,"column":28},"end":{"line":155,"column":2}},"43":{"start":{"line":130,"column":8},"end":{"line":130,"column":16}},"44":{"start":{"line":132,"column":25},"end":{"line":132,"column":75}},"45":{"start":{"line":134,"column":4},"end":{"line":137,"column":5}},"46":{"start":{"line":135,"column":8},"end":{"line":135,"column":24}},"47":{"start":{"line":136,"column":8},"end":{"line":136,"column":50}},"48":{"start":{"line":139,"column":19},"end":{"line":149,"column":6}},"49":{"start":{"line":151,"column":4},"end":{"line":154,"column":7}},"50":{"start":{"line":162,"column":28},"end":{"line":182,"column":2}},"51":{"start":{"line":163,"column":19},"end":{"line":163,"column":55}},"52":{"start":{"line":165,"column":4},"end":{"line":181,"column":5}},"53":{"start":{"line":167,"column":8},"end":{"line":167,"column":72}},"54":{"start":{"line":168,"column":8},"end":{"line":168,"column":69}},"55":{"start":{"line":169,"column":8},"end":{"line":169,"column":63}},"56":{"start":{"line":173,"column":30},"end":{"line":173,"column":49}},"57":{"start":{"line":174,"column":8},"end":{"line":177,"column":11}},"58":{"start":{"line":179,"column":8},"end":{"line":179,"column":24}},"59":{"start":{"line":180,"column":8},"end":{"line":180,"column":54}},"60":{"start":{"line":189,"column":28},"end":{"line":210,"column":2}},"61":{"start":{"line":190,"column":19},"end":{"line":190,"column":55}},"62":{"start":{"line":192,"column":4},"end":{"line":209,"column":5}},"63":{"start":{"line":194,"column":32},"end":{"line":194,"column":90}},"64":{"start":{"line":196,"column":8},"end":{"line":199,"column":9}},"65":{"start":{"line":197,"column":12},"end":{"line":197,"column":28}},"66":{"start":{"line":198,"column":12},"end":{"line":198,"column":88}},"67":{"start":{"line":201,"column":8},"end":{"line":201,"column":33}},"68":{"start":{"line":202,"column":8},"end":{"line":205,"column":11}},"69":{"start":{"line":207,"column":8},"end":{"line":207,"column":24}},"70":{"start":{"line":208,"column":8},"end":{"line":208,"column":54}},"71":{"start":{"line":217,"column":29},"end":{"line":229,"column":2}},"72":{"start":{"line":219,"column":25},"end":{"line":219,"column":35}},"73":{"start":{"line":220,"column":4},"end":{"line":220,"column":38}},"74":{"start":{"line":221,"column":4},"end":{"line":221,"column":101}},"75":{"start":{"line":223,"column":20},"end":{"line":223,"column":101}},"76":{"start":{"line":225,"column":4},"end":{"line":228,"column":7}}},"fnMap":{"0":{"name":"(anonymous_0)","decl":{"start":{"line":10,"column":39},"end":{"line":10,"column":40}},"loc":{"start":{"line":10,"column":59},"end":{"line":22,"column":1}},"line":10},"1":{"name":"(anonymous_1)","decl":{"start":{"line":29,"column":44},"end":{"line":29,"column":45}},"loc":{"start":{"line":29,"column":64},"end":{"line":41,"column":1}},"line":29},"2":{"name":"(anonymous_2)","decl":{"start":{"line":48,"column":43},"end":{"line":48,"column":44}},"loc":{"start":{"line":48,"column":63},"end":{"line":113,"column":1}},"line":48},"3":{"name":"(anonymous_3)","decl":{"start":{"line":120,"column":41},"end":{"line":120,"column":42}},"loc":{"start":{"line":120,"column":61},"end":{"line":155,"column":1}},"line":120},"4":{"name":"(anonymous_4)","decl":{"start":{"line":162,"column":41},"end":{"line":162,"column":42}},"loc":{"start":{"line":162,"column":61},"end":{"line":182,"column":1}},"line":162},"5":{"name":"(anonymous_5)","decl":{"start":{"line":189,"column":41},"end":{"line":189,"column":42}},"loc":{"start":{"line":189,"column":61},"end":{"line":210,"column":1}},"line":189},"6":{"name":"(anonymous_6)","decl":{"start":{"line":217,"column":42},"end":{"line":217,"column":43}},"loc":{"start":{"line":217,"column":62},"end":{"line":229,"column":1}},"line":217}},"branchMap":{"0":{"loc":{"start":{"line":32,"column":4},"end":{"line":40,"column":5}},"type":"if","locations":[{"start":{"line":32,"column":4},"end":{"line":40,"column":5}},{"start":{"line":37,"column":11},"end":{"line":40,"column":5}}],"line":32},"1":{"loc":{"start":{"line":53,"column":4},"end":{"line":56,"column":5}},"type":"if","locations":[{"start":{"line":53,"column":4},"end":{"line":56,"column":5}},{"start":{},"end":{}}],"line":53},"2":{"loc":{"start":{"line":59,"column":4},"end":{"line":62,"column":5}},"type":"if","locations":[{"start":{"line":59,"column":4},"end":{"line":62,"column":5}},{"start":{},"end":{}}],"line":59},"3":{"loc":{"start":{"line":74,"column":4},"end":{"line":82,"column":5}},"type":"if","locations":[{"start":{"line":74,"column":4},"end":{"line":82,"column":5}},{"start":{},"end":{}}],"line":74},"4":{"loc":{"start":{"line":74,"column":8},"end":{"line":74,"column":40}},"type":"binary-expr","locations":[{"start":{"line":74,"column":8},"end":{"line":74,"column":23}},{"start":{"line":74,"column":27},"end":{"line":74,"column":40}}],"line":74},"5":{"loc":{"start":{"line":76,"column":8},"end":{"line":79,"column":9}},"type":"if","locations":[{"start":{"line":76,"column":8},"end":{"line":79,"column":9}},{"start":{},"end":{}}],"line":76},"6":{"loc":{"start":{"line":85,"column":4},"end":{"line":88,"column":5}},"type":"if","locations":[{"start":{"line":85,"column":4},"end":{"line":88,"column":5}},{"start":{},"end":{}}],"line":85},"7":{"loc":{"start":{"line":85,"column":8},"end":{"line":85,"column":70}},"type":"binary-expr","locations":[{"start":{"line":85,"column":8},"end":{"line":85,"column":29}},{"start":{"line":85,"column":33},"end":{"line":85,"column":70}}],"line":85},"8":{"loc":{"start":{"line":91,"column":4},"end":{"line":94,"column":5}},"type":"if","locations":[{"start":{"line":91,"column":4},"end":{"line":94,"column":5}},{"start":{},"end":{}}],"line":91},"9":{"loc":{"start":{"line":98,"column":4},"end":{"line":102,"column":5}},"type":"if","locations":[{"start":{"line":98,"column":4},"end":{"line":102,"column":5}},{"start":{"line":100,"column":11},"end":{"line":102,"column":5}}],"line":98},"10":{"loc":{"start":{"line":134,"column":4},"end":{"line":137,"column":5}},"type":"if","locations":[{"start":{"line":134,"column":4},"end":{"line":137,"column":5}},{"start":{},"end":{}}],"line":134},"11":{"loc":{"start":{"line":165,"column":4},"end":{"line":181,"column":5}},"type":"if","locations":[{"start":{"line":165,"column":4},"end":{"line":181,"column":5}},{"start":{"line":178,"column":11},"end":{"line":181,"column":5}}],"line":165},"12":{"loc":{"start":{"line":167,"column":29},"end":{"line":167,"column":71}},"type":"binary-expr","locations":[{"start":{"line":167,"column":29},"end":{"line":167,"column":49}},{"start":{"line":167,"column":53},"end":{"line":167,"column":71}}],"line":167},"13":{"loc":{"start":{"line":168,"column":28},"end":{"line":168,"column":68}},"type":"binary-expr","locations":[{"start":{"line":168,"column":28},"end":{"line":168,"column":47}},{"start":{"line":168,"column":51},"end":{"line":168,"column":68}}],"line":168},"14":{"loc":{"start":{"line":169,"column":26},"end":{"line":169,"column":62}},"type":"binary-expr","locations":[{"start":{"line":169,"column":26},"end":{"line":169,"column":43}},{"start":{"line":169,"column":47},"end":{"line":169,"column":62}}],"line":169},"15":{"loc":{"start":{"line":192,"column":4},"end":{"line":209,"column":5}},"type":"if","locations":[{"start":{"line":192,"column":4},"end":{"line":209,"column":5}},{"start":{"line":206,"column":11},"end":{"line":209,"column":5}}],"line":192},"16":{"loc":{"start":{"line":196,"column":8},"end":{"line":199,"column":9}},"type":"if","locations":[{"start":{"line":196,"column":8},"end":{"line":199,"column":9}},{"start":{},"end":{}}],"line":196}},"s":{"0":10,"1":2,"2":2,"3":2,"4":2,"5":2,"6":10,"7":2,"8":2,"9":1,"10":1,"11":1,"12":10,"13":13,"14":13,"15":13,"16":1,"17":1,"18":12,"19":1,"20":1,"21":11,"22":11,"23":11,"24":11,"25":11,"26":4,"27":3,"28":3,"29":4,"30":4,"31":7,"32":1,"33":1,"34":6,"35":2,"36":2,"37":4,"38":4,"39":3,"40":1,"41":4,"42":10,"43":4,"44":4,"45":4,"46":1,"47":1,"48":3,"49":3,"50":10,"51":2,"52":2,"53":1,"54":1,"55":1,"56":1,"57":1,"58":1,"59":1,"60":10,"61":4,"62":4,"63":3,"64":3,"65":1,"66":1,"67":2,"68":2,"69":1,"70":1,"71":10,"72":2,"73":2,"74":2,"75":2,"76":2},"f":{"0":2,"1":2,"2":13,"3":4,"4":2,"5":4,"6":2},"b":{"0":[1,1],"1":[1,12],"2":[1,11],"3":[4,7],"4":[11,10],"5":[3,1],"6":[1,6],"7":[7,7],"8":[2,4],"9":[3,1],"10":[1,3],"11":[1,1],"12":[1,1],"13":[1,1],"14":[1,1],"15":[3,1],"16":[1,2]},"inputSourceMap":null,"_coverageSchema":"1a1c01bbd47fc00a2c39e90264f33305004495a9","hash":"c1b566ea9d05c802e8cab8345452152f0438759c"}
,"C:\\Users\\Hoquo\\OneDrive\\Desktop\\KTPM_doan\\ktpm-doan-nhom\\backend\\src\\controllers\\orderController.js": {"path":"C:\\Users\\Hoquo\\OneDrive\\Desktop\\KTPM_doan\\ktpm-doan-nhom\\backend\\src\\controllers\\orderController.js","statementMap":{"0":{"start":{"line":12,"column":27},"end":{"line":84,"column":2}},"1":{"start":{"line":22,"column":8},"end":{"line":22,"column":16}},"2":{"start":{"line":24,"column":4},"end":{"line":27,"column":5}},"3":{"start":{"line":25,"column":8},"end":{"line":25,"column":24}},"4":{"start":{"line":26,"column":8},"end":{"line":26,"column":60}},"5":{"start":{"line":30,"column":4},"end":{"line":40,"column":5}},"6":{"start":{"line":31,"column":21},"end":{"line":31,"column":51}},"7":{"start":{"line":32,"column":8},"end":{"line":35,"column":9}},"8":{"start":{"line":33,"column":12},"end":{"line":33,"column":28}},"9":{"start":{"line":34,"column":12},"end":{"line":34,"column":66}},"10":{"start":{"line":36,"column":8},"end":{"line":39,"column":9}},"11":{"start":{"line":37,"column":12},"end":{"line":37,"column":28}},"12":{"start":{"line":38,"column":12},"end":{"line":38,"column":80}},"13":{"start":{"line":43,"column":18},"end":{"line":62,"column":6}},"14":{"start":{"line":45,"column":44},"end":{"line":51,"column":9}},"15":{"start":{"line":64,"column":25},"end":{"line":64,"column":43}},"16":{"start":{"line":67,"column":4},"end":{"line":73,"column":5}},"17":{"start":{"line":68,"column":23},"end":{"line":68,"column":65}},"18":{"start":{"line":69,"column":8},"end":{"line":72,"column":9}},"19":{"start":{"line":70,"column":12},"end":{"line":70,"column":59}},"20":{"start":{"line":71,"column":12},"end":{"line":71,"column":32}},"21":{"start":{"line":80,"column":4},"end":{"line":83,"column":7}},"22":{"start":{"line":91,"column":28},"end":{"line":109,"column":2}},"23":{"start":{"line":92,"column":18},"end":{"line":92,"column":84}},"24":{"start":{"line":94,"column":4},"end":{"line":108,"column":5}},"25":{"start":{"line":96,"column":8},"end":{"line":99,"column":9}},"26":{"start":{"line":97,"column":12},"end":{"line":97,"column":28}},"27":{"start":{"line":98,"column":12},"end":{"line":98,"column":68}},"28":{"start":{"line":101,"column":8},"end":{"line":104,"column":11}},"29":{"start":{"line":106,"column":8},"end":{"line":106,"column":24}},"30":{"start":{"line":107,"column":8},"end":{"line":107,"column":51}},"31":{"start":{"line":116,"column":27},"end":{"line":123,"column":2}},"32":{"start":{"line":117,"column":19},"end":{"line":117,"column":83}},"33":{"start":{"line":119,"column":4},"end":{"line":122,"column":7}},"34":{"start":{"line":130,"column":25},"end":{"line":252,"column":2}},"35":{"start":{"line":131,"column":21},"end":{"line":131,"column":50}},"36":{"start":{"line":132,"column":17},"end":{"line":132,"column":44}},"37":{"start":{"line":133,"column":19},"end":{"line":133,"column":35}},"38":{"start":{"line":134,"column":20},"end":{"line":134,"column":37}},"39":{"start":{"line":135,"column":22},"end":{"line":135,"column":41}},"40":{"start":{"line":136,"column":20},"end":{"line":136,"column":37}},"41":{"start":{"line":137,"column":21},"end":{"line":137,"column":39}},"42":{"start":{"line":138,"column":21},"end":{"line":138,"column":39}},"43":{"start":{"line":140,"column":21},"end":{"line":140,"column":23}},"44":{"start":{"line":143,"column":4},"end":{"line":150,"column":7}},"45":{"start":{"line":152,"column":4},"end":{"line":157,"column":7}},"46":{"start":{"line":160,"column":4},"end":{"line":164,"column":7}},"47":{"start":{"line":167,"column":28},"end":{"line":167,"column":30}},"48":{"start":{"line":169,"column":4},"end":{"line":171,"column":5}},"49":{"start":{"line":170,"column":8},"end":{"line":170,"column":40}},"50":{"start":{"line":173,"column":4},"end":{"line":181,"column":5}},"51":{"start":{"line":174,"column":8},"end":{"line":180,"column":10}},"52":{"start":{"line":184,"column":4},"end":{"line":195,"column":5}},"53":{"start":{"line":185,"column":8},"end":{"line":185,"column":39}},"54":{"start":{"line":186,"column":8},"end":{"line":188,"column":9}},"55":{"start":{"line":187,"column":12},"end":{"line":187,"column":65}},"56":{"start":{"line":189,"column":8},"end":{"line":194,"column":9}},"57":{"start":{"line":191,"column":24},"end":{"line":191,"column":41}},"58":{"start":{"line":192,"column":12},"end":{"line":192,"column":42}},"59":{"start":{"line":193,"column":12},"end":{"line":193,"column":49}},"60":{"start":{"line":198,"column":4},"end":{"line":202,"column":5}},"61":{"start":{"line":199,"column":8},"end":{"line":199,"column":40}},"62":{"start":{"line":200,"column":8},"end":{"line":200,"column":73}},"63":{"start":{"line":200,"column":22},"end":{"line":200,"column":73}},"64":{"start":{"line":201,"column":8},"end":{"line":201,"column":73}},"65":{"start":{"line":201,"column":22},"end":{"line":201,"column":73}},"66":{"start":{"line":204,"column":4},"end":{"line":206,"column":5}},"67":{"start":{"line":205,"column":8},"end":{"line":205,"column":51}},"68":{"start":{"line":209,"column":4},"end":{"line":209,"column":48}},"69":{"start":{"line":212,"column":4},"end":{"line":226,"column":7}},"70":{"start":{"line":228,"column":19},"end":{"line":228,"column":50}},"71":{"start":{"line":231,"column":4},"end":{"line":239,"column":5}},"72":{"start":{"line":232,"column":8},"end":{"line":238,"column":11}},"73":{"start":{"line":241,"column":21},"end":{"line":241,"column":95}},"74":{"start":{"line":242,"column":19},"end":{"line":242,"column":39}},"75":{"start":{"line":243,"column":18},"end":{"line":243,"column":47}},"76":{"start":{"line":245,"column":4},"end":{"line":251,"column":7}},"77":{"start":{"line":258,"column":33},"end":{"line":316,"column":2}},"78":{"start":{"line":259,"column":23},"end":{"line":259,"column":31}},"79":{"start":{"line":260,"column":18},"end":{"line":260,"column":53}},"80":{"start":{"line":262,"column":4},"end":{"line":315,"column":5}},"81":{"start":{"line":263,"column":26},"end":{"line":263,"column":38}},"82":{"start":{"line":264,"column":8},"end":{"line":264,"column":30}},"83":{"start":{"line":266,"column":8},"end":{"line":269,"column":9}},"84":{"start":{"line":267,"column":12},"end":{"line":267,"column":37}},"85":{"start":{"line":268,"column":12},"end":{"line":268,"column":43}},"86":{"start":{"line":272,"column":8},"end":{"line":284,"column":9}},"87":{"start":{"line":273,"column":12},"end":{"line":283,"column":13}},"88":{"start":{"line":274,"column":29},"end":{"line":274,"column":59}},"89":{"start":{"line":275,"column":16},"end":{"line":282,"column":17}},"90":{"start":{"line":276,"column":20},"end":{"line":279,"column":21}},"91":{"start":{"line":277,"column":24},"end":{"line":277,"column":40}},"92":{"start":{"line":278,"column":24},"end":{"line":278,"column":92}},"93":{"start":{"line":280,"column":20},"end":{"line":280,"column":48}},"94":{"start":{"line":281,"column":20},"end":{"line":281,"column":38}},"95":{"start":{"line":287,"column":8},"end":{"line":295,"column":9}},"96":{"start":{"line":288,"column":12},"end":{"line":294,"column":13}},"97":{"start":{"line":289,"column":29},"end":{"line":289,"column":59}},"98":{"start":{"line":290,"column":16},"end":{"line":293,"column":17}},"99":{"start":{"line":291,"column":20},"end":{"line":291,"column":48}},"100":{"start":{"line":292,"column":20},"end":{"line":292,"column":38}},"101":{"start":{"line":298,"column":8},"end":{"line":304,"column":9}},"102":{"start":{"line":299,"column":27},"end":{"line":299,"column":83}},"103":{"start":{"line":300,"column":12},"end":{"line":303,"column":13}},"104":{"start":{"line":301,"column":16},"end":{"line":301,"column":76}},"105":{"start":{"line":302,"column":16},"end":{"line":302,"column":36}},"106":{"start":{"line":306,"column":29},"end":{"line":306,"column":47}},"107":{"start":{"line":308,"column":8},"end":{"line":311,"column":11}},"108":{"start":{"line":313,"column":8},"end":{"line":313,"column":24}},"109":{"start":{"line":314,"column":8},"end":{"line":314,"column":51}},"110":{"start":{"line":323,"column":33},"end":{"line":345,"column":2}},"111":{"start":{"line":324,"column":18},"end":{"line":324,"column":53}},"112":{"start":{"line":326,"column":4},"end":{"line":344,"column":5}},"113":{"start":{"line":327,"column":8},"end":{"line":327,"column":28}},"114":{"start":{"line":328,"column":8},"end":{"line":328,"column":34}},"115":{"start":{"line":329,"column":8},"end":{"line":333,"column":10}},"116":{"start":{"line":335,"column":29},"end":{"line":335,"column":47}},"117":{"start":{"line":337,"column":8},"end":{"line":340,"column":11}},"118":{"start":{"line":342,"column":8},"end":{"line":342,"column":24}},"119":{"start":{"line":343,"column":8},"end":{"line":343,"column":51}},"120":{"start":{"line":352,"column":27},"end":{"line":402,"column":2}},"121":{"start":{"line":353,"column":18},"end":{"line":353,"column":53}},"122":{"start":{"line":355,"column":4},"end":{"line":358,"column":5}},"123":{"start":{"line":356,"column":8},"end":{"line":356,"column":24}},"124":{"start":{"line":357,"column":8},"end":{"line":357,"column":51}},"125":{"start":{"line":361,"column":4},"end":{"line":364,"column":5}},"126":{"start":{"line":362,"column":8},"end":{"line":362,"column":24}},"127":{"start":{"line":363,"column":8},"end":{"line":363,"column":59}},"128":{"start":{"line":367,"column":4},"end":{"line":370,"column":5}},"129":{"start":{"line":368,"column":8},"end":{"line":368,"column":24}},"130":{"start":{"line":369,"column":8},"end":{"line":369,"column":79}},"131":{"start":{"line":372,"column":22},"end":{"line":372,"column":34}},"132":{"start":{"line":373,"column":4},"end":{"line":373,"column":31}},"133":{"start":{"line":374,"column":4},"end":{"line":374,"column":47}},"134":{"start":{"line":377,"column":4},"end":{"line":385,"column":5}},"135":{"start":{"line":378,"column":8},"end":{"line":384,"column":9}},"136":{"start":{"line":379,"column":25},"end":{"line":379,"column":55}},"137":{"start":{"line":380,"column":12},"end":{"line":383,"column":13}},"138":{"start":{"line":381,"column":16},"end":{"line":381,"column":44}},"139":{"start":{"line":382,"column":16},"end":{"line":382,"column":34}},"140":{"start":{"line":388,"column":4},"end":{"line":394,"column":5}},"141":{"start":{"line":389,"column":23},"end":{"line":389,"column":79}},"142":{"start":{"line":390,"column":8},"end":{"line":393,"column":9}},"143":{"start":{"line":391,"column":12},"end":{"line":391,"column":72}},"144":{"start":{"line":392,"column":12},"end":{"line":392,"column":32}},"145":{"start":{"line":396,"column":25},"end":{"line":396,"column":43}},"146":{"start":{"line":398,"column":4},"end":{"line":401,"column":7}},"147":{"start":{"line":409,"column":27},"end":{"line":444,"column":2}},"148":{"start":{"line":410,"column":18},"end":{"line":410,"column":53}},"149":{"start":{"line":412,"column":4},"end":{"line":415,"column":5}},"150":{"start":{"line":413,"column":8},"end":{"line":413,"column":24}},"151":{"start":{"line":414,"column":8},"end":{"line":414,"column":51}},"152":{"start":{"line":418,"column":4},"end":{"line":421,"column":5}},"153":{"start":{"line":419,"column":8},"end":{"line":419,"column":24}},"154":{"start":{"line":420,"column":8},"end":{"line":420,"column":56}},"155":{"start":{"line":423,"column":22},"end":{"line":423,"column":34}},"156":{"start":{"line":424,"column":4},"end":{"line":424,"column":30}},"157":{"start":{"line":425,"column":4},"end":{"line":425,"column":47}},"158":{"start":{"line":428,"column":4},"end":{"line":436,"column":5}},"159":{"start":{"line":429,"column":8},"end":{"line":435,"column":9}},"160":{"start":{"line":430,"column":25},"end":{"line":430,"column":55}},"161":{"start":{"line":431,"column":12},"end":{"line":434,"column":13}},"162":{"start":{"line":432,"column":16},"end":{"line":432,"column":44}},"163":{"start":{"line":433,"column":16},"end":{"line":433,"column":34}},"164":{"start":{"line":438,"column":25},"end":{"line":438,"column":43}},"165":{"start":{"line":440,"column":4},"end":{"line":443,"column":7}},"166":{"start":{"line":451,"column":34},"end":{"line":480,"column":2}},"167":{"start":{"line":452,"column":21},"end":{"line":474,"column":6}},"168":{"start":{"line":476,"column":4},"end":{"line":479,"column":7}},"169":{"start":{"line":487,"column":28},"end":{"line":527,"column":2}},"170":{"start":{"line":488,"column":22},"end":{"line":521,"column":6}},"171":{"start":{"line":523,"column":4},"end":{"line":526,"column":7}}},"fnMap":{"0":{"name":"(anonymous_0)","decl":{"start":{"line":12,"column":40},"end":{"line":12,"column":41}},"loc":{"start":{"line":12,"column":60},"end":{"line":84,"column":1}},"line":12},"1":{"name":"(anonymous_1)","decl":{"start":{"line":45,"column":35},"end":{"line":45,"column":36}},"loc":{"start":{"line":45,"column":44},"end":{"line":51,"column":9}},"line":45},"2":{"name":"(anonymous_2)","decl":{"start":{"line":91,"column":41},"end":{"line":91,"column":42}},"loc":{"start":{"line":91,"column":61},"end":{"line":109,"column":1}},"line":91},"3":{"name":"(anonymous_3)","decl":{"start":{"line":116,"column":40},"end":{"line":116,"column":41}},"loc":{"start":{"line":116,"column":60},"end":{"line":123,"column":1}},"line":116},"4":{"name":"(anonymous_4)","decl":{"start":{"line":130,"column":38},"end":{"line":130,"column":39}},"loc":{"start":{"line":130,"column":58},"end":{"line":252,"column":1}},"line":130},"5":{"name":"(anonymous_5)","decl":{"start":{"line":258,"column":46},"end":{"line":258,"column":47}},"loc":{"start":{"line":258,"column":66},"end":{"line":316,"column":1}},"line":258},"6":{"name":"(anonymous_6)","decl":{"start":{"line":323,"column":46},"end":{"line":323,"column":47}},"loc":{"start":{"line":323,"column":66},"end":{"line":345,"column":1}},"line":323},"7":{"name":"(anonymous_7)","decl":{"start":{"line":352,"column":40},"end":{"line":352,"column":41}},"loc":{"start":{"line":352,"column":60},"end":{"line":402,"column":1}},"line":352},"8":{"name":"(anonymous_8)","decl":{"start":{"line":409,"column":40},"end":{"line":409,"column":41}},"loc":{"start":{"line":409,"column":60},"end":{"line":444,"column":1}},"line":409},"9":{"name":"(anonymous_9)","decl":{"start":{"line":451,"column":47},"end":{"line":451,"column":48}},"loc":{"start":{"line":451,"column":67},"end":{"line":480,"column":1}},"line":451},"10":{"name":"(anonymous_10)","decl":{"start":{"line":487,"column":41},"end":{"line":487,"column":42}},"loc":{"start":{"line":487,"column":61},"end":{"line":527,"column":1}},"line":487}},"branchMap":{"0":{"loc":{"start":{"line":24,"column":4},"end":{"line":27,"column":5}},"type":"if","locations":[{"start":{"line":24,"column":4},"end":{"line":27,"column":5}},{"start":{},"end":{}}],"line":24},"1":{"loc":{"start":{"line":24,"column":8},"end":{"line":24,"column":46}},"type":"binary-expr","locations":[{"start":{"line":24,"column":8},"end":{"line":24,"column":19}},{"start":{"line":24,"column":23},"end":{"line":24,"column":46}}],"line":24},"2":{"loc":{"start":{"line":32,"column":8},"end":{"line":35,"column":9}},"type":"if","locations":[{"start":{"line":32,"column":8},"end":{"line":35,"column":9}},{"start":{},"end":{}}],"line":32},"3":{"loc":{"start":{"line":36,"column":8},"end":{"line":39,"column":9}},"type":"if","locations":[{"start":{"line":36,"column":8},"end":{"line":39,"column":9}},{"start":{},"end":{}}],"line":36},"4":{"loc":{"start":{"line":56,"column":24},"end":{"line":56,"column":43}},"type":"binary-expr","locations":[{"start":{"line":56,"column":24},"end":{"line":56,"column":38}},{"start":{"line":56,"column":42},"end":{"line":56,"column":43}}],"line":56},"5":{"loc":{"start":{"line":59,"column":18},"end":{"line":59,"column":34}},"type":"binary-expr","locations":[{"start":{"line":59,"column":18},"end":{"line":59,"column":28}},{"start":{"line":59,"column":32},"end":{"line":59,"column":34}}],"line":59},"6":{"loc":{"start":{"line":60,"column":28},"end":{"line":60,"column":47}},"type":"binary-expr","locations":[{"start":{"line":60,"column":28},"end":{"line":60,"column":42}},{"start":{"line":60,"column":46},"end":{"line":60,"column":47}}],"line":60},"7":{"loc":{"start":{"line":67,"column":4},"end":{"line":73,"column":5}},"type":"if","locations":[{"start":{"line":67,"column":4},"end":{"line":73,"column":5}},{"start":{},"end":{}}],"line":67},"8":{"loc":{"start":{"line":69,"column":8},"end":{"line":72,"column":9}},"type":"if","locations":[{"start":{"line":69,"column":8},"end":{"line":72,"column":9}},{"start":{},"end":{}}],"line":69},"9":{"loc":{"start":{"line":70,"column":32},"end":{"line":70,"column":53}},"type":"binary-expr","locations":[{"start":{"line":70,"column":32},"end":{"line":70,"column":48}},{"start":{"line":70,"column":52},"end":{"line":70,"column":53}}],"line":70},"10":{"loc":{"start":{"line":94,"column":4},"end":{"line":108,"column":5}},"type":"if","locations":[{"start":{"line":94,"column":4},"end":{"line":108,"column":5}},{"start":{"line":105,"column":11},"end":{"line":108,"column":5}}],"line":94},"11":{"loc":{"start":{"line":96,"column":8},"end":{"line":99,"column":9}},"type":"if","locations":[{"start":{"line":96,"column":8},"end":{"line":99,"column":9}},{"start":{},"end":{}}],"line":96},"12":{"loc":{"start":{"line":96,"column":12},"end":{"line":96,"column":94}},"type":"binary-expr","locations":[{"start":{"line":96,"column":12},"end":{"line":96,"column":65}},{"start":{"line":96,"column":69},"end":{"line":96,"column":94}}],"line":96},"13":{"loc":{"start":{"line":131,"column":21},"end":{"line":131,"column":50}},"type":"binary-expr","locations":[{"start":{"line":131,"column":21},"end":{"line":131,"column":44}},{"start":{"line":131,"column":48},"end":{"line":131,"column":50}}],"line":131},"14":{"loc":{"start":{"line":132,"column":17},"end":{"line":132,"column":44}},"type":"binary-expr","locations":[{"start":{"line":132,"column":17},"end":{"line":132,"column":39}},{"start":{"line":132,"column":43},"end":{"line":132,"column":44}}],"line":132},"15":{"loc":{"start":{"line":169,"column":4},"end":{"line":171,"column":5}},"type":"if","locations":[{"start":{"line":169,"column":4},"end":{"line":171,"column":5}},{"start":{},"end":{}}],"line":169},"16":{"loc":{"start":{"line":173,"column":4},"end":{"line":181,"column":5}},"type":"if","locations":[{"start":{"line":173,"column":4},"end":{"line":181,"column":5}},{"start":{},"end":{}}],"line":173},"17":{"loc":{"start":{"line":184,"column":4},"end":{"line":195,"column":5}},"type":"if","locations":[{"start":{"line":184,"column":4},"end":{"line":195,"column":5}},{"start":{},"end":{}}],"line":184},"18":{"loc":{"start":{"line":184,"column":8},"end":{"line":184,"column":28}},"type":"binary-expr","locations":[{"start":{"line":184,"column":8},"end":{"line":184,"column":17}},{"start":{"line":184,"column":21},"end":{"line":184,"column":28}}],"line":184},"19":{"loc":{"start":{"line":186,"column":8},"end":{"line":188,"column":9}},"type":"if","locations":[{"start":{"line":186,"column":8},"end":{"line":188,"column":9}},{"start":{},"end":{}}],"line":186},"20":{"loc":{"start":{"line":189,"column":8},"end":{"line":194,"column":9}},"type":"if","locations":[{"start":{"line":189,"column":8},"end":{"line":194,"column":9}},{"start":{},"end":{}}],"line":189},"21":{"loc":{"start":{"line":198,"column":4},"end":{"line":202,"column":5}},"type":"if","locations":[{"start":{"line":198,"column":4},"end":{"line":202,"column":5}},{"start":{},"end":{}}],"line":198},"22":{"loc":{"start":{"line":198,"column":8},"end":{"line":198,"column":28}},"type":"binary-expr","locations":[{"start":{"line":198,"column":8},"end":{"line":198,"column":16}},{"start":{"line":198,"column":20},"end":{"line":198,"column":28}}],"line":198},"23":{"loc":{"start":{"line":200,"column":8},"end":{"line":200,"column":73}},"type":"if","locations":[{"start":{"line":200,"column":8},"end":{"line":200,"column":73}},{"start":{},"end":{}}],"line":200},"24":{"loc":{"start":{"line":201,"column":8},"end":{"line":201,"column":73}},"type":"if","locations":[{"start":{"line":201,"column":8},"end":{"line":201,"column":73}},{"start":{},"end":{}}],"line":201},"25":{"loc":{"start":{"line":204,"column":4},"end":{"line":206,"column":5}},"type":"if","locations":[{"start":{"line":204,"column":4},"end":{"line":206,"column":5}},{"start":{},"end":{}}],"line":204},"26":{"loc":{"start":{"line":231,"column":4},"end":{"line":239,"column":5}},"type":"if","locations":[{"start":{"line":231,"column":4},"end":{"line":239,"column":5}},{"start":{},"end":{}}],"line":231},"27":{"loc":{"start":{"line":231,"column":8},"end":{"line":231,"column":52}},"type":"binary-expr","locations":[{"start":{"line":231,"column":8},"end":{"line":231,"column":15}},{"start":{"line":231,"column":19},"end":{"line":231,"column":38}},{"start":{"line":231,"column":42},"end":{"line":231,"column":52}}],"line":231},"28":{"loc":{"start":{"line":241,"column":21},"end":{"line":241,"column":95}},"type":"cond-expr","locations":[{"start":{"line":241,"column":67},"end":{"line":241,"column":88}},{"start":{"line":241,"column":91},"end":{"line":241,"column":95}}],"line":241},"29":{"loc":{"start":{"line":241,"column":21},"end":{"line":241,"column":64}},"type":"binary-expr","locations":[{"start":{"line":241,"column":21},"end":{"line":241,"column":39}},{"start":{"line":241,"column":43},"end":{"line":241,"column":64}}],"line":241},"30":{"loc":{"start":{"line":242,"column":19},"end":{"line":242,"column":39}},"type":"binary-expr","locations":[{"start":{"line":242,"column":19},"end":{"line":242,"column":33}},{"start":{"line":242,"column":37},"end":{"line":242,"column":39}}],"line":242},"31":{"loc":{"start":{"line":243,"column":18},"end":{"line":243,"column":47}},"type":"cond-expr","locations":[{"start":{"line":243,"column":29},"end":{"line":243,"column":43}},{"start":{"line":243,"column":46},"end":{"line":243,"column":47}}],"line":243},"32":{"loc":{"start":{"line":262,"column":4},"end":{"line":315,"column":5}},"type":"if","locations":[{"start":{"line":262,"column":4},"end":{"line":315,"column":5}},{"start":{"line":312,"column":11},"end":{"line":315,"column":5}}],"line":262},"33":{"loc":{"start":{"line":266,"column":8},"end":{"line":269,"column":9}},"type":"if","locations":[{"start":{"line":266,"column":8},"end":{"line":269,"column":9}},{"start":{},"end":{}}],"line":266},"34":{"loc":{"start":{"line":272,"column":8},"end":{"
[...]
6":{"start":{"line":25,"column":12},"end":{"line":28,"column":13}},"7":{"start":{"line":26,"column":16},"end":{"line":26,"column":32}},"8":{"start":{"line":27,"column":16},"end":{"line":27,"column":61}},"9":{"start":{"line":30,"column":12},"end":{"line":33,"column":13}},"10":{"start":{"line":31,"column":16},"end":{"line":31,"column":32}},"11":{"start":{"line":32,"column":16},"end":{"line":32,"column":64}},"12":{"start":{"line":35,"column":12},"end":{"line":35,"column":19}},"13":{"start":{"line":37,"column":12},"end":{"line":37,"column":33}},"14":{"start":{"line":38,"column":12},"end":{"line":38,"column":28}},"15":{"start":{"line":39,"column":12},"end":{"line":39,"column":102}},"16":{"start":{"line":43,"column":4},"end":{"line":46,"column":5}},"17":{"start":{"line":44,"column":8},"end":{"line":44,"column":24}},"18":{"start":{"line":45,"column":8},"end":{"line":45,"column":67}}},"fnMap":{"0":{"name":"(anonymous_0)","decl":{"start":{"line":8,"column":36},"end":{"line":8,"column":37}},"loc":{"start":{"line":8,"column":62},"end":{"line":47,"column":1}},"line":8}},"branchMap":{"0":{"loc":{"start":{"line":11,"column":4},"end":{"line":41,"column":5}},"type":"if","locations":[{"start":{"line":11,"column":4},"end":{"line":41,"column":5}},{"start":{},"end":{}}],"line":11},"1":{"loc":{"start":{"line":12,"column":8},"end":{"line":13,"column":54}},"type":"binary-expr","locations":[{"start":{"line":12,"column":8},"end":{"line":12,"column":33}},{"start":{"line":13,"column":8},"end":{"line":13,"column":54}}],"line":12},"2":{"loc":{"start":{"line":25,"column":12},"end":{"line":28,"column":13}},"type":"if","locations":[{"start":{"line":25,"column":12},"end":{"line":28,"column":13}},{"start":{},"end":{}}],"line":25},"3":{"loc":{"start":{"line":30,"column":12},"end":{"line":33,"column":13}},"type":"if","locations":[{"start":{"line":30,"column":12},"end":{"line":33,"column":13}},{"start":{},"end":{}}],"line":30},"4":{"loc":{"start":{"line":43,"column":4},"end":{"line":46,"column":5}},"type":"if","locations":[{"start":{"line":43,"column":4},"end":{"line":46,"column":5}},{"start":{},"end":{}}],"line":43}},"s":{"0":10,"1":63,"2":60,"3":60,"4":60,"5":58,"6":58,"7":1,"8":1,"9":57,"10":0,"11":0,"12":57,"13":3,"14":3,"15":3,"16":60,"17":3,"18":3},"f":{"0":63},"b":{"0":[60,3],"1":[63,61],"2":[1,57],"3":[0,57],"4":[3,57]},"inputSourceMap":null,"_coverageSchema":"1a1c01bbd47fc00a2c39e90264f33305004495a9","hash":"ccd79847d5be7ef7e940a1f95fb0ccc0d5bca6e1"}
,"C:\\Users\\Hoquo\\OneDrive\\Desktop\\KTPM_doan\\ktpm-doan-nhom\\backend\\src\\middlewares\\errorMiddleware.js": {"path":"C:\\Users\\Hoquo\\OneDrive\\Desktop\\KTPM_doan\\ktpm-doan-nhom\\backend\\src\\middlewares\\errorMiddleware.js","statementMap":{"0":{"start":{"line":4,"column":24},"end":{"line":8,"column":1}},"1":{"start":{"line":5,"column":18},"end":{"line":5,"column":61}},"2":{"start":{"line":6,"column":4},"end":{"line":6,"column":20}},"3":{"start":{"line":7,"column":4},"end":{"line":7,"column":16}},"4":{"start":{"line":10,"column":28},"end":{"line":18,"column":1}},"5":{"start":{"line":11,"column":23},"end":{"line":11,"column":68}},"6":{"start":{"line":13,"column":4},"end":{"line":17,"column":7}}},"fnMap":{"0":{"name":"(anonymous_0)","decl":{"start":{"line":4,"column":24},"end":{"line":4,"column":25}},"loc":{"start":{"line":4,"column":44},"end":{"line":8,"column":1}},"line":4},"1":{"name":"(anonymous_1)","decl":{"start":{"line":10,"column":28},"end":{"line":10,"column":29}},"loc":{"start":{"line":10,"column":53},"end":{"line":18,"column":1}},"line":10}},"branchMap":{"0":{"loc":{"start":{"line":11,"column":23},"end":{"line":11,"column":68}},"type":"cond-expr","locations":[{"start":{"line":11,"column":48},"end":{"line":11,"column":51}},{"start":{"line":11,"column":54},"end":{"line":11,"column":68}}],"line":11},"1":{"loc":{"start":{"line":16,"column":15},"end":{"line":16,"column":71}},"type":"cond-expr","locations":[{"start":{"line":16,"column":55},"end":{"line":16,"column":59}},{"start":{"line":16,"column":62},"end":{"line":16,"column":71}}],"line":16}},"s":{"0":10,"1":1,"2":1,"3":1,"4":10,"5":24,"6":24},"f":{"0":1,"1":24},"b":{"0":[1,23],"1":[1,23]},"inputSourceMap":null,"_coverageSchema":"1a1c01bbd47fc00a2c39e90264f33305004495a9","hash":"df3893dd2d03bd04b22a1f43677906543a8c8802"}
,"C:\\Users\\Hoquo\\OneDrive\\Desktop\\KTPM_doan\\ktpm-doan-nhom\\backend\\src\\middlewares\\uploadMiddleware.js": {"path":"C:\\Users\\Hoquo\\OneDrive\\Desktop\\KTPM_doan\\ktpm-doan-nhom\\backend\\src\\middlewares\\uploadMiddleware.js","statementMap":{"0":{"start":{"line":4,"column":16},"end":{"line":4,"column":38}},"1":{"start":{"line":7,"column":19},"end":{"line":14,"column":1}},"2":{"start":{"line":9,"column":4},"end":{"line":13,"column":5}},"3":{"start":{"line":10,"column":8},"end":{"line":10,"column":23}},"4":{"start":{"line":12,"column":8},"end":{"line":12,"column":56}},"5":{"start":{"line":17,"column":15},"end":{"line":23,"column":2}}},"fnMap":{"0":{"name":"(anonymous_0)","decl":{"start":{"line":7,"column":19},"end":{"line":7,"column":20}},"loc":{"start":{"line":7,"column":38},"end":{"line":14,"column":1}},"line":7}},"branchMap":{"0":{"loc":{"start":{"line":9,"column":4},"end":{"line":13,"column":5}},"type":"if","locations":[{"start":{"line":9,"column":4},"end":{"line":13,"column":5}},{"start":{"line":11,"column":11},"end":{"line":13,"column":5}}],"line":9}},"s":{"0":13,"1":13,"2":2,"3":1,"4":1,"5":13},"f":{"0":2},"b":{"0":[1,1]},"inputSourceMap":null,"_coverageSchema":"1a1c01bbd47fc00a2c39e90264f33305004495a9","hash":"a0ee1f7cd5ba50eb495e0bbf527dbc15e7188ca3"}
,"C:\\Users\\Hoquo\\OneDrive\\Desktop\\KTPM_doan\\ktpm-doan-nhom\\backend\\src\\models\\Book.js": {"path":"C:\\Users\\Hoquo\\OneDrive\\Desktop\\KTPM_doan\\ktpm-doan-nhom\\backend\\src\\models\\Book.js","statementMap":{"0":{"start":{"line":3,"column":19},"end":{"line":79,"column":1}},"1":{"start":{"line":83,"column":0},"end":{"line":86,"column":3}},"2":{"start":{"line":88,"column":13},"end":{"line":88,"column":47}}},"fnMap":{},"branchMap":{},"s":{"0":9,"1":9,"2":9},"f":{},"b":{},"inputSourceMap":null,"_coverageSchema":"1a1c01bbd47fc00a2c39e90264f33305004495a9","hash":"a1cee943b4cbba3f0f5c43cf3746f910fce25a28"}
,"C:\\Users\\Hoquo\\OneDrive\\Desktop\\KTPM_doan\\ktpm-doan-nhom\\backend\\src\\models\\Cart.js": {"path":"C:\\Users\\Hoquo\\OneDrive\\Desktop\\KTPM_doan\\ktpm-doan-nhom\\backend\\src\\models\\Cart.js","statementMap":{"0":{"start":{"line":3,"column":23},"end":{"line":28,"column":2}},"1":{"start":{"line":30,"column":19},"end":{"line":51,"column":1}},"2":{"start":{"line":54,"column":0},"end":{"line":58,"column":3}},"3":{"start":{"line":55,"column":4},"end":{"line":55,"column":79}},"4":{"start":{"line":55,"column":55},"end":{"line":55,"column":74}},"5":{"start":{"line":56,"column":4},"end":{"line":56,"column":92}},"6":{"start":{"line":56,"column":55},"end":{"line":56,"column":87}},"7":{"start":{"line":57,"column":4},"end":{"line":57,"column":11}},"8":{"start":{"line":60,"column":13},"end":{"line":60,"column":47}}},"fnMap":{"0":{"name":"(anonymous_0)","decl":{"start":{"line":54,"column":23},"end":{"line":54,"column":24}},"loc":{"start":{"line":54,"column":39},"end":{"line":58,"column":1}},"line":54},"1":{"name":"(anonymous_1)","decl":{"start":{"line":55,"column":40},"end":{"line":55,"column":41}},"loc":{"start":{"line":55,"column":55},"end":{"line":55,"column":74}},"line":55},"2":{"name":"(anonymous_2)","decl":{"start":{"line":56,"column":40},"end":{"line":56,"column":41}},"loc":{"start":{"line":56,"column":55},"end":{"line":56,"column":87}},"line":56}},"branchMap":{},"s":{"0":9,"1":9,"2":9,"3":17,"4":10,"5":17,"6":10,"7":17,"8":9},"f":{"0":17,"1":10,"2":10},"b":{},"inputSourceMap":null,"_coverageSchema":"1a1c01bbd47fc00a2c39e90264f33305004495a9","hash":"1f77bed009c3af4bdb0aa544eb43255dc55a11fa"}
,"C:\\Users\\Hoquo\\OneDrive\\Desktop\\KTPM_doan\\ktpm-doan-nhom\\backend\\src\\models\\Category.js": {"path":"C:\\Users\\Hoquo\\OneDrive\\Desktop\\KTPM_doan\\ktpm-doan-nhom\\backend\\src\\models\\Category.js","statementMap":{"0":{"start":{"line":3,"column":23},"end":{"line":23,"column":1}},"1":{"start":{"line":25,"column":17},"end":{"line":25,"column":59}}},"fnMap":{},"branchMap":{},"s":{"0":9,"1":9},"f":{},"b":{},"inputSourceMap":null,"_coverageSchema":"1a1c01bbd47fc00a2c39e90264f33305004495a9","hash":"2c30490b177d04a969e0ba074ebc94b05fa42318"}
,"C:\\Users\\Hoquo\\OneDrive\\Desktop\\KTPM_doan\\ktpm-doan-nhom\\backend\\src\\models\\Coupon.js": {"path":"C:\\Users\\Hoquo\\OneDrive\\Desktop\\KTPM_doan\\ktpm-doan-nhom\\backend\\src\\models\\Coupon.js","statementMap":{"0":{"start":{"line":3,"column":21},"end":{"line":61,"column":1}},"1":{"start":{"line":63,"column":15},"end":{"line":63,"column":53}}},"fnMap":{},"branchMap":{},"s":{"0":9,"1":9},"f":{},"b":{},"inputSourceMap":null,"_coverageSchema":"1a1c01bbd47fc00a2c39e90264f33305004495a9","hash":"80aedb2588956e554ac4a326880709e6a2287977"}
,"C:\\Users\\Hoquo\\OneDrive\\Desktop\\KTPM_doan\\ktpm-doan-nhom\\backend\\src\\models\\Order.js": {"path":"C:\\Users\\Hoquo\\OneDrive\\Desktop\\KTPM_doan\\ktpm-doan-nhom\\backend\\src\\models\\Order.js","statementMap":{"0":{"start":{"line":3,"column":24},"end":{"line":27,"column":2}},"1":{"start":{"line":29,"column":30},"end":{"line":54,"column":2}},"2":{"start":{"line":56,"column":20},"end":{"line":135,"column":1}},"3":{"start":{"line":137,"column":14},"end":{"line":137,"column":50}}},"fnMap":{},"branchMap":{},"s":{"0":9,"1":9,"2":9,"3":9},"f":{},"b":{},"inputSourceMap":null,"_coverageSchema":"1a1c01bbd47fc00a2c39e90264f33305004495a9","hash":"01f7532153fe8e667f22a8ef815c5ed09b34d241"}
,"C:\\Users\\Hoquo\\OneDrive\\Desktop\\KTPM_doan\\ktpm-doan-nhom\\backend\\src\\models\\Review.js": {"path":"C:\\Users\\Hoquo\\OneDrive\\Desktop\\KTPM_doan\\ktpm-doan-nhom\\backend\\src\\models\\Review.js","statementMap":{"0":{"start":{"line":3,"column":21},"end":{"line":34,"column":1}},"1":{"start":{"line":37,"column":0},"end":{"line":37,"column":59}},"2":{"start":{"line":39,"column":15},"end":{"line":39,"column":53}}},"fnMap":{},"branchMap":{},"s":{"0":9,"1":9,"2":9},"f":{},"b":{},"inputSourceMap":null,"_coverageSchema":"1a1c01bbd47fc00a2c39e90264f33305004495a9","hash":"0e405198915bb6d0b7d4536abc3a9f17d194c2ca"}
,"C:\\Users\\Hoquo\\OneDrive\\Desktop\\KTPM_doan\\ktpm-doan-nhom\\backend\\src\\models\\User.js": {"path":"C:\\Users\\Hoquo\\OneDrive\\Desktop\\KTPM_doan\\ktpm-doan-nhom\\backend\\src\\models\\User.js","statementMap":{"0":{"start":{"line":4,"column":22},"end":{"line":29,"column":2}},"1":{"start":{"line":31,"column":19},"end":{"line":90,"column":1}},"2":{"start":{"line":57,"column":41},"end":{"line":57,"column":60}},"3":{"start":{"line":59,"column":38},"end":{"line":59,"column":57}},"4":{"start":{"line":61,"column":43},"end":{"line":61,"column":79}},"5":{"start":{"line":63,"column":20},"end":{"line":63,"column":71}},"6":{"start":{"line":93,"column":0},"end":{"line":99,"column":3}},"7":{"start":{"line":94,"column":4},"end":{"line":96,"column":5}},"8":{"start":{"line":95,"column":8},"end":{"line":95,"column":15}},"9":{"start":{"line":97,"column":17},"end":{"line":97,"column":41}},"10":{"start":{"line":98,"column":4},"end":{"line":98,"column":59}},"11":{"start":{"line":102,"column":0},"end":{"line":104,"column":2}},"12":{"start":{"line":103,"column":4},"end":{"line":103,"column":64}},"13":{"start":{"line":106,"column":13},"end":{"line":106,"column":47}}},"fnMap":{"0":{"name":"(anonymous_0)","decl":{"start":{"line":55,"column":27},"end":{"line":55,"column":28}},"loc":{"start":{"line":55,"column":44},"end":{"line":64,"column":17}},"line":55},"1":{"name":"(anonymous_1)","decl":{"start":{"line":93,"column":23},"end":{"line":93,"column":24}},"loc":{"start":{"line":93,"column":45},"end":{"line":99,"column":1}},"line":93},"2":{"name":"(anonymous_2)","decl":{"start":{"line":102,"column":35},"end":{"line":102,"column":36}},"loc":{"start":{"line":102,"column":68},"end":{"line":104,"column":1}},"line":102}},"branchMap":{"0":{"loc":{"start":{"line":63,"column":27},"end":{"line":63,"column":70}},"type":"binary-expr","locations":[{"start":{"line":63,"column":27},"end":{"line":63,"column":39}},{"start":{"line":63,"column":43},"end":{"line":63,"column":52}},{"start":{"line":63,"column":56},"end":{"line":63,"column":70}}],"line":63},"1":{"loc":{"start":{"line":94,"column":4},"end":{"line":96,"column":5}},"type":"if","locations":[{"start":{"line":94,"column":4},"end":{"line":96,"column":5}},{"start":{},"end":{}}],"line":94}},"s":{"0":9,"1":9,"2":112,"3":112,"4":112,"5":112,"6":9,"7":115,"8":3,"9":115,"10":115,"11":9,"12":6,"13":9},"f":{"0":112,"1":115,"2":6},"b":{"0":[112,112,112],"1":[3,112]},"inputSourceMap":null,"_coverageSchema":"1a1c01bbd47fc00a2c39e90264f33305004495a9","hash":"f378885b1cb269b7ce83b7c8bacaedda86c73de5"}
,"C:\\Users\\Hoquo\\OneDrive\\Desktop\\KTPM_doan\\ktpm-doan-nhom\\backend\\src\\utils\\cloudinaryUpload.js": {"path":"C:\\Users\\Hoquo\\OneDrive\\Desktop\\KTPM_doan\\ktpm-doan-nhom\\backend\\src\\utils\\cloudinaryUpload.js","statementMap":{"0":{"start":{"line":10,"column":34},"end":{"line":31,"column":1}},"1":{"start":{"line":11,"column":4},"end":{"line":30,"column":7}},"2":{"start":{"line":12,"column":29},"end":{"line":24,"column":9}},"3":{"start":{"line":18,"column":16},"end":{"line":22,"column":17}},"4":{"start":{"line":19,"column":20},"end":{"line":19,"column":34}},"5":{"start":{"line":21,"column":20},"end":{"line":21,"column":47}},"6":{"start":{"line":26,"column":31},"end":{"line":26,"column":45}},"7":{"start":{"line":27,"column":8},"end":{"line":27,"column":40}},"8":{"start":{"line":28,"column":8},"end":{"line":28,"column":34}},"9":{"start":{"line":29,"column":8},"end":{"line":29,"column":42}},"10":{"start":{"line":38,"column":36},"end":{"line":53,"column":1}},"11":{"start":{"line":39,"column":4},"end":{"line":52,"column":5}},"12":{"start":{"line":41,"column":22},"end":{"line":41,"column":41}},"13":{"start":{"line":42,"column":25},"end":{"line":42,"column":48}},"14":{"start":{"line":43,"column":25},"end":{"line":43,"column":47}},"15":{"start":{"line":44,"column":23},"end":{"line":44,"column":46}},"16":{"start":{"line":46,"column":29},"end":{"line":46,"column":52}},"17":{"start":{"line":48,"column":8},"end":{"line":48,"column":56}},"18":{"start":{"line":50,"column":8},"end":{"line":50,"column":64}},"19":{"start":{"line":51,"column":8},"end":{"line":51,"column":20}}},"fnMap":{"0":{"name":"(anonymous_0)","decl":{"start":{"line":10,"column":34},"end":{"line":10,"column":35}},"loc":{"start":{"line":10,"column":72},"end":{"line":31,"column":1}},"line":10},"1":{"name":"(anonymous_1)","decl":{"start":{"line":11,"column":23},"end":{"line":11,"column":24}},"loc":{"start":{"line":11,"column":44},"end":{"line":30,"column":5}},"line":11},"2":{"name":"(anonymous_2)","decl":{"start":{"line":17,"column":12},"end":{"line":17,"column":13}},"loc":{"start":{"line":17,"column":31},"end":{"line":23,"column":13}},"line":17},"3":{"name":"(anonymous_3)","decl":{"start":{"line":38,"column":36},"end":{"line":38,"column":37}},"loc":{"start":{"line":38,"column":56},"end":{"line":53,"column":1}},"line":38}},"branchMap":{"0":{"loc":{"start":{"line":10,"column":47},"end":{"line":10,"column":67}},"type":"default-arg","locations":[{"start":{"line":10,"column":56},"end":{"line":10,"column":67}}],"line":10},"1":{"loc":{"start":{"line":18,"column":16},"end":{"line":22,"column":17}},"type":"if","locations":[{"start":{"line":18,"column":16},"end":{"line":22,"column":17}},{"start":{"line":20,"column":23},"end":{"line":22,"column":17}}],"line":18}},"s":{"0":11,"1":3,"2":3,"3":3,"4":1,"5":2,"6":3,"7":3,"8":3,"9":3,"10":11,"11":3,"12":3,"13":3,"14":3,"15":3,"16":3,"17":3,"18":1,"19":1},"f":{"0":3,"1":3,"2":3,"3":3},"b":{"0":[2],"1":[1,2]},"inputSourceMap":null,"_coverageSchema":"1a1c01bbd47fc00a2c39e90264f33305004495a9","hash":"7a5cfa83727d0545eaef8c4283812936bf38e23b"}
,"C:\\Users\\Hoquo\\OneDrive\\Desktop\\KTPM_doan\\ktpm-doan-nhom\\backend\\src\\utils\\generateToken.js": {"path":"C:\\Users\\Hoquo\\OneDrive\\Desktop\\KTPM_doan\\ktpm-doan-nhom\\backend\\src\\utils\\generateToken.js","statementMap":{"0":{"start":{"line":3,"column":22},"end":{"line":7,"column":1}},"1":{"start":{"line":4,"column":4},"end":{"line":6,"column":7}}},"fnMap":{"0":{"name":"(anonymous_0)","decl":{"start":{"line":3,"column":22},"end":{"line":3,"column":23}},"loc":{"start":{"line":3,"column":30},"end":{"line":7,"column":1}},"line":3}},"branchMap":{"0":{"loc":{"start":{"line":5,"column":19},"end":{"line":5,"column":50}},"type":"binary-expr","locations":[{"start":{"line":5,"column":19},"end":{"line":5,"column":41}},{"start":{"line":5,"column":45},"end":{"line":5,"column":50}}],"line":5}},"s":{"0":10,"1":119},"f":{"0":119},"b":{"0":[119,114]},"inputSourceMap":null,"_coverageSchema":"1a1c01bbd47fc00a2c39e90264f33305004495a9","hash":"18dbee704e0e6e48c61098ffcc1cb5657c624e7f"}
,"C:\\Users\\Hoquo\\OneDrive\\Desktop\\KTPM_doan\\ktpm-doan-nhom\\backend\\src\\utils\\momoHelper.js": {"path":"C:\\Users\\Hoquo\\OneDrive\\Desktop\\KTPM_doan\\ktpm-doan-nhom\\backend\\src\\utils\\momoHelper.js","statementMap":{"0":{"start":{"line":10,"column":33},"end":{"line":57,"column":1}},"1":{"start":{"line":11,"column":50},"end":{"line":11,"column":59}},"2":{"start":{"line":13,"column":24},"end":{"line":13,"column":47}},"3":{"start":{"line":14,"column":22},"end":{"line":14,"column":43}},"4":{"start":{"line":15,"column":22},"end":{"line":15,"column":43}},"5":{"start":{"line":16,"column":21},"end":{"line":16,"column":41}},"6":{"start":{"line":17,"column":22},"end":{"line":17,"column":45}},"7":{"start":{"line":18,"column":19},"end":{"line":18,"column":37}},"8":{"start":{"line":20,"column":22},"end":{"line":20,"column":29}},"9":{"start":{"line":21,"column":24},"end":{"line":21,"column":39}},"10":{"start":{"line":22,"column":22},"end":{"line":22,"column":24}},"11":{"start":{"line":25,"column":25},"end":{"line":25,"column":257}},"12":{"start":{"line":27,"column":22},"end":{"line":30,"column":22}},"13":{"start":{"line":32,"column":24},"end":{"line":45,"column":5}},"14":{"start":{"line":47,"column":4},"end":{"line":47,"column":51}},"15":{"start":{"line":48,"column":4},"end":{"line":48,"column":55}},"16":{"start":{"line":50,"column":4},"end":{"line":56,"column":5}},"17":{"start":{"line":51,"column":25},"end":{"line":51,"column":64}},"18":{"start":{"line":52,"column":8},"end":{"line":52,"column":29}},"19":{"start":{"line":54,"column":8},"end":{"line":54,"column":52}},"20":{"start":{"line":55,"column":8},"end":{"line":55,"column":20}},"21":{"start":{"line":64,"column":35},"end":{"line":91,"column":1}},"22":{"start":{"line":79,"column":8},"end":{"line":79,"column":18}},"23":{"start":{"line":81,"column":22},"end":{"line":81,"column":43}},"24":{"start":{"line":83,"column":25},"end":{"line":83,"column":327}},"25":{"start":{"line":85,"column":30},"end":{"line":88,"column":22}},"26":{"start":{"line":90,"column":4},"end":{"line":90,"column":43}},"27":{"start":{"line":98,"column":31},"end":{"line":110,"column":1}},"28":{"start":{"line":99,"column":4},"end":{"line":109,"column":6}}},"fnMap":{"0":{"name":"(anonymous_0)","decl":{"start":{"line":10,"column":33},"end":{"line":10,"column":34}},"loc":{"start":{"line":10,"column":54},"end":{"line":57,"column":1}},"line":10},"1":{"name":"(anonymous_1)","decl":{"start":{"line":64,"column":35},"end":{"line":64,"column":36}},"loc":{"start":{"line":64,"column":51},"end":{"line":91,"column":1}},"line":64},"2":{"name":"(anonymous_2)","decl":{"start":{"line":98,"column":31},"end":{"line":98,"column":32}},"loc":{"start":{"line":98,"column":47},"end":{"line":110,"column":1}},"line":98}},"branchMap":{},"s":{"0":1,"1":3,"2":3,"3":3,"4":3,"5":3,"6":3,"7":3,"8":3,"9":3,"10":3,"11":3,"12":3,"13":3,"14":3,"15":3,"16":3,"17":3,"18":2,"19":1,"20":1,"21":1,"22":2,"23":2,"24":2,"25":2,"26":2,"27":1,"28":2},"f":{"0":3,"1":2,"2":2},"b":{},"inputSourceMap":null,"_coverageSchema":"1a1c01bbd47fc00a2c39e90264f33305004495a9","hash":"7f383e327b512b3a7b9f921c50f03755ef68b684"}
}
