{"C:\\Users\\Hoquo\\OneDrive\\Desktop\\KTPM_doan\\ktpm-doan-nhom\\backend\\src\\controllers\\authController.js": {"path":"C:\\Users\\Hoquo\\OneDrive\\Desktop\\KTPM_doan\\ktpm-doan-nhom\\backend\\src\\controllers\\authController.js","statementMap":{"0":{"start":{"line":10,"column":24},"end":{"line":44,"column":2}},"1":{"start":{"line":11,"column":38},"end":{"line":11,"column":46}},"2":{"start":{"line":14,"column":23},"end":{"line":14,"column":52}},"3":{"start":{"line":16,"column":4},"end":{"line":19,"column":5}},"4":{"start":{"line":17,"column":8},"end":{"line":17,"column":24}},"5":{"start":{"line":18,"column":8},"end":{"line":18,"column":49}},"6":{"start":{"line":22,"column":17},"end":{"line":26,"column":6}},"7":{"start":{"line":28,"column":4},"end":{"line":43,"column":5}},"8":{"start":{"line":29,"column":8},"end":{"line":39,"column":11}},"9":{"start":{"line":41,"column":8},"end":{"line":41,"column":24}},"10":{"start":{"line":42,"column":8},"end":{"line":42,"column":48}},"11":{"start":{"line":51,"column":21},"end":{"line":75,"column":2}},"12":{"start":{"line":52,"column":32},"end":{"line":52,"column":40}},"13":{"start":{"line":55,"column":17},"end":{"line":55,"column":66}},"14":{"start":{"line":57,"column":4},"end":{"line":74,"column":5}},"15":{"start":{"line":58,"column":8},"end":{"line":70,"column":11}},"16":{"start":{"line":72,"column":8},"end":{"line":72,"column":24}},"17":{"start":{"line":73,"column":8},"end":{"line":73,"column":58}},"18":{"start":{"line":82,"column":26},"end":{"line":102,"column":2}},"19":{"start":{"line":83,"column":17},"end":{"line":83,"column":50}},"20":{"start":{"line":85,"column":4},"end":{"line":101,"column":5}},"21":{"start":{"line":86,"column":8},"end":{"line":97,"column":11}},"22":{"start":{"line":99,"column":8},"end":{"line":99,"column":24}},"23":{"start":{"line":100,"column":8},"end":{"line":100,"column":53}},"24":{"start":{"line":109,"column":29},"end":{"line":145,"column":2}},"25":{"start":{"line":110,"column":17},"end":{"line":110,"column":50}},"26":{"start":{"line":112,"column":4},"end":{"line":144,"column":5}},"27":{"start":{"line":113,"column":8},"end":{"line":113,"column":47}},"28":{"start":{"line":114,"column":8},"end":{"line":114,"column":50}},"29":{"start":{"line":115,"column":8},"end":{"line":115,"column":53}},"30":{"start":{"line":118,"column":8},"end":{"line":120,"column":9}},"31":{"start":{"line":119,"column":12},"end":{"line":119,"column":48}},"32":{"start":{"line":122,"column":8},"end":{"line":124,"column":9}},"33":{"start":{"line":123,"column":12},"end":{"line":123,"column":46}},"34":{"start":{"line":126,"column":28},"end":{"line":126,"column":45}},"35":{"start":{"line":128,"column":8},"end":{"line":140,"column":11}},"36":{"start":{"line":142,"column":8},"end":{"line":142,"column":24}},"37":{"start":{"line":143,"column":8},"end":{"line":143,"column":53}}},"fnMap":{"0":{"name":"(anonymous_0)","decl":{"start":{"line":10,"column":37},"end":{"line":10,"column":38}},"loc":{"start":{"line":10,"column":57},"end":{"line":44,"column":1}},"line":10},"1":{"name":"(anonymous_1)","decl":{"start":{"line":51,"column":34},"end":{"line":51,"column":35}},"loc":{"start":{"line":51,"column":54},"end":{"line":75,"column":1}},"line":51},"2":{"name":"(anonymous_2)","decl":{"start":{"line":82,"column":39},"end":{"line":82,"column":40}},"loc":{"start":{"line":82,"column":59},"end":{"line":102,"column":1}},"line":82},"3":{"name":"(anonymous_3)","decl":{"start":{"line":109,"column":42},"end":{"line":109,"column":43}},"loc":{"start":{"line":109,"column":62},"end":{"line":145,"column":1}},"line":109}},"branchMap":{"0":{"loc":{"start":{"line":16,"column":4},"end":{"line":19,"column":5}},"type":"if","locations":[{"start":{"line":16,"column":4},"end":{"line":19,"column":5}},{"start":{},"end":{}}],"line":16},"1":{"loc":{"start":{"line":28,"column":4},"end":{"line":43,"column":5}},"type":"if","locations":[{"start":{"line":28,"column":4},"end":{"line":43,"column":5}},{"start":{"line":40,"column":11},"end":{"line":43,"column":5}}],"line":28},"2":{"loc":{"start":{"line":57,"column":4},"end":{"line":74,"column":5}},"type":"if","locations":[{"start":{"line":57,"column":4},"end":{"line":74,"column":5}},{"start":{"line":71,"column":11},"end":{"line":74,"column":5}}],"line":57},"3":{"loc":{"start":{"line":57,"column":8},"end":{"line":57,"column":52}},"type":"binary-expr","locations":[{"start":{"line":57,"column":8},"end":{"line":57,"column":12}},{"start":{"line":57,"column":17},"end":{"line":57,"column":51}}],"line":57},"4":{"loc":{"start":{"line":85,"column":4},"end":{"line":101,"column":5}},"type":"if","locations":[{"start":{"line":85,"column":4},"end":{"line":101,"column":5}},{"start":{"line":98,"column":11},"end":{"line":101,"column":5}}],"line":85},"5":{"loc":{"start":{"line":112,"column":4},"end":{"line":144,"column":5}},"type":"if","locations":[{"start":{"line":112,"column":4},"end":{"line":144,"column":5}},{"start":{"line":141,"column":11},"end":{"line":144,"column":5}}],"line":112},"6":{"loc":{"start":{"line":113,"column":20},"end":{"line":113,"column":46}},"type":"binary-expr","locations":[{"start":{"line":113,"column":20},"end":{"line":113,"column":33}},{"start":{"line":113,"column":37},"end":{"line":113,"column":46}}],"line":113},"7":{"loc":{"start":{"line":114,"column":21},"end":{"line":114,"column":49}},"type":"binary-expr","locations":[{"start":{"line":114,"column":21},"end":{"line":114,"column":35}},{"start":{"line":114,"column":39},"end":{"line":114,"column":49}}],"line":114},"8":{"loc":{"start":{"line":115,"column":22},"end":{"line":115,"column":52}},"type":"binary-expr","locations":[{"start":{"line":115,"column":22},"end":{"line":115,"column":37}},{"start":{"line":115,"column":41},"end":{"line":115,"column":52}}],"line":115},"9":{"loc":{"start":{"line":118,"column":8},"end":{"line":120,"column":9}},"type":"if","locations":[{"start":{"line":118,"column":8},"end":{"line":120,"column":9}},{"start":{},"end":{}}],"line":118},"10":{"loc":{"start":{"line":122,"column":8},"end":{"line":124,"column":9}},"type":"if","locations":[{"start":{"line":122,"column":8},"end":{"line":124,"column":9}},{"start":{},"end":{}}],"line":122}},"s":{"0":0,"1":0,"2":0,"3":0,"4":0,"5":0,"6":0,"7":0,"8":0,"9":0,"10":0,"11":0,"12":0,"13":0,"14":0,"15":0,"16":0,"17":0,"18":0,"19":0,"20":0,"21":0,"22":0,"23":0,"24":0,"25":0,"26":0,"27":0,"28":0,"29":0,"30":0,"31":0,"32":0,"33":0,"34":0,"35":0,"36":0,"37":0},"f":{"0":0,"1":0,"2":0,"3":0},"b":{"0":[0,0],"1":[0,0],"2":[0,0],"3":[0,0],"4":[0,0],"5":[0,0],"6":[0,0],"7":[0,0],"8":[0,0],"9":[0,0],"10":[0,0]},"inputSourceMap":null}
,"C:\\Users\\Hoquo\\OneDrive\\Desktop\\KTPM_doan\\ktpm-doan-nhom\\backend\\src\\controllers\\bookController.js": {"path":"C:\\Users\\Hoquo\\OneDrive\\Desktop\\KTPM_doan\\ktpm-doan-nhom\\backend\\src\\controllers\\bookController.js","statementMap":{"0":{"start":{"line":11,"column":24},"end":{"line":45,"column":2}},"1":{"start":{"line":12,"column":21},"end":{"line":12,"column":23}},"2":{"start":{"line":13,"column":17},"end":{"line":13,"column":44}},"3":{"start":{"line":15,"column":20},"end":{"line":22,"column":12}},"4":{"start":{"line":24,"column":21},"end":{"line":24,"column":79}},"5":{"start":{"line":26,"column":24},"end":{"line":26,"column":26}},"6":{"start":{"line":27,"column":4},"end":{"line":27,"column":74}},"7":{"start":{"line":27,"column":28},"end":{"line":27,"column":74}},"8":{"start":{"line":28,"column":4},"end":{"line":28,"column":74}},"9":{"start":{"line":28,"column":28},"end":{"line":28,"column":74}},"10":{"start":{"line":29,"column":18},"end":{"line":29,"column":83}},"11":{"start":{"line":31,"column":18},"end":{"line":31,"column":82}},"12":{"start":{"line":32,"column":18},"end":{"line":36,"column":32}},"13":{"start":{"line":38,"column":4},"end":{"line":44,"column":7}},"14":{"start":{"line":52,"column":27},"end":{"line":64,"column":2}},"15":{"start":{"line":53,"column":17},"end":{"line":53,"column":80}},"16":{"start":{"line":55,"column":4},"end":{"line":63,"column":5}},"17":{"start":{"line":56,"column":8},"end":{"line":59,"column":11}},"18":{"start":{"line":61,"column":8},"end":{"line":61,"column":24}},"19":{"start":{"line":62,"column":8},"end":{"line":62,"column":47}},"20":{"start":{"line":71,"column":26},"end":{"line":93,"column":2}},"21":{"start":{"line":72,"column":17},"end":{"line":86,"column":6}},"22":{"start":{"line":88,"column":24},"end":{"line":88,"column":41}},"23":{"start":{"line":89,"column":4},"end":{"line":92,"column":7}},"24":{"start":{"line":100,"column":26},"end":{"line":127,"column":2}},"25":{"start":{"line":101,"column":17},"end":{"line":101,"column":51}},"26":{"start":{"line":103,"column":4},"end":{"line":126,"column":5}},"27":{"start":{"line":104,"column":8},"end":{"line":104,"column":50}},"28":{"start":{"line":105,"column":8},"end":{"line":105,"column":53}},"29":{"start":{"line":106,"column":8},"end":{"line":106,"column":68}},"30":{"start":{"line":107,"column":8},"end":{"line":107,"column":50}},"31":{"start":{"line":108,"column":8},"end":{"line":108,"column":74}},"32":{"start":{"line":109,"column":8},"end":{"line":109,"column":59}},"33":{"start":{"line":110,"column":8},"end":{"line":110,"column":53}},"34":{"start":{"line":111,"column":8},"end":{"line":111,"column":50}},"35":{"start":{"line":112,"column":8},"end":{"line":112,"column":47}},"36":{"start":{"line":113,"column":8},"end":{"line":113,"column":62}},"37":{"start":{"line":114,"column":8},"end":{"line":114,"column":74}},"38":{"start":{"line":115,"column":8},"end":{"line":115,"column":50}},"39":{"start":{"line":116,"column":8},"end":{"line":116,"column":59}},"40":{"start":{"line":118,"column":28},"end":{"line":118,"column":45}},"41":{"start":{"line":119,"column":8},"end":{"line":122,"column":11}},"42":{"start":{"line":124,"column":8},"end":{"line":124,"column":24}},"43":{"start":{"line":125,"column":8},"end":{"line":125,"column":47}},"44":{"start":{"line":134,"column":26},"end":{"line":147,"column":2}},"45":{"start":{"line":135,"column":17},"end":{"line":135,"column":51}},"46":{"start":{"line":137,"column":4},"end":{"line":146,"column":5}},"47":{"start":{"line":138,"column":8},"end":{"line":138,"column":31}},"48":{"start":{"line":139,"column":8},"end":{"line":142,"column":11}},"49":{"start":{"line":144,"column":8},"end":{"line":144,"column":24}},"50":{"start":{"line":145,"column":8},"end":{"line":145,"column":47}},"51":{"start":{"line":154,"column":27},"end":{"line":161,"column":2}},"52":{"start":{"line":155,"column":18},"end":{"line":155,"column":96}},"53":{"start":{"line":157,"column":4},"end":{"line":160,"column":7}},"54":{"start":{"line":168,"column":30},"end":{"line":175,"column":2}},"55":{"start":{"line":169,"column":18},"end":{"line":169,"column":99}},"56":{"start":{"line":171,"column":4},"end":{"line":174,"column":7}},"57":{"start":{"line":182,"column":32},"end":{"line":198,"column":2}},"58":{"start":{"line":183,"column":4},"end":{"line":186,"column":5}},"59":{"start":{"line":184,"column":8},"end":{"line":184,"column":24}},"60":{"start":{"line":185,"column":8},"end":{"line":185,"column":45}},"61":{"start":{"line":188,"column":27},"end":{"line":190,"column":5}},"62":{"start":{"line":189,"column":8},"end":{"line":189,"column":58}},"63":{"start":{"line":192,"column":22},"end":{"line":192,"column":55}},"64":{"start":{"line":194,"column":4},"end":{"line":197,"column":7}}},"fnMap":{"0":{"name":"(anonymous_0)","decl":{"start":{"line":11,"column":37},"end":{"line":11,"column":38}},"loc":{"start":{"line":11,"column":57},"end":{"line":45,"column":1}},"line":11},"1":{"name":"(anonymous_1)","decl":{"start":{"line":52,"column":40},"end":{"line":52,"column":41}},"loc":{"start":{"line":52,"column":60},"end":{"line":64,"column":1}},"line":52},"2":{"name":"(anonymous_2)","decl":{"start":{"line":71,"column":39},"end":{"line":71,"column":40}},"loc":{"start":{"line":71,"column":59},"end":{"line":93,"column":1}},"line":71},"3":{"name":"(anonymous_3)","decl":{"start":{"line":100,"column":39},"end":{"line":100,"column":40}},"loc":{"start":{"line":100,"column":59},"end":{"line":127,"column":1}},"line":100},"4":{"name":"(anonymous_4)","decl":{"start":{"line":134,"column":39},"end":{"line":134,"column":40}},"loc":{"start":{"line":134,"column":59},"end":{"line":147,"column":1}},"line":134},"5":{"name":"(anonymous_5)","decl":{"start":{"line":154,"column":40},"end":{"line":154,"column":41}},"loc":{"start":{"line":154,"column":60},"end":{"line":161,"column":1}},"line":154},"6":{"name":"(anonymous_6)","decl":{"start":{"line":168,"column":43},"end":{"line":168,"column":44}},"loc":{"start":{"line":168,"column":63},"end":{"line":175,"column":1}},"line":168},"7":{"name":"(anonymous_7)","decl":{"start":{"line":182,"column":45},"end":{"line":182,"column":46}},"loc":{"start":{"line":182,"column":65},"end":{"line":198,"column":1}},"line":182},"8":{"name":"(anonymous_8)","decl":{"start":{"line":188,"column":41},"end":{"line":188,"column":42}},"loc":{"start":{"line":189,"column":8},"end":{"line":189,"column":58}},"line":189}},"branchMap":{"0":{"loc":{"start":{"line":13,"column":17},"end":{"line":13,"column":44}},"type":"binary-expr","locations":[{"start":{"line":13,"column":17},"end":{"line":13,"column":39}},{"start":{"line":13,"column":43},"end":{"line":13,"column":44}}],"line":13},"1":{"loc":{"start":{"line":15,"column":20},"end":{"line":22,"column":12}},"type":"cond-expr","locations":[{"start":{"line":16,"column":10},"end":{"line":21,"column":9}},{"start":{"line":22,"column":10},"end":{"line":22,"column":12}}],"line":15},"2":{"loc":{"start":{"line":24,"column":21},"end":{"line":24,"column":79}},"type":"cond-expr","locations":[{"start":{"line":24,"column":42},"end":{"line":24,"column":74}},{"start":{"line":24,"column":77},"end":{"line":24,"column":79}}],"line":24},"3":{"loc":{"start":{"line":27,"column":4},"end":{"line":27,"column":74}},"type":"if","locations":[{"start":{"line":27,"column":4},"end":{"line":27,"column":74}},{"start":{},"end":{}}],"line":27},"4":{"loc":{"start":{"line":28,"column":4},"end":{"line":28,"column":74}},"type":"if","locations":[{"start":{"line":28,"column":4},"end":{"line":28,"column":74}},{"start":{},"end":{}}],"line":28},"5":{"loc":{"start":{"line":29,"column":18},"end":{"line":29,"column":83}},"type":"cond-expr","locations":[{"start":{"line":29,"column":56},"end":{"line":29,"column":78}},{"start":{"line":29,"column":81},"end":{"line":29,"column":83}}],"line":29},"6":{"loc":{"start":{"line":55,"column":4},"end":{"line":63,"column":5}},"type":"if","locations":[{"start":{"line":55,"column":4},"end":{"line":63,"column":5}},{"start":{"line":60,"column":11},"end":{"line":63,"column":5}}],"line":55},"7":{"loc":{"start":{"line":77,"column":23},"end":{"line":77,"column":50}},"type":"binary-expr","locations":[{"start":{"line":77,"column":23},"end":{"line":77,"column":45}},{"start":{"line":77,"column":49},"end":{"line":77,"column":50}}],"line":77},"8":{"loc":{"start":{"line":79,"column":16},"end":{"line":79,"column":37}},"type":"binary-expr","locations":[{"start":{"line":79,"column":16},"end":{"line":79,"column":31}},{"start":{"line":79,"column":35},"end":{"line":79,"column":37}}],"line":79},"9":{"loc":{"start":{"line":85,"column":18},"end":{"line":85,"column":51}},"type":"binary-expr","locations":[{"start":{"line":85,"column":18},"end":{"line":85,"column":35}},{"start":{"line":85,"column":39},"end":{"line":85,"column":51}}],"line":85},"10":{"loc":{"start":{"line":103,"column":4},"end":{"line":126,"column":5}},"type":"if","locations":[{"start":{"line":103,"column":4},"end":{"line":126,"column":5}},{"start":{"line":123,"column":11},"end":{"line":126,"column":5}}],"line":103},"11":{"loc":{"start":{"line":104,"column":21},"end":{"line":104,"column":49}},"type":"binary-expr","locations":[{"start":{"line":104,"column":21},"end":{"line":104,"column":35}},{"start":{"line":104,"column":39},"end":{"line":104,"column":49}}],"line":104},"12":{"loc":{"start":{"line":105,"column":22},"end":{"line":105,"column":52}},"type":"binary-expr","locations":[{"start":{"line":105,"column":22},"end":{"line":105,"column":37}},{"start":{"line":105,"column":41},"end":{"line":105,"column":52}}],"line":105},"13":{"loc":{"start":{"line":106,"column":27},"end":{"line":106,"column":67}},"type":"binary-expr","locations":[{"start":{"line":106,"column":27},"end":{"line":106,"column":47}},{"start":{"line":106,"column":51},"end":{"line":106,"column":67}}],"line":106},"14":{"loc":{"start":{"line":107,"column":21},"end":{"line":107,"column":49}},"type":"binary-expr","locations":[{"start":{"line":107,"column":21},"end":{"line":107,"column":35}},{"start":{"line":107,"column":39},"end":{"line":107,"column":49}}],"line":107},"15":{"loc":{"start":{"line":108,"column":29},"end":{"line":108,"column":73}},"type":"binary-expr","locations":[{"start":{"line":108,"column":29},"end":{"line":108,"column":51}},{"start":{"line":108,"column":55},"end":{"line":108,"column":73}}],"line":108},"16":{"loc":{"start":{"line":109,"column":24},"end":{"line":109,"column":58}},"type":"binary-expr","locations":[{"start":{"line":109,"column":24},"end":{"line":109,"column":41}},{"start":{"line":109,"column":45},"end":{"line":109,"column":58}}],"line":109},"17":{"loc":{"start":{"line":110,"column":22},"end":{"line":110,"column":52}},"type":"binary-expr","locations":[{"start":{"line":110,"column":22},"end":{"line":110,"column":37}},{"start":{"line":110,"column":41},"end":{"line":110,"column":52}}],"line":110},"18":{"loc":{"start":{"line":111,"column":21},"end":{"line":111,"column":49}},"type":"binary-expr","locations":[{"start":{"line":111,"column":21},"end":{"line":111,"column":35}},{"start":{"line":111,"column":39},"end":{"line":111,"column":49}}],"line":111},"19":{"loc":{"start":{"line":112,"column":20},"end":{"line":112,"column":46}},"type":"binary-expr","locations":[{"start":{"line":112,"column":20},"end":{"line":112,"column":33}},{"start":{"line":112,"column":37},"end":{"line":112,"column":46}}],"line":112},"20":{"loc":{"start":{"line":113,"column":25},"end":{"line":113,"column":61}},"type":"binary-expr","locations":[{"start":{"line":113,"column":25},"end":{"line":113,"column":43}},{"start":{"line":113,"column":47},"end":{"line":113,"column":61}}],"line":113},"21":{"loc":{"start":{"line":114,"column":29},"end":{"line":114,"column":73}},"type":"binary-expr","locations":[{"start":{"line":114,"column":29},"end":{"line":114,"column":51}},{"start":{"line":114,"column":55},"end":{"line":114,"column":73}}],"line":114},"22":{"loc":{"start":{"line":115,"column":21},"end":{"line":115,"column":49}},"type":"binary-expr","locations":[{"start":{"line":115,"column":21},"end":{"line":115,"column":35}},{"start":{"line":115,"column":39},"end":{"line":115,"column":49}}],"line":115},"23":{"loc":{"start":{"line":116,"column":24},"end":{"line":116,"column":58}},"type":"binary-expr","locations":[{"start":{"line":116,"column":24},"end":{"line":116,"column":41}},{"start":{"line":116,"column":45},"end":{"line":116,"column":58}}],"line":116},"24":{"loc":{"start":{"line":137,"column":4},"end":{"line":146,"column":5}},"type":"if","locations":[{"start":{"line":137,"column":4},"end":{"line":146,"column":5}},{"start":{"line":143,"column":11},"end":{"line":146,"column":5}}],"line":137},"25":{"loc":{"start":{"line":183,"column":4},"end":{"line":186,"column":5}},"type":"if","locations":[{"start":{"line":183,"column":4},"end":{"line":186,"column":5}},{"start":{},"end":{}}],"line":183},"26":{"loc":{"start":{"line":183,"column":8},"end":{"line":183,"column":44}},"type":"binary-expr","locations":[{"start":{"line":183,"column":8},"end":{"line":183,"column":18}},{"start":{"line":183,"column":22},"end":{"line":183,"column":44}}],"line":183}},"s":{"0":0,"1":0,"2":0,"3":0,"4":0,"5":0,"6":0,"7":0,"8":0,"9":0,"10":0,"11":0,"12":0,"13":0,"14":0,"15":0,"16":0,"17":0,"18":0,"19":0,"20":0,"21":0,"22":0,"23":0,"24":0,"25":0,"26":0,"27":0,"28":0,"29":0,"30":0,"31":0,"32":0,"33":0,"34":0,"35":0,"36":0,"37":0,"38":0,"39":0,"40":0,"41":0,"42":0,"43":0,"44":0,"45":0,"46":0,"47":0,"48":0,"49":0,"50":0,"51":0,"52":0,"53":0,"54":0,"55":0,"56":0,"57":0,"58":0,"59":0,"60":0,"61":0,"62":0,"63":0,"64":0},"f":{"0":0,"1":0,"2":0,"3":0,"4":0,"5":0,"6":0,"7":0,"8":0},"b":{"0":[0,0],"1":[0,0],"2":[0,0],"3":[0,0],"4":[0,0],"5":[0,0],"6":[0,0],"7":[0,0],"8":[0,0],"9":[0,0],"10":[0,0],"11":[0,0],"12":[0,0],"13":[0,0],"14":[0,0],"15":[0,0],"16":[0,0],"17":[0,0],"18":[0,0],"19":[0,0],"20":[0,0],"21":[0,0],"22":[0,0],"23":[0,0],"24":[0,0],"25":[0,0],"26":[0,0]},"inputSourceMap":null}
,"C:\\Users\\Hoquo\\OneDrive\\Desktop\\KTPM_doan\\ktpm-doan-nhom\\backend\\src\\controllers\\cartController.js": {"path":"C:\\Users\\Hoquo\\OneDrive\\Desktop\\KTPM_doan\\ktpm-doan-nhom\\backend\\src\\controllers\\cartController.js","statementMap":{"0":{"start":{"line":10,"column":23},"end":{"line":24,"column":2}},"1":{"start":{"line":11,"column":15},"end":{"line":11,"column":102}},"2":{"start":{"line":13,"column":4},"end":{"line":18,"column":5}},"3":{"start":{"line":14,"column":8},"end":{"line":17,"column":11}},"4":{"start":{"line":20,"column":4},"end":{"line":23,"column":7}},"5":{"start":{"line":31,"column":25},"end":{"line":94,"column":2}},"6":{"start":{"line":32,"column":33},"end":{"line":32,"column":41}},"7":{"start":{"line":34,"column":4},"end":{"line":37,"column":5}},"8":{"start":{"line":35,"column":8},"end":{"line":35,"column":24}},"9":{"start":{"line":36,"column":8},"end":{"line":36,"column":62}},"10":{"start":{"line":40,"column":17},"end":{"line":40,"column":44}},"11":{"start":{"line":41,"column":4},"end":{"line":44,"column":5}},"12":{"start":{"line":42,"column":8},"end":{"line":42,"column":24}},"13":{"start":{"line":43,"column":8},"end":{"line":43,"column":47}},"14":{"start":{"line":46,"column":4},"end":{"line":49,"column":5}},"15":{"start":{"line":47,"column":8},"end":{"line":47,"column":24}},"16":{"start":{"line":48,"column":8},"end":{"line":48,"column":68}},"17":{"start":{"line":52,"column":15},"end":{"line":52,"column":57}},"18":{"start":{"line":53,"column":4},"end":{"line":58,"column":5}},"19":{"start":{"line":54,"column":8},"end":{"line":57,"column":11}},"20":{"start":{"line":61,"column":30},"end":{"line":63,"column":5}},"21":{"start":{"line":62,"column":18},"end":{"line":62,"column":49}},"22":{"start":{"line":65,"column":4},"end":{"line":85,"column":5}},"23":{"start":{"line":67,"column":28},"end":{"line":67,"column":77}},"24":{"start":{"line":69,"column":8},"end":{"line":72,"column":9}},"25":{"start":{"line":70,"column":12},"end":{"line":70,"column":28}},"26":{"start":{"line":71,"column":12},"end":{"line":71,"column":72}},"27":{"start":{"line":74,"column":8},"end":{"line":74,"column":61}},"28":{"start":{"line":75,"column":8},"end":{"line":75,"column":79}},"29":{"start":{"line":78,"column":8},"end":{"line":84,"column":11}},"30":{"start":{"line":87,"column":4},"end":{"line":87,"column":22}},"31":{"start":{"line":88,"column":4},"end":{"line":88,"column":60}},"32":{"start":{"line":90,"column":4},"end":{"line":93,"column":7}},"33":{"start":{"line":101,"column":30},"end":{"line":141,"column":2}},"34":{"start":{"line":102,"column":25},"end":{"line":102,"column":33}},"35":{"start":{"line":104,"column":4},"end":{"line":107,"column":5}},"36":{"start":{"line":105,"column":8},"end":{"line":105,"column":24}},"37":{"start":{"line":106,"column":8},"end":{"line":106,"column":51}},"38":{"start":{"line":109,"column":17},"end":{"line":109,"column":59}},"39":{"start":{"line":110,"column":4},"end":{"line":113,"column":5}},"40":{"start":{"line":111,"column":8},"end":{"line":111,"column":24}},"41":{"start":{"line":112,"column":8},"end":{"line":112,"column":51}},"42":{"start":{"line":115,"column":22},"end":{"line":117,"column":5}},"43":{"start":{"line":116,"column":18},"end":{"line":116,"column":59}},"44":{"start":{"line":119,"column":4},"end":{"line":122,"column":5}},"45":{"start":{"line":120,"column":8},"end":{"line":120,"column":24}},"46":{"start":{"line":121,"column":8},"end":{"line":121,"column":66}},"47":{"start":{"line":125,"column":17},"end":{"line":125,"column":64}},"48":{"start":{"line":126,"column":4},"end":{"line":129,"column":5}},"49":{"start":{"line":127,"column":8},"end":{"line":127,"column":24}},"50":{"start":{"line":128,"column":8},"end":{"line":128,"column":68}},"51":{"start":{"line":131,"column":4},"end":{"line":131,"column":46}},"52":{"start":{"line":132,"column":4},"end":{"line":132,"column":67}},"53":{"start":{"line":134,"column":4},"end":{"line":134,"column":22}},"54":{"start":{"line":135,"column":4},"end":{"line":135,"column":60}},"55":{"start":{"line":137,"column":4},"end":{"line":140,"column":7}},"56":{"start":{"line":148,"column":30},"end":{"line":167,"column":2}},"57":{"start":{"line":149,"column":17},"end":{"line":149,"column":59}},"58":{"start":{"line":151,"column":4},"end":{"line":154,"column":5}},"59":{"start":{"line":152,"column":8},"end":{"line":152,"column":24}},"60":{"start":{"line":153,"column":8},"end":{"line":153,"column":51}},"61":{"start":{"line":156,"column":4},"end":{"line":158,"column":6}},"62":{"start":{"line":157,"column":18},"end":{"line":157,"column":59}},"63":{"start":{"line":160,"column":4},"end":{"line":160,"column":22}},"64":{"start":{"line":161,"column":4},"end":{"line":161,"column":60}},"65":{"start":{"line":163,"column":4},"end":{"line":166,"column":7}},"66":{"start":{"line":174,"column":25},"end":{"line":189,"column":2}},"67":{"start":{"line":175,"column":17},"end":{"line":175,"column":59}},"68":{"start":{"line":177,"column":4},"end":{"line":180,"column":5}},"69":{"start":{"line":178,"column":8},"end":{"line":178,"column":24}},"70":{"start":{"line":179,"column":8},"end":{"line":179,"column":51}},"71":{"start":{"line":182,"column":4},"end":{"line":182,"column":20}},"72":{"start":{"line":183,"column":4},"end":{"line":183,"column":22}},"73":{"start":{"line":185,"column":4},"end":{"line":188,"column":7}}},"fnMap":{"0":{"name":"(anonymous_0)","decl":{"start":{"line":10,"column":36},"end":{"line":10,"column":37}},"loc":{"start":{"line":10,"column":56},"end":{"line":24,"column":1}},"line":10},"1":{"name":"(anonymous_1)","decl":{"start":{"line":31,"column":38},"end":{"line":31,"column":39}},"loc":{"start":{"line":31,"column":58},"end":{"line":94,"column":1}},"line":31},"2":{"name":"(anonymous_2)","decl":{"start":{"line":62,"column":8},"end":{"line":62,"column":9}},"loc":{"start":{"line":62,"column":18},"end":{"line":62,"column":49}},"line":62},"3":{"name":"(anonymous_3)","decl":{"start":{"line":101,"column":43},"end":{"line":101,"column":44}},"loc":{"start":{"line":101,"column":63},"end":{"line":141,"column":1}},"line":101},"4":{"name":"(anonymous_4)","decl":{"start":{"line":116,"column":8},"end":{"line":116,"column":9}},"loc":{"start":{"line":116,"column":18},"end":{"line":116,"column":59}},"line":116},"5":{"name":"(anonymous_5)","decl":{"start":{"line":148,"column":43},"end":{"line":148,"column":44}},"loc":{"start":{"line":148,"column":63},"end":{"line":167,"column":1}},"line":148},"6":{"name":"(anonymous_6)","decl":{"start":{"line":157,"column":8},"end":{"line":157,"column":9}},"loc":{"start":{"line":157,"column":18},"end":{"line":157,"column":59}},"line":157},"7":{"name":"(anonymous_7)","decl":{"start":{"line":174,"column":38},"end":{"line":174,"column":39}},"loc":{"start":{"line":174,"column":58},"end":{"line":189,"column":1}},"line":174}},"branchMap":{"0":{"loc":{"start":{"line":13,"column":4},"end":{"line":18,"column":5}},"type":"if","locations":[{"start":{"line":13,"column":4},"end":{"line":18,"column":5}},{"start":{},"end":{}}],"line":13},"1":{"loc":{"start":{"line":34,"column":4},"end":{"line":37,"column":5}},"type":"if","locations":[{"start":{"line":34,"column":4},"end":{"line":37,"column":5}},{"start":{},"end":{}}],"line":34},"2":{"loc":{"start":{"line":34,"column":8},"end":{"line":34,"column":28}},"type":"binary-expr","locations":[{"start":{"line":34,"column":8},"end":{"line":34,"column":15}},{"start":{"line":34,"column":19},"end":{"line":34,"column":28}}],"line":34},"3":{"loc":{"start":{"line":41,"column":4},"end":{"line":44,"column":5}},"type":"if","locations":[{"start":{"line":41,"column":4},"end":{"line":44,"column":5}},{"start":{},"end":{}}],"line":41},"4":{"loc":{"start":{"line":46,"column":4},"end":{"line":49,"column":5}},"type":"if","locations":[{"start":{"line":46,"column":4},"end":{"line":49,"column":5}},{"start":{},"end":{}}],"line":46},"5":{"loc":{"start":{"line":53,"column":4},"end":{"line":58,"column":5}},"type":"if","locations":[{"start":{"line":53,"column":4},"end":{"line":58,"column":5}},{"start":{},"end":{}}],"line":53},"6":{"loc":{"start":{"line":65,"column":4},"end":{"line":85,"column":5}},"type":"if","locations":[{"start":{"line":65,"column":4},"end":{"line":85,"column":5}},{"start":{"line":76,"column":11},"end":{"line":85,"column":5}}],"line":65},"7":{"loc":{"start":{"line":69,"column":8},"end":{"line":72,"column":9}},"type":"if","locations":[{"start":{"line":69,"column":8},"end":{"line":72,"column":9}},{"start":{},"end":{}}],"line":69},"8":{"loc":{"start":{"line":75,"column":46},"end":{"line":75,"column":78}},"type":"binary-expr","locations":[{"start":{"line":75,"column":46},"end":{"line":75,"column":64}},{"start":{"line":75,"column":68},"end":{"line":75,"column":78}}],"line":75},"9":{"loc":{"start":{"line":81,"column":19},"end":{"line":81,"column":70}},"type":"binary-expr","locations":[{"start":{"line":81,"column":19},"end":{"line":81,"column":33}},{"start":{"line":81,"column":37},"end":{"line":81,"column":70}}],"line":81},"10":{"loc":{"start":{"line":82,"column":19},"end":{"line":82,"column":51}},"type":"binary-expr","locations":[{"start":{"line":82,"column":19},"end":{"line":82,"column":37}},{"start":{"line":82,"column":41},"end":{"line":82,"column":51}}],"line":82},"11":{"loc":{"start":{"line":104,"column":4},"end":{"line":107,"column":5}},"type":"if","locations":[{"start":{"line":104,"column":4},"end":{"line":107,"column":5}},{"start":{},"end":{}}],"line":104},"12":{"loc":{"start":{"line":104,"column":8},"end":{"line":104,"column":33}},"type":"binary-expr","locations":[{"start":{"line":104,"column":8},"end":{"line":104,"column":17}},{"start":{"line":104,"column":21},"end":{"line":104,"column":33}}],"line":104},"13":{"loc":{"start":{"line":110,"column":4},"end":{"line":113,"column":5}},"type":"if","locations":[{"start":{"line":110,"column":4},"end":{"line":113,"column":5}},{"start":{},"end":{}}],"line":110},"14":{"loc":{"start":{"line":119,"column":4},"end":{"line":122,"column":5}},"type":"if","locations":[{"start":{"line":119,"column":4},"end":{"line":122,"column":5}},{"start":{},"end":{}}],"line":119},"15":{"loc":{"start":{"line":126,"column":4},"end":{"line":129,"column":5}},"type":"if","locations":[{"start":{"line":126,"column":4},"end":{"line":129,"column":5}},{"start":{},"end":{}}],"line":126},"16":{"loc":{"start":{"line":132,"column":34},"end":{"line":132,"column":66}},"type":"binary-expr","locations":[{"start":{"line":132,"column":34},"end":{"line":132,"column":52}},{"start":{"line":132,"column":56},"end":{"line":132,"column":66}}],"line":132},"17":{"loc":{"start":{"line":151,"column":4},"end":{"line":154,"column":5}},"type":"if","locations":[{"start":{"line":151,"column":4},"end":{"line":154,"column":5}},{"start":{},"end":{}}],"line":151},"18":{"loc":{"start":{"line":177,"column":4},"end":{"line":180,"column":5}},"type":"if","locations":[{"start":{"line":177,"column":4},"end":{"line":180,"column":5}},{"start":{},"end":{}}],"line":177}},"s":{"0":0,"1":0,"2":0,"3":0,"4":0,"5":0,"6":0,"7":0,"8":0,"9":0,"10":0,"11":0,"12":0,"13":0,"14":0,"15":0,"16":0,"17":0,"18":0,"19":0,"20":0,"21":0,"22":0,"23":0,"24":0,"25":0,"26":0,"27":0,"28":0,"29":0,"30":0,"31":0,"32":0,"33":0,"34":0,"35":0,"36":0,"37":0,"38":0,"39":0,"40":0,"41":0,"42":0,"43":0,"44":0,"45":0,"46":0,"47":0,"48":0,"49":0,"50":0,"51":0,"52":0,"53":0,"54":0,"55":0,"56":0,"57":0,"58":0,"59":0,"60":0,"61":0,"62":0,"63":0,"64":0,"65":0,"66":0,"67":0,"68":0,"69":0,"70":0,"71":0,"72":0,"73":0},"f":{"0":0,"1":0,"2":0,"3":0,"4":0,"5":0,"6":0,"7":0},"b":{"0":[0,0],"1":[0,0],"2":[0,0],"3":[0,0],"4":[0,0],"5":[0,0],"6":[0,0],"7":[0,0],"8":[0,0],"9":[0,0],"10":[0,0],"11":[0,0],"12":[0,0],"13":[0,0],"14":[0,0],"15":[0,0],"16":[0,0],"17":[0,0],"18":[0,0]},"inputSourceMap":null}
,"C:\\Users\\Hoquo\\OneDrive\\Desktop\\KTPM_doan\\ktpm-doan-nhom\\backend\\src\\controllers\\categoryController.js": {"path":"C:\\Users\\Hoquo\\OneDrive\\Desktop\\KTPM_doan\\ktpm-doan-nhom\\backend\\src\\controllers\\categoryController.js","statementMap":{"0":{"start":{"line":10,"column":29},"end":{"line":17,"column":2}},"1":{"start":{"line":11,"column":23},"end":{"line":11,"column":64}},"2":{"start":{"line":13,"column":4},"end":{"line":16,"column":7}},"3":{"start":{"line":24,"column":31},"end":{"line":36,"column":2}},"4":{"start":{"line":25,"column":21},"end":{"line":25,"column":59}},"5":{"start":{"line":27,"column":4},"end":{"line":35,"column":5}},"6":{"start":{"line":28,"column":8},"end":{"line":31,"column":11}},"7":{"start":{"line":33,"column":8},"end":{"line":33,"column":24}},"8":{"start":{"line":34,"column":8},"end":{"line":34,"column":51}},"9":{"start":{"line":43,"column":30},"end":{"line":63,"column":2}},"10":{"start":{"line":44,"column":41},"end":{"line":44,"column":49}},"11":{"start":{"line":46,"column":27},"end":{"line":46,"column":59}},"12":{"start":{"line":48,"column":4},"end":{"line":51,"column":5}},"13":{"start":{"line":49,"column":8},"end":{"line":49,"column":24}},"14":{"start":{"line":50,"column":8},"end":{"line":50,"column":47}},"15":{"start":{"line":53,"column":21},"end":{"line":57,"column":6}},"16":{"start":{"line":59,"column":4},"end":{"line":62,"column":7}},"17":{"start":{"line":70,"column":30},"end":{"line":87,"column":2}},"18":{"start":{"line":71,"column":21},"end":{"line":71,"column":59}},"19":{"start":{"line":73,"column":4},"end":{"line":86,"column":5}},"20":{"start":{"line":74,"column":8},"end":{"line":74,"column":55}},"21":{"start":{"line":75,"column":8},"end":{"line":75,"column":76}},"22":{"start":{"line":76,"column":8},"end":{"line":76,"column":58}},"23":{"start":{"line":78,"column":32},"end":{"line":78,"column":53}},"24":{"start":{"line":79,"column":8},"end":{"line":82,"column":11}},"25":{"start":{"line":84,"column":8},"end":{"line":84,"column":24}},"26":{"start":{"line":85,"column":8},"end":{"line":85,"column":51}},"27":{"start":{"line":94,"column":30},"end":{"line":107,"column":2}},"28":{"start":{"line":95,"column":21},"end":{"line":95,"column":59}},"29":{"start":{"line":97,"column":4},"end":{"line":106,"column":5}},"30":{"start":{"line":98,"column":8},"end":{"line":98,"column":35}},"31":{"start":{"line":99,"column":8},"end":{"line":102,"column":11}},"32":{"start":{"line":104,"column":8},"end":{"line":104,"column":24}},"33":{"start":{"line":105,"column":8},"end":{"line":105,"column":51}}},"fnMap":{"0":{"name":"(anonymous_0)","decl":{"start":{"line":10,"column":42},"end":{"line":10,"column":43}},"loc":{"start":{"line":10,"column":62},"end":{"line":17,"column":1}},"line":10},"1":{"name":"(anonymous_1)","decl":{"start":{"line":24,"column":44},"end":{"line":24,"column":45}},"loc":{"start":{"line":24,"column":64},"end":{"line":36,"column":1}},"line":24},"2":{"name":"(anonymous_2)","decl":{"start":{"line":43,"column":43},"end":{"line":43,"column":44}},"loc":{"start":{"line":43,"column":63},"end":{"line":63,"column":1}},"line":43},"3":{"name":"(anonymous_3)","decl":{"start":{"line":70,"column":43},"end":{"line":70,"column":44}},"loc":{"start":{"line":70,"column":63},"end":{"line":87,"column":1}},"line":70},"4":{"name":"(anonymous_4)","decl":{"start":{"line":94,"column":43},"end":{"line":94,"column":44}},"loc":{"start":{"line":94,"column":63},"end":{"line":107,"column":1}},"line":94}},"branchMap":{"0":{"loc":{"start":{"line":27,"column":4},"end":{"line":35,"column":5}},"type":"if","locations":[{"start":{"line":27,"column":4},"end":{"line":35,"column":5}},{"start":{"line":32,"column":11},"end":{"line":35,"column":5}}],"line":27},"1":{"loc":{"start":{"line":48,"column":4},"end":{"line":51,"column":5}},"type":"if","locations":[{"start":{"line":48,"column":4},"end":{"line":51,"column":5}},{"start":{},"end":{}}],"line":48},"2":{"loc":{"start":{"line":73,"column":4},"end":{"line":86,"column":5}},"type":"if","locations":[{"start":{"line":73,"column":4},"end":{"line":86,"column":5}},{"start":{"line":83,"column":11},"end":{"line":86,"column":5}}],"line":73},"3":{"loc":{"start":{"line":74,"column":24},"end":{"line":74,"column":54}},"type":"binary-expr","locations":[{"start":{"line":74,"column":24},"end":{"line":74,"column":37}},{"start":{"line":74,"column":41},"end":{"line":74,"column":54}}],"line":74},"4":{"loc":{"start":{"line":75,"column":31},"end":{"line":75,"column":75}},"type":"binary-expr","locations":[{"start":{"line":75,"column":31},"end":{"line":75,"column":51}},{"start":{"line":75,"column":55},"end":{"line":75,"column":75}}],"line":75},"5":{"loc":{"start":{"line":76,"column":25},"end":{"line":76,"column":57}},"type":"binary-expr","locations":[{"start":{"line":76,"column":25},"end":{"line":76,"column":39}},{"start":{"line":76,"column":43},"end":{"line":76,"column":57}}],"line":76},"6":{"loc":{"start":{"line":97,"column":4},"end":{"line":106,"column":5}},"type":"if","locations":[{"start":{"line":97,"column":4},"end":{"line":106,"column":5}},{"start":{"line":103,"column":11},"end":{"line":106,"column":5}}],"line":97}},"s":{"0":0,"1":0,"2":0,"3":0,"4":0,"5":0,"6":0,"7":0,"8":0,"9":0,"10":0,"11":0,"12":0,"13":0,"14":0,"15":0,"16":0,"17":0,"18":0,"19":0,"20":0,"21":0,"22":0,"23":0,"24":0,"25":0,"26":0,"27":0,"28":0,"29":0,"30":0,"31":0,"32":0,"33":0},"f":{"0":0,"1":0,"2":0,"3":0,"4":0},"b":{"0":[0,0],"1":[0,0],"2":[0,0],"3":[0,0],"4":[0,0],"5":[0,0],"6":[0,0]},"inputSourceMap":null}
,"C:\\Users\\Hoquo\\OneDrive\\Desktop\\KTPM_doan\\ktpm-doan-nhom\\backend\\src\\controllers\\couponController.js": {"path":"C:\\Users\\Hoquo\\OneDrive\\Desktop\\KTPM_doan\\ktpm-doan-nhom\\backend\\src\\controllers\\couponController.js","statementMap":{"0":{"start":{"line":9,"column":26},"end":{"line":16,"column":2}},"1":{"start":{"line":10,"column":20},"end":{"line":10,"column":81}},"2":{"start":{"line":12,"column":4},"end":{"line":15,"column":7}},"3":{"start":{"line":23,"column":31},"end":{"line":35,"column":2}},"4":{"start":{"line":24,"column":19},"end":{"line":24,"column":80}},"5":{"start":{"line":26,"column":4},"end":{"line":34,"column":5}},"6":{"start":{"line":27,"column":8},"end":{"line":30,"column":11}},"7":{"start":{"line":32,"column":8},"end":{"line":32,"column":24}},"8":{"start":{"line":33,"column":8},"end":{"line":33,"column":54}},"9":{"start":{"line":42,"column":30},"end":{"line":105,"column":2}},"10":{"start":{"line":43,"column":33},"end":{"line":43,"column":41}},"11":{"start":{"line":45,"column":19},"end":{"line":45,"column":69}},"12":{"start":{"line":47,"column":4},"end":{"line":50,"column":5}},"13":{"start":{"line":48,"column":8},"end":{"line":48,"column":24}},"14":{"start":{"line":49,"column":8},"end":{"line":49,"column":53}},"15":{"start":{"line":53,"column":4},"end":{"line":56,"column":5}},"16":{"start":{"line":54,"column":8},"end":{"line":54,"column":24}},"17":{"start":{"line":55,"column":8},"end":{"line":55,"column":57}},"18":{"start":{"line":59,"column":16},"end":{"line":59,"column":26}},"19":{"start":{"line":60,"column":22},"end":{"line":60,"column":48}},"20":{"start":{"line":61,"column":20},"end":{"line":61,"column":44}},"21":{"start":{"line":64,"column":4},"end":{"line":64,"column":38}},"22":{"start":{"line":68,"column":4},"end":{"line":71,"column":5}},"23":{"start":{"line":69,"column":8},"end":{"line":69,"column":24}},"24":{"start":{"line":70,"column":8},"end":{"line":70,"column":72}},"25":{"start":{"line":74,"column":4},"end":{"line":77,"column":5}},"26":{"start":{"line":75,"column":8},"end":{"line":75,"column":24}},"27":{"start":{"line":76,"column":8},"end":{"line":76,"column":59}},"28":{"start":{"line":80,"column":4},"end":{"line":83,"column":5}},"29":{"start":{"line":81,"column":8},"end":{"line":81,"column":24}},"30":{"start":{"line":82,"column":8},"end":{"line":82,"column":98}},"31":{"start":{"line":86,"column":25},"end":{"line":86,"column":26}},"32":{"start":{"line":87,"column":4},"end":{"line":94,"column":5}},"33":{"start":{"line":88,"column":8},"end":{"line":88,"column":67}},"34":{"start":{"line":89,"column":8},"end":{"line":91,"column":9}},"35":{"start":{"line":90,"column":12},"end":{"line":90,"column":54}},"36":{"start":{"line":93,"column":8},"end":{"line":93,"column":46}},"37":{"start":{"line":96,"column":4},"end":{"line":104,"column":7}},"38":{"start":{"line":112,"column":28},"end":{"line":149,"column":2}},"39":{"start":{"line":123,"column":8},"end":{"line":123,"column":16}},"40":{"start":{"line":125,"column":25},"end":{"line":125,"column":75}},"41":{"start":{"line":127,"column":4},"end":{"line":130,"column":5}},"42":{"start":{"line":128,"column":8},"end":{"line":128,"column":24}},"43":{"start":{"line":129,"column":8},"end":{"line":129,"column":50}},"44":{"start":{"line":132,"column":19},"end":{"line":143,"column":6}},"45":{"start":{"line":145,"column":4},"end":{"line":148,"column":7}},"46":{"start":{"line":156,"column":28},"end":{"line":179,"column":2}},"47":{"start":{"line":157,"column":19},"end":{"line":157,"column":55}},"48":{"start":{"line":159,"column":4},"end":{"line":178,"column":5}},"49":{"start":{"line":160,"column":8},"end":{"line":160,"column":72}},"50":{"start":{"line":161,"column":8},"end":{"line":161,"column":75}},"51":{"start":{"line":162,"column":8},"end":{"line":162,"column":78}},"52":{"start":{"line":163,"column":8},"end":{"line":163,"column":78}},"53":{"start":{"line":164,"column":8},"end":{"line":164,"column":90}},"54":{"start":{"line":165,"column":8},"end":{"line":165,"column":66}},"55":{"start":{"line":166,"column":8},"end":{"line":166,"column":60}},"56":{"start":{"line":167,"column":8},"end":{"line":167,"column":69}},"57":{"start":{"line":168,"column":8},"end":{"line":168,"column":63}},"58":{"start":{"line":170,"column":30},"end":{"line":170,"column":49}},"59":{"start":{"line":171,"column":8},"end":{"line":174,"column":11}},"60":{"start":{"line":176,"column":8},"end":{"line":176,"column":24}},"61":{"start":{"line":177,"column":8},"end":{"line":177,"column":54}},"62":{"start":{"line":186,"column":28},"end":{"line":199,"column":2}},"63":{"start":{"line":187,"column":19},"end":{"line":187,"column":55}},"64":{"start":{"line":189,"column":4},"end":{"line":198,"column":5}},"65":{"start":{"line":190,"column":8},"end":{"line":190,"column":33}},"66":{"start":{"line":191,"column":8},"end":{"line":194,"column":11}},"67":{"start":{"line":196,"column":8},"end":{"line":196,"column":24}},"68":{"start":{"line":197,"column":8},"end":{"line":197,"column":54}},"69":{"start":{"line":206,"column":29},"end":{"line":213,"column":2}},"70":{"start":{"line":207,"column":20},"end":{"line":207,"column":101}},"71":{"start":{"line":209,"column":4},"end":{"line":212,"column":7}}},"fnMap":{"0":{"name":"(anonymous_0)","decl":{"start":{"line":9,"column":39},"end":{"line":9,"column":40}},"loc":{"start":{"line":9,"column":59},"end":{"line":16,"column":1}},"line":9},"1":{"name":"(anonymous_1)","decl":{"start":{"line":23,"column":44},"end":{"line":23,"column":45}},"loc":{"start":{"line":23,"column":64},"end":{"line":35,"column":1}},"line":23},"2":{"name":"(anonymous_2)","decl":{"start":{"line":42,"column":43},"end":{"line":42,"column":44}},"loc":{"start":{"line":42,"column":63},"end":{"line":105,"column":1}},"line":42},"3":{"name":"(anonymous_3)","decl":{"start":{"line":112,"column":41},"end":{"line":112,"column":42}},"loc":{"start":{"line":112,"column":61},"end":{"line":149,"column":1}},"line":112},"4":{"name":"(anonymous_4)","decl":{"start":{"line":156,"column":41},"end":{"line":156,"column":42}},"loc":{"start":{"line":156,"column":61},"end":{"line":179,"column":1}},"line":156},"5":{"name":"(anonymous_5)","decl":{"start":{"line":186,"column":41},"end":{"line":186,"column":42}},"loc":{"start":{"line":186,"column":61},"end":{"line":199,"column":1}},"line":186},"6":{"name":"(anonymous_6)","decl":{"start":{"line":206,"column":42},"end":{"line":206,"column":43}},"loc":{"start":{"line":206,"column":62},"end":{"line":213,"column":1}},"line":206}},"branchMap":{"0":{"loc":{"start":{"line":26,"column":4},"end":{"line":34,"column":5}},"type":"if","locations":[{"start":{"line":26,"column":4},"end":{"line":34,"column":5}},{"start":{"line":31,"column":11},"end":{"line":34,"column":5}}],"line":26},"1":{"loc":{"start":{"line":47,"column":4},"end":{"line":50,"column":5}},"type":"if","locations":[{"start":{"line":47,"column":4},"end":{"line":50,"column":5}},{"start":{},"end":{}}],"line":47},"2":{"loc":{"start":{"line":53,"column":4},"end":{"line":56,"column":5}},"type":"if","locations":[{"start":{"line":53,"column":4},"end":{"line":56,"column":5}},{"start":{},"end":{}}],"line":53},"3":{"loc":{"start":{"line":68,"column":4},"end":{"line":71,"column":5}},"type":"if","locations":[{"start":{"line":68,"column":4},"end":{"line":71,"column":5}},{"start":{},"end":{}}],"line":68},"4":{"loc":{"start":{"line":68,"column":8},"end":{"line":68,"column":40}},"type":"binary-expr","locations":[{"start":{"line":68,"column":8},"end":{"line":68,"column":23}},{"start":{"line":68,"column":27},"end":{"line":68,"column":40}}],"line":68},"5":{"loc":{"start":{"line":74,"column":4},"end":{"line":77,"column":5}},"type":"if","locations":[{"start":{"line":74,"column":4},"end":{"line":77,"column":5}},{"start":{},"end":{}}],"line":74},"6":{"loc":{"start":{"line":74,"column":8},"end":{"line":74,"column":70}},"type":"binary-expr","locations":[{"start":{"line":74,"column":8},"end":{"line":74,"column":29}},{"start":{"line":74,"column":33},"end":{"line":74,"column":70}}],"line":74},"7":{"loc":{"start":{"line":80,"column":4},"end":{"line":83,"column":5}},"type":"if","locations":[{"start":{"line":80,"column":4},"end":{"line":83,"column":5}},{"start":{},"end":{}}],"line":80},"8":{"loc":{"start":{"line":87,"column":4},"end":{"line":94,"column":5}},"type":"if","locations":[{"start":{"line":87,"column":4},"end":{"line":94,"column":5}},{"start":{"line":92,"column":11},"end":{"line":94,"column":5}}],"line":87},"9":{"loc":{"start":{"line":89,"column":8},"end":{"line":91,"column":9}},"type":"if","locations":[{"start":{"line":89,"column":8},"end":{"line":91,"column":9}},{"start":{},"end":{}}],"line":89},"10":{"loc":{"start":{"line":89,"column":12},"end":{"line":89,"column":85}},"type":"binary-expr","locations":[{"start":{"line":89,"column":12},"end":{"line":89,"column":40}},{"start":{"line":89,"column":44},"end":{"line":89,"column":85}}],"line":89},"11":{"loc":{"start":{"line":127,"column":4},"end":{"line":130,"column":5}},"type":"if","locations":[{"start":{"line":127,"column":4},"end":{"line":130,"column":5}},{"start":{},"end":{}}],"line":127},"12":{"loc":{"start":{"line":159,"column":4},"end":{"line":178,"column":5}},"type":"if","locations":[{"start":{"line":159,"column":4},"end":{"line":178,"column":5}},{"start":{"line":175,"column":11},"end":{"line":178,"column":5}}],"line":159},"13":{"loc":{"start":{"line":160,"column":29},"end":{"line":160,"column":71}},"type":"binary-expr","locations":[{"start":{"line":160,"column":29},"end":{"line":160,"column":49}},{"start":{"line":160,"column":53},"end":{"line":160,"column":71}}],"line":160},"14":{"loc":{"start":{"line":161,"column":30},"end":{"line":161,"column":74}},"type":"binary-expr","locations":[{"start":{"line":161,"column":30},"end":{"line":161,"column":51}},{"start":{"line":161,"column":55},"end":{"line":161,"column":74}}],"line":161},"15":{"loc":{"start":{"line":162,"column":31},"end":{"line":162,"column":77}},"type":"binary-expr","locations":[{"start":{"line":162,"column":31},"end":{"line":162,"column":53}},{"start":{"line":162,"column":57},"end":{"line":162,"column":77}}],"line":162},"16":{"loc":{"start":{"line":163,"column":31},"end":{"line":163,"column":77}},"type":"binary-expr","locations":[{"start":{"line":163,"column":31},"end":{"line":163,"column":53}},{"start":{"line":163,"column":57},"end":{"line":163,"column":77}}],"line":163},"17":{"loc":{"start":{"line":164,"column":35},"end":{"line":164,"column":89}},"type":"binary-expr","locations":[{"start":{"line":164,"column":35},"end":{"line":164,"column":61}},{"start":{"line":164,"column":65},"end":{"line":164,"column":89}}],"line":164},"18":{"loc":{"start":{"line":165,"column":27},"end":{"line":165,"column":65}},"type":"binary-expr","locations":[{"start":{"line":165,"column":27},"end":{"line":165,"column":45}},{"start":{"line":165,"column":49},"end":{"line":165,"column":65}}],"line":165},"19":{"loc":{"start":{"line":166,"column":25},"end":{"line":166,"column":59}},"type":"binary-expr","locations":[{"start":{"line":166,"column":25},"end":{"line":166,"column":41}},{"start":{"line":166,"column":45},"end":{"line":166,"column":59}}],"line":166},"20":{"loc":{"start":{"line":167,"column":28},"end":{"line":167,"column":68}},"type":"binary-expr","locations":[{"start":{"line":167,"column":28},"end":{"line":167,"column":47}},{"start":{"line":167,"column":51},"end":{"line":167,"column":68}}],"line":167},"21":{"loc":{"start":{"line":168,"column":26},"end":{"line":168,"column":62}},"type":"binary-expr","locations":[{"start":{"line":168,"column":26},"end":{"line":168,"column":43}},{"start":{"line":168,"column":47},"end":{"line":168,"column":62}}],"line":168},"22":{"loc":{"start":{"line":189,"column":4},"end":{"line":198,"column":5}},"type":"if","locations":[{"start":{"line":189,"column":4},"end":{"line":198,"column":5}},{"start":{"line":195,"column":11},"end":{"line":198,"column":5}}],"line":189}},"s":{"0":0,"1":0,"2":0,"3":0,"4":0,"5":0,"6":0,"7":0,"8":0,"9":0,"10":0,"11":0,"12":0,"13":0,"14":0,"15":0,"16":0,"17":0,"18":0,"19":0,"20":0,"21":0,"22":0,"23":0,"24":0,"25":0,"26":0,"27":0,"28":0,"29":0,"30":0,"31":0,"32":0,"33":0,"34":0,"35":0,"36":0,"37":0,"38":0,"39":0,"40":0,"41":0,"42":0,"43":0,"44":0,"45":0,"46":0,"47":0,"48":0,"49":0,"50":0,"51":0,"52":0,"53":0,"54":0,"55":0,"56":0,"57":0,"58":0,"59":0,"60":0,"61":0,"62":0,"63":0,"64":0,"65":0,"66":0,"67":0,"68":0,"69":0,"70":0,"71":0},"f":{"0":0,"1":0,"2":0,"3":0,"4":0,"5":0,"6":0},"b":{"0":[0,0],"1":[0,0],"2":[0,0],"3":[0,0],"4":[0,0],"5":[0,0],"6":[0,0],"7":[0,0],"8":[0,0],"9":[0,0],"10":[0,0],"11":[0,0],"12":[0,0],"13":[0,0],"14":[0,0],"15":[0,0],"16":[0,0],"17":[0,0],"18":[0,0],"19":[0,0],"20":[0,0],"21":[0,0],"22":[0,0]},"inputSourceMap":null}
,"C:\\Users\\Hoquo\\OneDrive\\Desktop\\KTPM_doan\\ktpm-doan-nhom\\backend\\src\\controllers\\orderController.js": {"path":"C:\\Users\\Hoquo\\OneDrive\\Desktop\\KTPM_doan\\ktpm-doan-nhom\\backend\\src\\controllers\\orderController.js","statementMap":{"0":{"start":{"line":11,"column":27},"end":{"line":72,"column":2}},"1":{"start":{"line":13,"column":4},"end":{"line":16,"column":5}},"2":{"start":{"line":14,"column":8},"end":{"line":14,"column":24}},"3":{"start":{"line":15,"column":8},"end":{"line":15,"column":105}},"4":{"start":{"line":27,"column":8},"end":{"line":27,"column":16}},"5":{"start":{"line":29,"column":4},"end":{"line":32,"column":5}},"6":{"start":{"line":30,"column":8},"end":{"line":30,"column":24}},"7":{"start":{"line":31,"column":8},"end":{"line":31,"column":42}},"8":{"start":{"line":35,"column":4},"end":{"line":41,"column":5}},"9":{"start":{"line":36,"column":23},"end":{"line":36,"column":79}},"10":{"start":{"line":37,"column":8},"end":{"line":40,"column":9}},"11":{"start":{"line":38,"column":12},"end":{"line":38,"column":34}},"12":{"start":{"line":39,"column":12},"end":{"line":39,"column":32}},"13":{"start":{"line":43,"column":18},"end":{"line":55,"column":6}},"14":{"start":{"line":57,"column":25},"end":{"line":57,"column":43}},"15":{"start":{"line":60,"column":4},"end":{"line":66,"column":5}},"16":{"start":{"line":61,"column":21},"end":{"line":61,"column":51}},"17":{"start":{"line":62,"column":8},"end":{"line":65,"column":9}},"18":{"start":{"line":63,"column":12},"end":{"line":63,"column":40}},"19":{"start":{"line":64,"column":12},"end":{"line":64,"column":30}},"20":{"start":{"line":68,"column":4},"end":{"line":71,"column":7}},"21":{"start":{"line":79,"column":28},"end":{"line":107,"column":2}},"22":{"start":{"line":81,"column":20},"end":{"line":81,"column":40}},"23":{"start":{"line":83,"column":18},"end":{"line":85,"column":52}},"24":{"start":{"line":87,"column":4},"end":{"line":106,"column":5}},"25":{"start":{"line":90,"column":28},"end":{"line":90,"column":73}},"26":{"start":{"line":94,"column":8},"end":{"line":102,"column":9}},"27":{"start":{"line":95,"column":12},"end":{"line":98,"column":15}},"28":{"start":{"line":100,"column":12},"end":{"line":100,"column":28}},"29":{"start":{"line":101,"column":12},"end":{"line":101,"column":67}},"30":{"start":{"line":104,"column":8},"end":{"line":104,"column":24}},"31":{"start":{"line":105,"column":8},"end":{"line":105,"column":51}},"32":{"start":{"line":114,"column":33},"end":{"line":144,"column":2}},"33":{"start":{"line":115,"column":18},"end":{"line":115,"column":53}},"34":{"start":{"line":117,"column":4},"end":{"line":143,"column":5}},"35":{"start":{"line":118,"column":8},"end":{"line":118,"column":28}},"36":{"start":{"line":119,"column":8},"end":{"line":119,"column":34}},"37":{"start":{"line":120,"column":8},"end":{"line":125,"column":10}},"38":{"start":{"line":128,"column":8},"end":{"line":132,"column":9}},"39":{"start":{"line":129,"column":12},"end":{"line":129,"column":39}},"40":{"start":{"line":130,"column":12},"end":{"line":130,"column":37}},"41":{"start":{"line":131,"column":12},"end":{"line":131,"column":43}},"42":{"start":{"line":134,"column":29},"end":{"line":134,"column":47}},"43":{"start":{"line":136,"column":8},"end":{"line":139,"column":11}},"44":{"start":{"line":141,"column":8},"end":{"line":141,"column":24}},"45":{"start":{"line":142,"column":8},"end":{"line":142,"column":51}},"46":{"start":{"line":151,"column":27},"end":{"line":158,"column":2}},"47":{"start":{"line":152,"column":19},"end":{"line":152,"column":83}},"48":{"start":{"line":154,"column":4},"end":{"line":157,"column":7}},"49":{"start":{"line":165,"column":28},"end":{"line":174,"column":2}},"50":{"start":{"line":166,"column":19},"end":{"line":168,"column":32}},"51":{"start":{"line":170,"column":4},"end":{"line":173,"column":7}},"52":{"start":{"line":181,"column":33},"end":{"line":202,"column":2}},"53":{"start":{"line":182,"column":18},"end":{"line":182,"column":53}},"54":{"start":{"line":184,"column":4},"end":{"line":201,"column":5}},"55":{"start":{"line":185,"column":8},"end":{"line":185,"column":55}},"56":{"start":{"line":187,"column":8},"end":{"line":190,"column":9}},"57":{"start":{"line":188,"column":12},"end":{"line":188,"column":37}},"58":{"start":{"line":189,"column":12},"end":{"line":189,"column":43}},"59":{"start":{"line":192,"column":29},"end":{"line":192,"column":47}},"60":{"start":{"line":194,"column":8},"end":{"line":197,"column":11}},"61":{"start":{"line":199,"column":8},"end":{"line":199,"column":24}},"62":{"start":{"line":200,"column":8},"end":{"line":200,"column":51}},"63":{"start":{"line":209,"column":27},"end":{"line":244,"column":2}},"64":{"start":{"line":210,"column":18},"end":{"line":210,"column":53}},"65":{"start":{"line":212,"column":4},"end":{"line":243,"column":5}},"66":{"start":{"line":213,"column":8},"end":{"line":216,"column":9}},"67":{"start":{"line":214,"column":12},"end":{"line":214,"column":28}},"68":{"start":{"line":215,"column":12},"end":{"line":215,"column":62}},"69":{"start":{"line":218,"column":8},"end":{"line":221,"column":9}},"70":{"start":{"line":219,"column":12},"end":{"line":219,"column":28}},"71":{"start":{"line":220,"column":12},"end":{"line":220,"column":68}},"72":{"start":{"line":224,"column":8},"end":{"line":230,"column":9}},"73":{"start":{"line":225,"column":25},"end":{"line":225,"column":55}},"74":{"start":{"line":226,"column":12},"end":{"line":229,"column":13}},"75":{"start":{"line":227,"column":16},"end":{"line":227,"column":44}},"76":{"start":{"line":228,"column":16},"end":{"line":228,"column":34}},"77":{"start":{"line":232,"column":8},"end":{"line":232,"column":35}},"78":{"start":{"line":233,"column":8},"end":{"line":233,"column":65}},"79":{"start":{"line":234,"column":29},"end":{"line":234,"column":47}},"80":{"start":{"line":236,"column":8},"end":{"line":239,"column":11}},"81":{"start":{"line":241,"column":8},"end":{"line":241,"column":24}},"82":{"start":{"line":242,"column":8},"end":{"line":242,"column":51}},"83":{"start":{"line":251,"column":34},"end":{"line":276,"column":2}},"84":{"start":{"line":252,"column":18},"end":{"line":252,"column":53}},"85":{"start":{"line":254,"column":4},"end":{"line":275,"column":5}},"86":{"start":{"line":256,"column":8},"end":{"line":259,"column":9}},"87":{"start":{"line":257,"column":12},"end":{"line":257,"column":28}},"88":{"start":{"line":258,"column":12},"end":{"line":258,"column":96}},"89":{"start":{"line":261,"column":8},"end":{"line":264,"column":10}},"90":{"start":{"line":266,"column":29},"end":{"line":266,"column":47}},"91":{"start":{"line":268,"column":8},"end":{"line":271,"column":11}},"92":{"start":{"line":273,"column":8},"end":{"line":273,"column":24}},"93":{"start":{"line":274,"column":8},"end":{"line":274,"column":51}},"94":{"start":{"line":283,"column":27},"end":{"line":308,"column":2}},"95":{"start":{"line":284,"column":18},"end":{"line":284,"column":53}},"96":{"start":{"line":286,"column":4},"end":{"line":307,"column":5}},"97":{"start":{"line":288,"column":8},"end":{"line":294,"column":9}},"98":{"start":{"line":289,"column":25},"end":{"line":289,"column":55}},"99":{"start":{"line":290,"column":12},"end":{"line":293,"column":13}},"100":{"start":{"line":291,"column":16},"end":{"line":291,"column":44}},"101":{"start":{"line":292,"column":16},"end":{"line":292,"column":34}},"102":{"start":{"line":296,"column":8},"end":{"line":296,"column":34}},"103":{"start":{"line":297,"column":8},"end":{"line":297,"column":72}},"104":{"start":{"line":298,"column":29},"end":{"line":298,"column":47}},"105":{"start":{"line":300,"column":8},"end":{"line":303,"column":11}},"106":{"start":{"line":305,"column":8},"end":{"line":305,"column":24}},"107":{"start":{"line":306,"column":8},"end":{"line":306,"column":51}},"108":{"start":{"line":315,"column":26},"end":{"line":338,"column":2}},"109":{"start":{"line":316,"column":18},"end":{"line":316,"column":53}},"110":{"start":{"line":318,"column":4},"end":{"line":337,"column":5}},"111":{"start":{"line":319,"column":8},"end":{"line":322,"column":9}},"112":{"start":{"line":320,"column":12},"end":{"line":320,"column":28}},"113":{"start":{"line":321,"column":12},"end":{"line":321,"column":77}},"114":{"start":{"line":324,"column":8},"end":{"line":324,"column":29}},"115":{"start":{"line":325,"column":8},"end":{"line":325,"column":33}},"116":{"start":{"line":326,"column":8},"end":{"line":326,"column":40}},"117":{"start":{"line":328,"column":29},"end":{"line":328,"column":47}},"118":{"start":{"line":330,"column":8},"end":{"line":333,"column":11}},"119":{"start":{"line":335,"column":8},"end":{"line":335,"column":24}},"120":{"start":{"line":336,"column":8},"end":{"line":336,"column":51}}},"fnMap":{"0":{"name":"(anonymous_0)","decl":{"start":{"line":11,"column":40},"end":{"line":11,"column":41}},"loc":{"start":{"line":11,"column":60},"end":{"line":72,"column":1}},"line":11},"1":{"name":"(anonymous_1)","decl":{"start":{"line":79,"column":41},"end":{"line":79,"column":42}},"loc":{"start":{"line":79,"column":61},"end":{"line":107,"column":1}},"line":79},"2":{"name":"(anonymous_2)","decl":{"start":{"line":114,"column":46},"end":{"line":114,"column":47}},"loc":{"start":{"line":114,"column":66},"end":{"line":144,"column":1}},"line":114},"3":{"name":"(anonymous_3)","decl":{"start":{"line":151,"column":40},"end":{"line":151,"column":41}},"loc":{"start":{"line":151,"column":60},"end":{"line":158,"column":1}},"line":151},"4":{"name":"(anonymous_4)","decl":{"start":{"line":165,"column":41},"end":{"line":165,"column":42}},"loc":{"start":{"line":165,"column":61},"end":{"line":174,"column":1}},"line":165},"5":{"name":"(anonymous_5)","decl":{"start":{"line":181,"column":46},"end":{"line":181,"column":47}},"loc":{"start":{"line":181,"column":66},"end":{"line":202,"column":1}},"line":181},"6":{"name":"(anonymous_6)","decl":{"start":{"line":209,"column":40},"end":{"line":209,"column":41}},"loc":{"start":{"line":209,"column":60},"end":{"line":244,"column":1}},"line":209},"7":{"name":"(anonymous_7)","decl":{"start":{"line":251,"column":47},"end":{"line":251,"column":48}},"loc":{"start":{"line":251,"column":67},"end":{"line":276,"column":1}},"line":251},"8":{"name":"(anonymous_8)","decl":{"start":{"line":283,"column":40},"end":{"line":283,"column":41}},"loc":{"start":{"line":283,"column":60},"end":{"line":308,"column":1}},"line":283},"9":{"name":"(anonymous_9)","decl":{"start":{"line":315,"column":39},"end":{"line":315,"column":40}},"loc":{"start":{"line":315,"column":59},"end":{"line":338,"column":1}},"line":315}},"branchMap":{"0":{"loc":{"start":{"line":13,"column":4},"end":{"line":16,"column":5}},"type":"if","locations":[{"start":{"line":13,"column":4},"end":{"line":16,"column":5}},{"start":{},"end":{}}],"line":13},"1":{"loc":{"start":{"line":29,"column":4},"end":{"line":32,"column":5}},"type":"if","locations":[{"start":{"line":29,"column":4},"end":{"line":32,"column":5}},{"start":{},"end":{}}],"line":29},"2":{"loc":{"start":{"line":29,"column":8},"end":{"line":29,"column":45}},"type":"binary-expr","locations":[{"start":{"line":29,"column":8},"end":{"line":29,"column":18}},{"start":{"line":29,"column":22},"end":{"line":29,"column":45}}],"line":29},"3":{"loc":{"start":{"line":35,"column":4},"end":{"line":41,"column":5}},"type":"if","locations":[{"start":{"line":35,"column":4},"end":{"line":41,"column":5}},{"start":{},"end":{}}],"line":35},"4":{"loc":{"start":{"line":37,"column":8},"end":{"line":40,"column":9}},"type":"if","locations":[{"start":{"line":37,"column":8},"end":{"line":40,"column":9}},{"start":{},"end":{}}],"line":37},"5":{"loc":{"start":{"line":52,"column":18},"end":{"line":52,"column":34}},"type":"binary-expr","locations":[{"start":{"line":52,"column":18},"end":{"line":52,"column":28}},{"start":{"line":52,"column":32},"end":{"line":52,"column":34}}],"line":52},"6":{"loc":{"start":{"line":53,"column":28},"end":{"line":53,"column":47}},"type":"binary-expr","locations":[{"start":{"line":53,"column":28},"end":{"line":53,"column":42}},{"start":{"line":53,"column":46},"end":{"line":53,"column":47}}],"line":53},"7":{"loc":{"start":{"line":62,"column":8},"end":{"line":65,"column":9}},"type":"if","locations":[{"start":{"line":62,"column":8},"end":{"line":65,"column":9}},{"start":{},"end":{}}],"line":62},"8":{"loc":{"start":{"line":87,"column":4},"end":{"line":106,"column":5}},"type":"if","locations":[{"start":{"line":87,"column":4},"end":{"line":106,"column":5}},{"start":{"line":103,"column":11},"end":{"line":106,"column":5}}],"line":87},"9":{"loc":{"start":{"line":90,"column":28},"end":{"line":90,"column":73}},"type":"cond-expr","locations":[{"start":{"line":90,"column":41},"end":{"line":90,"column":66}},{"start":{"line":90,"column":69},"end":{"line":90,"column":73}}],"line":90},"10":{"loc":{"start":{"line":94,"column":8},"end":{"line":102,"column":9}},"type":"if","locations":[{"start":{"line":94,"column":8},"end":{"line":102,"column":9}},{"start":{"line":99,"column":15},"end":{"line":102,"column":9}}],"line":94},"11":{"loc":{"start":{"line":94,"column":12},"end":{"line":94,"column":97}},"type":"binary-expr","locations":[{"start":{"line":94,"column":13},"end":{"line":94,"column":24}},{"start":{"line":94,"column":28},"end":{"line":94,"column":67}},{"start":{"line":94,"column":72},"end":{"line":94,"column":97}}],"line":94},"12":{"loc":{"start":{"line":117,"column":4},"end":{"line":143,"column":5}},"type":"if","locations":[{"start":{"line":117,"column":4},"end":{"line":143,"column":5}},{"start":{"line":140,"column":11},"end":{"line":143,"column":5}}],"line":117},"13":{"loc":{"start":{"line":128,"column":8},"end":{"line":132,"column":9}},"type":"if","locations":[{"start":{"line":128,"column":8},"end":{"line":132,"column":9}},{"start":{},"end":{}}],"line":128},"14":{"loc":{"start":{"line":184,"column":4},"end":{"line":201,"column":5}},"type":"if","locations":[{"start":{"line":184,"column":4},"end":{"line":201,"column":5}},{"start":{"line":198,"column":11},"end":{"line":201,"column":5}}],"line":184},"15":{"loc":{"start":{"line":185,"column":23},"end":{"line":185,"column":54}},"type":"binary-expr","locations":[{"start":{"line":185,"column":23},"end":{"line":185,"column":38}},{"start":{"line":185,"column":42},"end":{"line":185,"column":54}}],"line":185},"16":{"loc":{"start":{"line":187,"column":8},"end":{"line":190,"column":9}},"type":"if","locations":[{"start":{"line":187,"column":8},"end":{"line":190,"column":9}},{"start":{},"end":{}}],"line":187},"17":{"loc":{"start":{"line":212,"column":4},"end":{"line":243,"column":5}},"type":"if","locations":[{"start":{"line":212,"column":4},"end":{"line":243,"column":5}},{"start":{"line":240,"column":11},"end":{"line":243,"column":5}}],"line":212},"18":{"loc":{"start":{"line":213,"column":8},"end":{"line":216,"column":9}},"type":"if","locations":[{"start":{"line":213,"column":8},"end":{"line":216,"column":9}},{"start":{},"end":{}}],"line":213},"19":{"loc":{"start":{"line":218,"column":8},"end":{"line":221,"column":9}},"type":"if","locations":[{"start":{"line":218,"column":8},"end":{"line":221,"column":9}},{"start":{},"end":{}}],"line":218},"20":{"loc":{"start":{"line":226,"column":12},"end":{"line":229,"column":13}},"type":"if","locations":[{"start":{"line":226,"column":12},"end":{"line":229,"column":13}},{"start":{},"end":{}}],"line":226},"21":{"loc":{"start":{"line":233,"column":29},"end":{"line":233,"column":64}},"type":"binary-expr","locations":[{"start":{"line":233,"column":29},"end":{"line":233,"column":44}},{"start":{"line":233,"column":48},"end":{"line":233,"column":64}}],"line":233},"22":{"loc":{"start":{"line":254,"column":4},"end":{"line":275,"column":5}},"type":"if","locations":[{"start":{"line":254,"column":4},"end":{"line":275,"column":5}},{"start":{"line":272,"column":11},"end":{"line":275,"column":5}}],"line":254},"23":{"loc":{"start":{"line":256,"column":8},"end":{"line":259,"column":9}},"type":"if","locations":[{"start":{"line":256,"column":8},"end":{"line":259,"column":9}},{"start":{},"end":{}}],"line":256},"24":{"loc":{"start":{"line":256,"column":12},"end":{"line":256,"column":71}},"type":"binary-expr","locations":[{"start":{"line":256,"column":12},"end":{"line":256,"column":39}},{"start":{"line":256,"column":43},"end":{"line":256,"column":71}}],"line":256},"25":{"loc":{"start":{"line":286,"column":4},"end":{"line":307,"column":5}},"type":"if","locations":[{"start":{"line":286,"column":4},"end":{"line":307,"column":5}},{"start":{"line":304,"column":11},"end":{"line":307,"column":5}}],"line":286},"26":{"loc":{"start":{"line":290,"column":12},"end":{"line":293,"column":13}},"type":"if","locations":[{"start":{"line":290,"column":12},"end":{"line":293,"column":13}},{"start":{},"end":{}}],"line":290},"27":{"loc":{"start":{"line":297,"column":29},"end":{"line":297,"column":71}},"type":"binary-expr","locations":[{"start":{"line":297,"column":29},"end":{"line":297,"column":44}},{"start":{"line":297,"column":48},"end":{"line":297,"column":71}}],"line":297},"28":{"loc":{"start":{"line":318,"column":4},"end":{"line":337,"column":5}},"type":"if","locations":[{"start":{"line":318,"column":4},"end":{"line":337,"column":5}},{"start":{"line":334,"column":11},"end":{"line":337,"column":5}}],"line":318},"29":{"loc":{"start":{"line":319,"column":8},"end":{"line":322,"column":9}},"type":"if","locations":[{"start":{"line":319,"column":8},"end":{"line":322,"column":9}},{"start":{},"end":{}}],"line":319}},"s":{"0":0,"1":0,"2":0,"3":0,"4":0,"5":0,"6":0,"7":0,"8":0,"9":0,"10":0,"11":0,"12":0,"13":0,"14":0,"15":0,"16":0,"17":0,"18":0,"19":0,"20":0,"21":0,"22":0,"23":0,"24":0,"25":0,"26":0,"27":0,"28":0,"29":0,"30":0,"31":0,"32":0,"33":0,"34":0,"35":0,"36":0,"37":0,"38":0,"39":0,"40":0,"41":0,"42":0,"43":0,"44":0,"45":0,"46":0,"47":0,"48":0,"49":0,"50":0,"51":0,"52":0,"53":0,"54":0,"55":0,"56":0,"57":0,"58":0,"59":0,"60":0,"61":0,"62":0,"63":0,"64":0,"65":0,"66":0,"67":0,"68":0,"69":0,"70":0,"71":0,"72":0,"73":0,"74":0,"75":0,"76":0,"77":0,"78":0,"79":0,"80":0,"81":0,"82":0,"83":0,"84":0,"85":0,"86":0,"87":0,"88":0,"89":0,"90":0,"91":0,"92":0,"93":0,"94":0,"95":0,"96":0,"97":0,"98":0,"99":0,"100":0,"101":0,"102":0,"103":0,"104":0,"105":0,"106":0,"107":0,"108":0,"109":0,"110":0,"111":0,"112":0,"113":0,"114":0,"115":0,"116":0,"117":0,"118":0,"119":0,"120":0},"f":{"0":0,"1":0,"2":0,"3":0,"4":0,"5":0,"6":0,"7":0,"8":0,"9":0},"b":{"0":[0,0],"1":[0,0],"2":[0,0],"3":[0,0],"4":[0,0],"5":[0,0],"6":[0,0],"7":[0,0],"8":[0,0],"9":[0,0],"10":[0,0],"11":[0,0,0],"12":[0,0],"13":[0,0],"14":[0,0],"15":[0,0],"16":[0,0],"17":[0,0],"18":[0,0],"19":[0,0],"20":[0,0],"21":[0,0],"22":[0,0],"23":[0,0],"24":[0,0],"25":[0,0],"26":[0,0],"27":[0,0],"28":[0,0],"29":[0,0]},"inputSourceMap":null}
,"C:\\Users\\Hoquo\\OneDrive\\Desktop\\KTPM_doan\\ktpm-doan-nhom\\backend\\src\\controllers\\paymentController.js": {"path":"C:\\Users\\Hoquo\\OneDrive\\Desktop\\KTPM_doan\\ktpm-doan-nhom\\backend\\src\\controllers\\paymentController.js","statementMap":{"0":{"start":{"line":11,"column":37},"end":{"line":35,"column":2}},"1":{"start":{"line":12,"column":42},"end":{"line":12,"column":50}},"2":{"start":{"line":14,"column":18},"end":{"line":14,"column":47}},"3":{"start":{"line":15,"column":4},"end":{"line":18,"column":5}},"4":{"start":{"line":16,"column":8},"end":{"line":16,"column":24}},"5":{"start":{"line":17,"column":8},"end":{"line":17,"column":51}},"6":{"start":{"line":20,"column":19},"end":{"line":20,"column":96}},"7":{"start":{"line":22,"column":23},"end":{"line":27,"column":6}},"8":{"start":{"line":29,"column":4},"end":{"line":34,"column":7}},"9":{"start":{"line":42,"column":27},"end":{"line":71,"column":2}},"10":{"start":{"line":43,"column":22},"end":{"line":43,"column":31}},"11":{"start":{"line":45,"column":20},"end":{"line":45,"column":51}},"12":{"start":{"line":47,"column":4},"end":{"line":49,"column":5}},"13":{"start":{"line":48,"column":8},"end":{"line":48,"column":98}},"14":{"start":{"line":51,"column":26},"end":{"line":51,"column":53}},"15":{"start":{"line":53,"column":4},"end":{"line":70,"column":5}},"16":{"start":{"line":54,"column":22},"end":{"line":54,"column":65}},"17":{"start":{"line":55,"column":8},"end":{"line":65,"column":9}},"18":{"start":{"line":56,"column":12},"end":{"line":56,"column":32}},"19":{"start":{"line":57,"column":12},"end":{"line":57,"column":38}},"20":{"start":{"line":58,"column":12},"end":{"line":62,"column":14}},"21":{"start":{"line":63,"column":12},"end":{"line":63,"column":40}},"22":{"start":{"line":64,"column":12},"end":{"line":64,"column":31}},"23":{"start":{"line":67,"column":8},"end":{"line":67,"column":101}},"24":{"start":{"line":69,"column":8},"end":{"line":69,"column":98}},"25":{"start":{"line":78,"column":24},"end":{"line":107,"column":2}},"26":{"start":{"line":79,"column":22},"end":{"line":79,"column":31}},"27":{"start":{"line":81,"column":20},"end":{"line":81,"column":51}},"28":{"start":{"line":83,"column":4},"end":{"line":85,"column":5}},"29":{"start":{"line":84,"column":8},"end":{"line":84,"column":73}},"30":{"start":{"line":87,"column":26},"end":{"line":87,"column":53}},"31":{"start":{"line":89,"column":4},"end":{"line":106,"column":5}},"32":{"start":{"line":90,"column":22},"end":{"line":90,"column":65}},"33":{"start":{"line":91,"column":8},"end":{"line":101,"column":9}},"34":{"start":{"line":92,"column":12},"end":{"line":92,"column":32}},"35":{"start":{"line":93,"column":12},"end":{"line":93,"column":38}},"36":{"start":{"line":94,"column":12},"end":{"line":98,"column":14}},"37":{"start":{"line":99,"column":12},"end":{"line":99,"column":40}},"38":{"start":{"line":100,"column":12},"end":{"line":100,"column":31}},"39":{"start":{"line":103,"column":8},"end":{"line":103,"column":56}},"40":{"start":{"line":105,"column":8},"end":{"line":105,"column":63}},"41":{"start":{"line":114,"column":36},"end":{"line":141,"column":2}},"42":{"start":{"line":115,"column":42},"end":{"line":115,"column":50}},"43":{"start":{"line":117,"column":18},"end":{"line":117,"column":47}},"44":{"start":{"line":118,"column":4},"end":{"line":121,"column":5}},"45":{"start":{"line":119,"column":8},"end":{"line":119,"column":24}},"46":{"start":{"line":120,"column":8},"end":{"line":120,"column":51}},"47":{"start":{"line":123,"column":26},"end":{"line":127,"column":6}},"48":{"start":{"line":129,"column":4},"end":{"line":140,"column":5}},"49":{"start":{"line":130,"column":8},"end":{"line":136,"column":11}},"50":{"start":{"line":138,"column":8},"end":{"line":138,"column":24}},"51":{"start":{"line":139,"column":8},"end":{"line":139,"column":81}},"52":{"start":{"line":148,"column":26},"end":{"line":177,"column":2}},"53":{"start":{"line":149,"column":23},"end":{"line":149,"column":31}},"54":{"start":{"line":151,"column":20},"end":{"line":151,"column":51}},"55":{"start":{"line":153,"column":4},"end":{"line":155,"column":5}},"56":{"start":{"line":154,"column":8},"end":{"line":154,"column":98}},"57":{"start":{"line":157,"column":26},"end":{"line":157,"column":53}},"58":{"start":{"line":159,"column":4},"end":{"line":176,"column":5}},"59":{"start":{"line":160,"column":22},"end":{"line":160,"column":65}},"60":{"start":{"line":161,"column":8},"end":{"line":171,"column":9}},"61":{"start":{"line":162,"column":12},"end":{"line":162,"column":32}},"62":{"start":{"line":163,"column":12},"end":{"line":163,"column":38}},"63":{"start":{"line":164,"column":12},"end":{"line":168,"column":14}},"64":{"start":{"line":169,"column":12},"end":{"line":169,"column":40}},"65":{"start":{"line":170,"column":12},"end":{"line":170,"column":31}},"66":{"start":{"line":173,"column":8},"end":{"line":173,"column":101}},"67":{"start":{"line":175,"column":8},"end":{"line":175,"column":98}},"68":{"start":{"line":184,"column":23},"end":{"line":213,"column":2}},"69":{"start":{"line":185,"column":23},"end":{"line":185,"column":31}},"70":{"start":{"line":187,"column":20},"end":{"line":187,"column":51}},"71":{"start":{"line":189,"column":4},"end":{"line":191,"column":5}},"72":{"start":{"line":190,"column":8},"end":{"line":190,"column":74}},"73":{"start":{"line":193,"column":26},"end":{"line":193,"column":53}},"74":{"start":{"line":195,"column":4},"end":{"line":212,"column":5}},"75":{"start":{"line":196,"column":22},"end":{"line":196,"column":65}},"76":{"start":{"line":197,"column":8},"end":{"line":207,"column":9}},"77":{"start":{"line":198,"column":12},"end":{"line":198,"column":32}},"78":{"start":{"line":199,"column":12},"end":{"line":199,"column":38}},"79":{"start":{"line":200,"column":12},"end":{"line":204,"column":14}},"80":{"start":{"line":205,"column":12},"end":{"line":205,"column":40}},"81":{"start":{"line":206,"column":12},"end":{"line":206,"column":31}},"82":{"start":{"line":209,"column":8},"end":{"line":209,"column":56}},"83":{"start":{"line":211,"column":8},"end":{"line":211,"column":63}}},"fnMap":{"0":{"name":"(anonymous_0)","decl":{"start":{"line":11,"column":50},"end":{"line":11,"column":51}},"loc":{"start":{"line":11,"column":70},"end":{"line":35,"column":1}},"line":11},"1":{"name":"(anonymous_1)","decl":{"start":{"line":42,"column":40},"end":{"line":42,"column":41}},"loc":{"start":{"line":42,"column":60},"end":{"line":71,"column":1}},"line":42},"2":{"name":"(anonymous_2)","decl":{"start":{"line":78,"column":37},"end":{"line":78,"column":38}},"loc":{"start":{"line":78,"column":57},"end":{"line":107,"column":1}},"line":78},"3":{"name":"(anonymous_3)","decl":{"start":{"line":114,"column":49},"end":{"line":114,"column":50}},"loc":{"start":{"line":114,"column":69},"end":{"line":141,"column":1}},"line":114},"4":{"name":"(anonymous_4)","decl":{"start":{"line":148,"column":39},"end":{"line":148,"column":40}},"loc":{"start":{"line":148,"column":59},"end":{"line":177,"column":1}},"line":148},"5":{"name":"(anonymous_5)","decl":{"start":{"line":184,"column":36},"end":{"line":184,"column":37}},"loc":{"start":{"line":184,"column":56},"end":{"line":213,"column":1}},"line":184}},"branchMap":{"0":{"loc":{"start":{"line":15,"column":4},"end":{"line":18,"column":5}},"type":"if","locations":[{"start":{"line":15,"column":4},"end":{"line":18,"column":5}},{"start":{},"end":{}}],"line":15},"1":{"loc":{"start":{"line":20,"column":19},"end":{"line":20,"column":96}},"type":"binary-expr","locations":[{"start":{"line":20,"column":19},"end":{"line":20,"column":49}},{"start":{"line":20,"column":53},"end":{"line":20,"column":81}},{"start":{"line":20,"column":85},"end":{"line":20,"column":96}}],"line":20},"2":{"loc":{"start":{"line":25,"column":26},"end":{"line":25,"column":78}},"type":"binary-expr","locations":[{"start":{"line":25,"column":26},"end":{"line":25,"column":42}},{"start":{"line":25,"column":46},"end":{"line":25,"column":78}}],"line":25},"3":{"loc":{"start":{"line":47,"column":4},"end":{"line":49,"column":5}},"type":"if","locations":[{"start":{"line":47,"column":4},"end":{"line":49,"column":5}},{"start":{},"end":{}}],"line":47},"4":{"loc":{"start":{"line":53,"column":4},"end":{"line":70,"column":5}},"type":"if","locations":[{"start":{"line":53,"column":4},"end":{"line":70,"column":5}},{"start":{"line":68,"column":11},"end":{"line":70,"column":5}}],"line":53},"5":{"loc":{"start":{"line":55,"column":8},"end":{"line":65,"column":9}},"type":"if","locations":[{"start":{"line":55,"column":8},"end":{"line":65,"column":9}},{"start":{},"end":{}}],"line":55},"6":{"loc":{"start":{"line":83,"column":4},"end":{"line":85,"column":5}},"type":"if","locations":[{"start":{"line":83,"column":4},"end":{"line":85,"column":5}},{"start":{},"end":{}}],"line":83},"7":{"loc":{"start":{"line":89,"column":4},"end":{"line":106,"column":5}},"type":"if","locations":[{"start":{"line":89,"column":4},"end":{"line":106,"column":5}},{"start":{"line":104,"column":11},"end":{"line":106,"column":5}}],"line":89},"8":{"loc":{"start":{"line":91,"column":8},"end":{"line":101,"column":9}},"type":"if","locations":[{"start":{"line":91,"column":8},"end":{"line":101,"column":9}},{"start":{},"end":{}}],"line":91},"9":{"loc":{"start":{"line":91,"column":12},"end":{"line":91,"column":34}},"type":"binary-expr","locations":[{"start":{"line":91,"column":12},"end":{"line":91,"column":17}},{"start":{"line":91,"column":21},"end":{"line":91,"column":34}}],"line":91},"10":{"loc":{"start":{"line":118,"column":4},"end":{"line":121,"column":5}},"type":"if","locations":[{"start":{"line":118,"column":4},"end":{"line":121,"column":5}},{"start":{},"end":{}}],"line":118},"11":{"loc":{"start":{"line":126,"column":26},"end":{"line":126,"column":78}},"type":"binary-expr","locations":[{"start":{"line":126,"column":26},"end":{"line":126,"column":42}},{"start":{"line":126,"column":46},"end":{"line":126,"column":78}}],"line":126},"12":{"loc":{"start":{"line":129,"column":4},"end":{"line":140,"column":5}},"type":"if","locations":[{"start":{"line":129,"column":4},"end":{"line":140,"column":5}},{"start":{"line":137,"column":11},"end":{"line":140,"column":5}}],"line":129},"13":{"loc":{"start":{"line":139,"column":24},"end":{"line":139,"column":79}},"type":"binary-expr","locations":[{"start":{"line":139,"column":24},"end":{"line":139,"column":45}},{"start":{"line":139,"column":49},"end":{"line":139,"column":79}}],"line":139},"14":{"loc":{"start":{"line":153,"column":4},"end":{"line":155,"column":5}},"type":"if","locations":[{"start":{"line":153,"column":4},"end":{"line":155,"column":5}},{"start":{},"end":{}}],"line":153},"15":{"loc":{"start":{"line":159,"column":4},"end":{"line":176,"column":5}},"type":"if","locations":[{"start":{"line":159,"column":4},"end":{"line":176,"column":5}},{"start":{"line":174,"column":11},"end":{"line":176,"column":5}}],"line":159},"16":{"loc":{"start":{"line":161,"column":8},"end
[...]
,"C:\\Users\\Hoquo\\OneDrive\\Desktop\\KTPM_doan\\ktpm-doan-nhom\\backend\\src\\models\\Review.js": {"path":"C:\\Users\\Hoquo\\OneDrive\\Desktop\\KTPM_doan\\ktpm-doan-nhom\\backend\\src\\models\\Review.js","statementMap":{"0":{"start":{"line":3,"column":21},"end":{"line":30,"column":1}},"1":{"start":{"line":33,"column":0},"end":{"line":33,"column":59}},"2":{"start":{"line":35,"column":15},"end":{"line":35,"column":53}}},"fnMap":{},"branchMap":{},"s":{"0":0,"1":0,"2":0},"f":{},"b":{},"inputSourceMap":null}
,"C:\\Users\\Hoquo\\OneDrive\\Desktop\\KTPM_doan\\ktpm-doan-nhom\\backend\\src\\models\\User.js": {"path":"C:\\Users\\Hoquo\\OneDrive\\Desktop\\KTPM_doan\\ktpm-doan-nhom\\backend\\src\\models\\User.js","statementMap":{"0":{"start":{"line":4,"column":22},"end":{"line":29,"column":2}},"1":{"start":{"line":31,"column":19},"end":{"line":82,"column":1}},"2":{"start":{"line":53,"column":41},"end":{"line":53,"column":60}},"3":{"start":{"line":55,"column":38},"end":{"line":55,"column":57}},"4":{"start":{"line":57,"column":43},"end":{"line":57,"column":79}},"5":{"start":{"line":59,"column":20},"end":{"line":59,"column":71}},"6":{"start":{"line":85,"column":0},"end":{"line":91,"column":3}},"7":{"start":{"line":86,"column":4},"end":{"line":88,"column":5}},"8":{"start":{"line":87,"column":8},"end":{"line":87,"column":15}},"9":{"start":{"line":89,"column":17},"end":{"line":89,"column":41}},"10":{"start":{"line":90,"column":4},"end":{"line":90,"column":59}},"11":{"start":{"line":94,"column":0},"end":{"line":96,"column":2}},"12":{"start":{"line":95,"column":4},"end":{"line":95,"column":64}},"13":{"start":{"line":98,"column":13},"end":{"line":98,"column":47}}},"fnMap":{"0":{"name":"(anonymous_0)","decl":{"start":{"line":51,"column":27},"end":{"line":51,"column":28}},"loc":{"start":{"line":51,"column":44},"end":{"line":60,"column":17}},"line":51},"1":{"name":"(anonymous_1)","decl":{"start":{"line":85,"column":23},"end":{"line":85,"column":24}},"loc":{"start":{"line":85,"column":45},"end":{"line":91,"column":1}},"line":85},"2":{"name":"(anonymous_2)","decl":{"start":{"line":94,"column":35},"end":{"line":94,"column":36}},"loc":{"start":{"line":94,"column":68},"end":{"line":96,"column":1}},"line":94}},"branchMap":{"0":{"loc":{"start":{"line":59,"column":27},"end":{"line":59,"column":70}},"type":"binary-expr","locations":[{"start":{"line":59,"column":27},"end":{"line":59,"column":39}},{"start":{"line":59,"column":43},"end":{"line":59,"column":52}},{"start":{"line":59,"column":56},"end":{"line":59,"column":70}}],"line":59},"1":{"loc":{"start":{"line":86,"column":4},"end":{"line":88,"column":5}},"type":"if","locations":[{"start":{"line":86,"column":4},"end":{"line":88,"column":5}},{"start":{},"end":{}}],"line":86}},"s":{"0":0,"1":0,"2":0,"3":0,"4":0,"5":0,"6":0,"7":0,"8":0,"9":0,"10":0,"11":0,"12":0,"13":0},"f":{"0":0,"1":0,"2":0},"b":{"0":[0,0,0],"1":[0,0]},"inputSourceMap":null}
,"C:\\Users\\Hoquo\\OneDrive\\Desktop\\KTPM_doan\\ktpm-doan-nhom\\backend\\src\\routes\\authRoutes.js": {"path":"C:\\Users\\Hoquo\\OneDrive\\Desktop\\KTPM_doan\\ktpm-doan-nhom\\backend\\src\\routes\\authRoutes.js","statementMap":{"0":{"start":{"line":5,"column":15},"end":{"line":5,"column":31}},"1":{"start":{"line":7,"column":0},"end":{"line":7,"column":35}},"2":{"start":{"line":8,"column":0},"end":{"line":8,"column":29}},"3":{"start":{"line":9,"column":0},"end":{"line":9,"column":78}}},"fnMap":{},"branchMap":{},"s":{"0":0,"1":0,"2":0,"3":0},"f":{},"b":{},"inputSourceMap":null}
,"C:\\Users\\Hoquo\\OneDrive\\Desktop\\KTPM_doan\\ktpm-doan-nhom\\backend\\src\\routes\\bookRoutes.js": {"path":"C:\\Users\\Hoquo\\OneDrive\\Desktop\\KTPM_doan\\ktpm-doan-nhom\\backend\\src\\routes\\bookRoutes.js","statementMap":{"0":{"start":{"line":16,"column":15},"end":{"line":16,"column":31}},"1":{"start":{"line":18,"column":0},"end":{"line":18,"column":65}},"2":{"start":{"line":19,"column":0},"end":{"line":19,"column":32}},"3":{"start":{"line":20,"column":0},"end":{"line":20,"column":35}},"4":{"start":{"line":21,"column":0},"end":{"line":21,"column":84}},"5":{"start":{"line":22,"column":0},"end":{"line":22,"column":105}}},"fnMap":{},"branchMap":{},"s":{"0":0,"1":0,"2":0,"3":0,"4":0,"5":0},"f":{},"b":{},"inputSourceMap":null}
,"C:\\Users\\Hoquo\\OneDrive\\Desktop\\KTPM_doan\\ktpm-doan-nhom\\backend\\src\\routes\\cartRoutes.js": {"path":"C:\\Users\\Hoquo\\OneDrive\\Desktop\\KTPM_doan\\ktpm-doan-nhom\\backend\\src\\routes\\cartRoutes.js","statementMap":{"0":{"start":{"line":11,"column":15},"end":{"line":11,"column":31}},"1":{"start":{"line":13,"column":0},"end":{"line":13,"column":92}},"2":{"start":{"line":14,"column":0},"end":{"line":14,"column":86}}},"fnMap":{},"branchMap":{},"s":{"0":0,"1":0,"2":0},"f":{},"b":{},"inputSourceMap":null}
,"C:\\Users\\Hoquo\\OneDrive\\Desktop\\KTPM_doan\\ktpm-doan-nhom\\backend\\src\\routes\\categoryRoutes.js": {"path":"C:\\Users\\Hoquo\\OneDrive\\Desktop\\KTPM_doan\\ktpm-doan-nhom\\backend\\src\\routes\\categoryRoutes.js","statementMap":{"0":{"start":{"line":12,"column":15},"end":{"line":12,"column":31}},"1":{"start":{"line":14,"column":0},"end":{"line":14,"column":74}},"2":{"start":{"line":15,"column":0},"end":{"line":15,"column":117}}},"fnMap":{},"branchMap":{},"s":{"0":0,"1":0,"2":0},"f":{},"b":{},"inputSourceMap":null}
,"C:\\Users\\Hoquo\\OneDrive\\Desktop\\KTPM_doan\\ktpm-doan-nhom\\backend\\src\\routes\\couponRoutes.js": {"path":"C:\\Users\\Hoquo\\OneDrive\\Desktop\\KTPM_doan\\ktpm-doan-nhom\\backend\\src\\routes\\couponRoutes.js","statementMap":{"0":{"start":{"line":14,"column":15},"end":{"line":14,"column":31}},"1":{"start":{"line":16,"column":0},"end":{"line":16,"column":28}},"2":{"start":{"line":17,"column":0},"end":{"line":17,"column":56}},"3":{"start":{"line":18,"column":0},"end":{"line":18,"column":41}},"4":{"start":{"line":19,"column":0},"end":{"line":19,"column":47}},"5":{"start":{"line":20,"column":0},"end":{"line":20,"column":38}},"6":{"start":{"line":21,"column":0},"end":{"line":21,"column":92}}},"fnMap":{},"branchMap":{},"s":{"0":0,"1":0,"2":0,"3":0,"4":0,"5":0,"6":0},"f":{},"b":{},"inputSourceMap":null}
,"C:\\Users\\Hoquo\\OneDrive\\Desktop\\KTPM_doan\\ktpm-doan-nhom\\backend\\src\\routes\\orderRoutes.js": {"path":"C:\\Users\\Hoquo\\OneDrive\\Desktop\\KTPM_doan\\ktpm-doan-nhom\\backend\\src\\routes\\orderRoutes.js","statementMap":{"0":{"start":{"line":17,"column":15},"end":{"line":17,"column":31}},"1":{"start":{"line":19,"column":0},"end":{"line":19,"column":79}},"2":{"start":{"line":20,"column":0},"end":{"line":20,"column":46}},"3":{"start":{"line":21,"column":0},"end":{"line":21,"column":42}},"4":{"start":{"line":22,"column":0},"end":{"line":22,"column":51}},"5":{"start":{"line":23,"column":0},"end":{"line":23,"column":53}},"6":{"start":{"line":24,"column":0},"end":{"line":24,"column":61}},"7":{"start":{"line":25,"column":0},"end":{"line":25,"column":55}},"8":{"start":{"line":26,"column":0},"end":{"line":26,"column":63}},"9":{"start":{"line":27,"column":0},"end":{"line":27,"column":55}}},"fnMap":{},"branchMap":{},"s":{"0":0,"1":0,"2":0,"3":0,"4":0,"5":0,"6":0,"7":0,"8":0,"9":0},"f":{},"b":{},"inputSourceMap":null}
,"C:\\Users\\Hoquo\\OneDrive\\Desktop\\KTPM_doan\\ktpm-doan-nhom\\backend\\src\\routes\\paymentRoutes.js": {"path":"C:\\Users\\Hoquo\\OneDrive\\Desktop\\KTPM_doan\\ktpm-doan-nhom\\backend\\src\\routes\\paymentRoutes.js","statementMap":{"0":{"start":{"line":12,"column":15},"end":{"line":12,"column":31}},"1":{"start":{"line":15,"column":0},"end":{"line":15,"column":61}},"2":{"start":{"line":16,"column":0},"end":{"line":16,"column":41}},"3":{"start":{"line":17,"column":0},"end":{"line":17,"column":36}},"4":{"start":{"line":20,"column":0},"end":{"line":20,"column":59}},"5":{"start":{"line":21,"column":0},"end":{"line":21,"column":40}},"6":{"start":{"line":22,"column":0},"end":{"line":22,"column":34}}},"fnMap":{},"branchMap":{},"s":{"0":0,"1":0,"2":0,"3":0,"4":0,"5":0,"6":0},"f":{},"b":{},"inputSourceMap":null}
,"C:\\Users\\Hoquo\\OneDrive\\Desktop\\KTPM_doan\\ktpm-doan-nhom\\backend\\src\\routes\\reviewRoutes.js": {"path":"C:\\Users\\Hoquo\\OneDrive\\Desktop\\KTPM_doan\\ktpm-doan-nhom\\backend\\src\\routes\\reviewRoutes.js","statementMap":{"0":{"start":{"line":6,"column":15},"end":{"line":6,"column":31}},"1":{"start":{"line":8,"column":0},"end":{"line":8,"column":57}},"2":{"start":{"line":9,"column":0},"end":{"line":9,"column":49}},"3":{"start":{"line":10,"column":0},"end":{"line":10,"column":56}},"4":{"start":{"line":11,"column":0},"end":{"line":11,"column":52}}},"fnMap":{},"branchMap":{},"s":{"0":0,"1":0,"2":0,"3":0,"4":0},"f":{},"b":{},"inputSourceMap":null}
,"C:\\Users\\Hoquo\\OneDrive\\Desktop\\KTPM_doan\\ktpm-doan-nhom\\backend\\src\\routes\\userRoutes.js": {"path":"C:\\Users\\Hoquo\\OneDrive\\Desktop\\KTPM_doan\\ktpm-doan-nhom\\backend\\src\\routes\\userRoutes.js","statementMap":{"0":{"start":{"line":6,"column":15},"end":{"line":6,"column":31}},"1":{"start":{"line":8,"column":0},"end":{"line":8,"column":56}},"2":{"start":{"line":9,"column":0},"end":{"line":9,"column":45}},"3":{"start":{"line":10,"column":0},"end":{"line":10,"column":121}}},"fnMap":{},"branchMap":{},"s":{"0":0,"1":0,"2":0,"3":0},"f":{},"b":{},"inputSourceMap":null}
,"C:\\Users\\Hoquo\\OneDrive\\Desktop\\KTPM_doan\\ktpm-doan-nhom\\backend\\src\\utils\\cloudinaryUpload.js": {"path":"C:\\Users\\Hoquo\\OneDrive\\Desktop\\KTPM_doan\\ktpm-doan-nhom\\backend\\src\\utils\\cloudinaryUpload.js","statementMap":{"0":{"start":{"line":10,"column":34},"end":{"line":31,"column":1}},"1":{"start":{"line":11,"column":4},"end":{"line":30,"column":7}},"2":{"start":{"line":12,"column":29},"end":{"line":24,"column":9}},"3":{"start":{"line":18,"column":16},"end":{"line":22,"column":17}},"4":{"start":{"line":19,"column":20},"end":{"line":19,"column":34}},"5":{"start":{"line":21,"column":20},"end":{"line":21,"column":47}},"6":{"start":{"line":26,"column":31},"end":{"line":26,"column":45}},"7":{"start":{"line":27,"column":8},"end":{"line":27,"column":40}},"8":{"start":{"line":28,"column":8},"end":{"line":28,"column":34}},"9":{"start":{"line":29,"column":8},"end":{"line":29,"column":42}},"10":{"start":{"line":38,"column":36},"end":{"line":53,"column":1}},"11":{"start":{"line":39,"column":4},"end":{"line":52,"column":5}},"12":{"start":{"line":41,"column":22},"end":{"line":41,"column":41}},"13":{"start":{"line":42,"column":25},"end":{"line":42,"column":48}},"14":{"start":{"line":43,"column":25},"end":{"line":43,"column":47}},"15":{"start":{"line":44,"column":23},"end":{"line":44,"column":46}},"16":{"start":{"line":46,"column":29},"end":{"line":46,"column":52}},"17":{"start":{"line":48,"column":8},"end":{"line":48,"column":56}},"18":{"start":{"line":50,"column":8},"end":{"line":50,"column":64}},"19":{"start":{"line":51,"column":8},"end":{"line":51,"column":20}}},"fnMap":{"0":{"name":"(anonymous_0)","decl":{"start":{"line":10,"column":34},"end":{"line":10,"column":35}},"loc":{"start":{"line":10,"column":72},"end":{"line":31,"column":1}},"line":10},"1":{"name":"(anonymous_1)","decl":{"start":{"line":11,"column":23},"end":{"line":11,"column":24}},"loc":{"start":{"line":11,"column":44},"end":{"line":30,"column":5}},"line":11},"2":{"name":"(anonymous_2)","decl":{"start":{"line":17,"column":12},"end":{"line":17,"column":13}},"loc":{"start":{"line":17,"column":31},"end":{"line":23,"column":13}},"line":17},"3":{"name":"(anonymous_3)","decl":{"start":{"line":38,"column":36},"end":{"line":38,"column":37}},"loc":{"start":{"line":38,"column":56},"end":{"line":53,"column":1}},"line":38}},"branchMap":{"0":{"loc":{"start":{"line":10,"column":47},"end":{"line":10,"column":67}},"type":"default-arg","locations":[{"start":{"line":10,"column":56},"end":{"line":10,"column":67}}],"line":10},"1":{"loc":{"start":{"line":18,"column":16},"end":{"line":22,"column":17}},"type":"if","locations":[{"start":{"line":18,"column":16},"end":{"line":22,"column":17}},{"start":{"line":20,"column":23},"end":{"line":22,"column":17}}],"line":18}},"s":{"0":0,"1":0,"2":0,"3":0,"4":0,"5":0,"6":0,"7":0,"8":0,"9":0,"10":0,"11":0,"12":0,"13":0,"14":0,"15":0,"16":0,"17":0,"18":0,"19":0},"f":{"0":0,"1":0,"2":0,"3":0},"b":{"0":[0],"1":[0,0]},"inputSourceMap":null}
,"C:\\Users\\Hoquo\\OneDrive\\Desktop\\KTPM_doan\\ktpm-doan-nhom\\backend\\src\\utils\\generateToken.js": {"path":"C:\\Users\\Hoquo\\OneDrive\\Desktop\\KTPM_doan\\ktpm-doan-nhom\\backend\\src\\utils\\generateToken.js","statementMap":{"0":{"start":{"line":3,"column":22},"end":{"line":7,"column":1}},"1":{"start":{"line":4,"column":4},"end":{"line":6,"column":7}}},"fnMap":{"0":{"name":"(anonymous_0)","decl":{"start":{"line":3,"column":22},"end":{"line":3,"column":23}},"loc":{"start":{"line":3,"column":30},"end":{"line":7,"column":1}},"line":3}},"branchMap":{"0":{"loc":{"start":{"line":5,"column":19},"end":{"line":5,"column":50}},"type":"binary-expr","locations":[{"start":{"line":5,"column":19},"end":{"line":5,"column":41}},{"start":{"line":5,"column":45},"end":{"line":5,"column":50}}],"line":5}},"s":{"0":0,"1":0},"f":{"0":0},"b":{"0":[0,0]},"inputSourceMap":null}
,"C:\\Users\\Hoquo\\OneDrive\\Desktop\\KTPM_doan\\ktpm-doan-nhom\\backend\\src\\utils\\momoHelper.js": {"path":"C:\\Users\\Hoquo\\OneDrive\\Desktop\\KTPM_doan\\ktpm-doan-nhom\\backend\\src\\utils\\momoHelper.js","statementMap":{"0":{"start":{"line":10,"column":33},"end":{"line":54,"column":1}},"1":{"start":{"line":11,"column":50},"end":{"line":11,"column":59}},"2":{"start":{"line":13,"column":24},"end":{"line":13,"column":47}},"3":{"start":{"line":14,"column":22},"end":{"line":14,"column":43}},"4":{"start":{"line":15,"column":22},"end":{"line":15,"column":43}},"5":{"start":{"line":16,"column":21},"end":{"line":16,"column":41}},"6":{"start":{"line":17,"column":22},"end":{"line":17,"column":43}},"7":{"start":{"line":18,"column":19},"end":{"line":18,"column":37}},"8":{"start":{"line":20,"column":22},"end":{"line":20,"column":29}},"9":{"start":{"line":21,"column":24},"end":{"line":21,"column":39}},"10":{"start":{"line":22,"column":22},"end":{"line":22,"column":24}},"11":{"start":{"line":25,"column":25},"end":{"line":25,"column":257}},"12":{"start":{"line":27,"column":22},"end":{"line":30,"column":22}},"13":{"start":{"line":32,"column":24},"end":{"line":45,"column":5}},"14":{"start":{"line":47,"column":4},"end":{"line":53,"column":5}},"15":{"start":{"line":48,"column":25},"end":{"line":48,"column":64}},"16":{"start":{"line":49,"column":8},"end":{"line":49,"column":29}},"17":{"start":{"line":51,"column":8},"end":{"line":51,"column":52}},"18":{"start":{"line":52,"column":8},"end":{"line":52,"column":20}},"19":{"start":{"line":61,"column":35},"end":{"line":88,"column":1}},"20":{"start":{"line":76,"column":8},"end":{"line":76,"column":18}},"21":{"start":{"line":78,"column":22},"end":{"line":78,"column":43}},"22":{"start":{"line":80,"column":25},"end":{"line":80,"column":327}},"23":{"start":{"line":82,"column":30},"end":{"line":85,"column":22}},"24":{"start":{"line":87,"column":4},"end":{"line":87,"column":43}},"25":{"start":{"line":95,"column":31},"end":{"line":107,"column":1}},"26":{"start":{"line":96,"column":4},"end":{"line":106,"column":6}}},"fnMap":{"0":{"name":"(anonymous_0)","decl":{"start":{"line":10,"column":33},"end":{"line":10,"column":34}},"loc":{"start":{"line":10,"column":54},"end":{"line":54,"column":1}},"line":10},"1":{"name":"(anonymous_1)","decl":{"start":{"line":61,"column":35},"end":{"line":61,"column":36}},"loc":{"start":{"line":61,"column":51},"end":{"line":88,"column":1}},"line":61},"2":{"name":"(anonymous_2)","decl":{"start":{"line":95,"column":31},"end":{"line":95,"column":32}},"loc":{"start":{"line":95,"column":47},"end":{"line":107,"column":1}},"line":95}},"branchMap":{},"s":{"0":0,"1":0,"2":0,"3":0,"4":0,"5":0,"6":0,"7":0,"8":0,"9":0,"10":0,"11":0,"12":0,"13":0,"14":0,"15":0,"16":0,"17":0,"18":0,"19":0,"20":0,"21":0,"22":0,"23":0,"24":0,"25":0,"26":0},"f":{"0":0,"1":0,"2":0},"b":{},"inputSourceMap":null}
,"C:\\Users\\Hoquo\\OneDrive\\Desktop\\KTPM_doan\\ktpm-doan-nhom\\backend\\src\\utils\\vnpayHelper.js": {"path":"C:\\Users\\Hoquo\\OneDrive\\Desktop\\KTPM_doan\\ktpm-doan-nhom\\backend\\src\\utils\\vnpayHelper.js","statementMap":{"0":{"start":{"line":10,"column":19},"end":{"line":10,"column":21}},"1":{"start":{"line":11,"column":17},"end":{"line":11,"column":40}},"2":{"start":{"line":12,"column":4},"end":{"line":14,"column":7}},"3":{"start":{"line":13,"column":8},"end":{"line":13,"column":31}},"4":{"start":{"line":15,"column":4},"end":{"line":15,"column":18}},"5":{"start":{"line":23,"column":30},"end":{"line":61,"column":1}},"6":{"start":{"line":24,"column":58},"end":{"line":24,"column":67}},"7":{"start":{"line":26,"column":17},"end":{"line":26,"column":27}},"8":{"start":{"line":27,"column":23},"end":{"line":27,"column":60}},"9":{"start":{"line":28,"column":23},"end":{"line":28,"column":79}},"10":{"start":{"line":30,"column":20},"end":{"line":30,"column":40}},"11":{"start":{"line":31,"column":22},"end":{"line":31,"column":45}},"12":{"start":{"line":32,"column":19},"end":{"line":32,"column":35}},"13":{"start":{"line":33,"column":22},"end":{"line":33,"column":44}},"14":{"start":{"line":35,"column":21},"end":{"line":49,"column":5}},"15":{"start":{"line":51,"column":4},"end":{"line":51,"column":40}},"16":{"start":{"line":53,"column":21},"end":{"line":53,"column":73}},"17":{"start":{"line":54,"column":17},"end":{"line":54,"column":55}},"18":{"start":{"line":55,"column":19},"end":{"line":55,"column":76}},"19":{"start":{"line":56,"column":4},"end":{"line":56,"column":42}},"20":{"start":{"line":58,"column":23},"end":{"line":58,"column":90}},"21":{"start":{"line":60,"column":4},"end":{"line":60,"column":22}},"22":{"start":{"line":68,"column":36},"end":{"line":80,"column":1}},"23":{"start":{"line":69,"column":23},"end":{"line":69,"column":50}},"24":{"start":{"line":70,"column":4},"end":{"line":70,"column":39}},"25":{"start":{"line":71,"column":4},"end":{"line":71,"column":43}},"26":{"start":{"line":73,"column":25},"end":{"line":73,"column":46}},"27":{"start":{"line":74,"column":21},"end":{"line":74,"column":75}},"28":{"start":{"line":75,"column":22},"end":{"line":75,"column":45}},"29":{"start":{"line":76,"column":17},"end":{"line":76,"column":55}},"30":{"start":{"line":77,"column":19},"end":{"line":77,"column":76}},"31":{"start":{"line":79,"column":4},"end":{"line":79,"column":33}},"32":{"start":{"line":87,"column":32},"end":{"line":98,"column":1}},"33":{"start":{"line":88,"column":4},"end":{"line":97,"column":6}}},"fnMap":{"0":{"name":"sortObject","decl":{"start":{"line":9,"column":9},"end":{"line":9,"column":19}},"loc":{"start":{"line":9,"column":25},"end":{"line":16,"column":1}},"line":9},"1":{"name":"(anonymous_1)","decl":{"start":{"line":12,"column":17},"end":{"line":12,"column":18}},"loc":{"start":{"line":12,"column":26},"end":{"line":14,"column":5}},"line":12},"2":{"name":"(anonymous_2)","decl":{"start":{"line":23,"column":30},"end":{"line":23,"column":31}},"loc":{"start":{"line":23,"column":45},"end":{"line":61,"column":1}},"line":23},"3":{"name":"(anonymous_3)","decl":{"start":{"line":68,"column":36},"end":{"line":68,"column":37}},"loc":{"start":{"line":68,"column":51},"end":{"line":80,"column":1}},"line":68},"4":{"name":"(anonymous_4)","decl":{"start":{"line":87,"column":32},"end":{"line":87,"column":33}},"loc":{"start":{"line":87,"column":47},"end":{"line":98,"column":1}},"line":87}},"branchMap":{},"s":{"0":0,"1":0,"2":0,"3":0,"4":0,"5":0,"6":0,"7":0,"8":0,"9":0,"10":0,"11":0,"12":0,"13":0,"14":0,"15":0,"16":0,"17":0,"18":0,"19":0,"20":0,"21":0,"22":0,"23":0,"24":0,"25":0,"26":0,"27":0,"28":0,"29":0,"30":0,"31":0,"32":0,"33":0},"f":{"0":0,"1":0,"2":0,"3":0,"4":0},"b":{},"inputSourceMap":null}
}
