TN:
SF:src\controllers\authController.js
FN:10,(anonymous_0)
FN:51,(anonymous_1)
FN:92,(anonymous_2)
FN:119,(anonymous_3)
FNF:4
FNH:4
FNDA:3,(anonymous_0)
FNDA:4,(anonymous_1)
FNDA:2,(anonymous_2)
FNDA:3,(anonymous_3)
DA:10,1
DA:11,3
DA:14,3
DA:16,3
DA:17,1
DA:18,1
DA:22,2
DA:28,2
DA:29,1
DA:41,1
DA:42,1
DA:51,1
DA:52,4
DA:55,4
DA:57,4
DA:58,1
DA:59,1
DA:62,3
DA:63,1
DA:64,1
DA:67,2
DA:68,1
DA:82,1
DA:83,1
DA:92,1
DA:93,2
DA:95,2
DA:96,1
DA:109,1
DA:110,1
DA:119,1
DA:120,3
DA:122,3
DA:123,2
DA:124,2
DA:125,2
DA:128,2
DA:129,0
DA:132,2
DA:133,1
DA:136,2
DA:138,2
DA:152,1
DA:153,1
LF:44
LH:43
BRDA:16,0,0,1
BRDA:16,0,1,2
BRDA:28,1,0,1
BRDA:28,1,1,1
BRDA:57,2,0,1
BRDA:57,2,1,3
BRDA:62,3,0,1
BRDA:62,3,1,2
BRDA:67,4,0,1
BRDA:67,4,1,1
BRDA:95,5,0,1
BRDA:95,5,1,1
BRDA:122,6,0,2
BRDA:122,6,1,1
BRDA:123,7,0,2
BRDA:123,7,1,1
BRDA:124,8,0,2
BRDA:124,8,1,1
BRDA:125,9,0,2
BRDA:125,9,1,2
BRDA:128,10,0,0
BRDA:128,10,1,2
BRDA:132,11,0,1
BRDA:132,11,1,1
BRF:24
BRH:23
end_of_record
TN:
SF:src\controllers\bookController.js
FN:12,(anonymous_0)
FN:73,(anonymous_1)
FN:92,(anonymous_2)
FN:121,(anonymous_3)
FN:155,(anonymous_4)
FN:181,(anonymous_5)
FN:195,(anonymous_6)
FN:209,(anonymous_7)
FN:215,(anonymous_8)
FNF:9
FNH:9
FNDA:4,(anonymous_0)
FNDA:2,(anonymous_1)
FNDA:2,(anonymous_2)
FNDA:3,(anonymous_3)
FNDA:3,(anonymous_4)
FNDA:1,(anonymous_5)
FNDA:1,(anonymous_6)
FNDA:2,(anonymous_7)
FNDA:2,(anonymous_8)
DA:12,1
DA:13,4
DA:14,4
DA:16,4
DA:25,4
DA:27,4
DA:28,4
DA:29,1
DA:30,1
DA:31,1
DA:38,1
DA:39,1
DA:47,1
DA:48,1
DA:52,4
DA:53,4
DA:59,4
DA:73,1
DA:74,2
DA:76,2
DA:77,1
DA:82,1
DA:83,1
DA:92,1
DA:93,2
DA:109,2
DA:110,2
DA:121,1
DA:122,3
DA:124,3
DA:125,2
DA:126,2
DA:127,2
DA:128,2
DA:129,2
DA:130,2
DA:131,2
DA:132,2
DA:133,2
DA:134,2
DA:135,2
DA:136,2
DA:137,2
DA:139,2
DA:140,2
DA:145,1
DA:146,1
DA:155,1
DA:156,3
DA:158,3
DA:159,2
DA:160,2
DA:161,1
DA:162,1
DA:165,1
DA:166,1
DA:171,1
DA:172,1
DA:181,1
DA:182,1
DA:184,1
DA:195,1
DA:196,1
DA:198,1
DA:209,1
DA:210,2
DA:211,1
DA:212,1
DA:215,1
DA:216,2
DA:219,1
DA:221,1
LF:72
LH:72
BRDA:14,0,0,4
BRDA:14,0,1,0
BRDA:16,1,0,1
BRDA:16,1,1,3
BRDA:25,2,0,1
BRDA:25,2,1,3
BRDA:28,3,0,1
BRDA:28,3,1,3
BRDA:28,4,0,4
BRDA:28,4,1,3
BRDA:30,5,0,1
BRDA:30,5,1,0
BRDA:38,6,0,1
BRDA:38,6,1,0
BRDA:47,7,0,1
BRDA:47,7,1,0
BRDA:76,8,0,1
BRDA:76,8,1,1
BRDA:98,9,0,2
BRDA:98,9,1,2
BRDA:100,10,0,2
BRDA:100,10,1,2
BRDA:106,11,0,2
BRDA:106,11,1,2
BRDA:124,12,0,2
BRDA:124,12,1,1
BRDA:125,13,0,2
BRDA:125,13,1,1
BRDA:126,14,0,2
BRDA:126,14,1,2
BRDA:127,15,0,2
BRDA:127,15,1,2
BRDA:128,16,0,2
BRDA:128,16,1,1
BRDA:129,17,0,2
BRDA:129,17,1,2
BRDA:130,18,0,2
BRDA:130,18,1,2
BRDA:131,19,0,2
BRDA:131,19,1,2
BRDA:132,20,0,2
BRDA:132,20,1,1
BRDA:133,21,0,2
BRDA:133,21,1,2
BRDA:134,22,0,2
BRDA:134,22,1,2
BRDA:135,23,0,2
BRDA:135,23,1,2
BRDA:136,24,0,2
BRDA:136,24,1,2
BRDA:137,25,0,2
BRDA:137,25,1,2
BRDA:158,26,0,2
BRDA:158,26,1,1
BRDA:160,27,0,1
BRDA:160,27,1,1
BRDA:210,28,0,1
BRDA:210,28,1,1
BRDA:210,29,0,2
BRDA:210,29,1,2
BRF:60
BRH:56
end_of_record
TN:
SF:src\controllers\cartController.js
FN:10,(anonymous_0)
FN:33,(anonymous_1)
FN:62,(anonymous_2)
FN:96,(anonymous_3)
FN:124,(anonymous_4)
FN:148,(anonymous_5)
FN:158,(anonymous_6)
FN:174,(anonymous_7)
FN:190,(anonymous_8)
FN:206,(anonymous_9)
FNF:10
FNH:10
FNDA:2,(anonymous_0)
FNDA:5,(anonymous_1)
FNDA:1,(anonymous_2)
FNDA:3,(anonymous_3)
FNDA:1,(anonymous_4)
FNDA:2,(anonymous_5)
FNDA:1,(anonymous_6)
FNDA:2,(anonymous_7)
FNDA:3,(anonymous_8)
FNDA:2,(anonymous_9)
DA:10,1
DA:11,2
DA:13,2
DA:14,1
DA:22,2
DA:33,1
DA:34,5
DA:36,5
DA:37,1
DA:38,1
DA:41,4
DA:43,4
DA:44,1
DA:45,1
DA:48,3
DA:49,1
DA:50,1
DA:53,2
DA:55,2
DA:56,0
DA:62,2
DA:64,2
DA:65,1
DA:66,1
DA:67,0
DA:68,0
DA:70,1
DA:71,1
DA:73,1
DA:82,2
DA:83,2
DA:85,2
DA:96,1
DA:97,3
DA:98,3
DA:100,3
DA:101,0
DA:102,0
DA:105,3
DA:107,3
DA:108,0
DA:109,0
DA:112,3
DA:113,1
DA:114,1
DA:117,2
DA:119,2
DA:120,1
DA:121,1
DA:124,1
DA:126,1
DA:127,0
DA:128,0
DA:131,1
DA:132,1
DA:134,1
DA:135,1
DA:137,1
DA:148,1
DA:149,2
DA:151,2
DA:153,2
DA:154,1
DA:155,1
DA:158,1
DA:160,1
DA:161,1
DA:163,1
DA:174,1
DA:175,2
DA:177,2
DA:178,1
DA:179,1
DA:182,1
DA:184,1
DA:185,0
DA:186,0
DA:190,3
DA:192,1
DA:193,1
DA:195,1
DA:206,1
DA:207,2
DA:209,2
DA:211,1
DA:218,1
DA:225,1
DA:226,1
DA:227,1
DA:229,1
DA:231,1
LF:91
LH:80
BRDA:13,0,0,1
BRDA:13,0,1,1
BRDA:36,1,0,1
BRDA:36,1,1,4
BRDA:36,2,0,5
BRDA:36,2,1,5
BRDA:43,3,0,1
BRDA:43,3,1,3
BRDA:48,4,0,1
BRDA:48,4,1,2
BRDA:55,5,0,0
BRDA:55,5,1,2
BRDA:64,6,0,1
BRDA:64,6,1,1
BRDA:66,7,0,0
BRDA:66,7,1,1
BRDA:71,8,0,1
BRDA:71,8,1,0
BRDA:76,9,0,1
BRDA:76,9,1,0
BRDA:78,10,0,1
BRDA:78,10,1,0
BRDA:78,11,0,1
BRDA:78,11,1,1
BRDA:100,12,0,0
BRDA:100,12,1,3
BRDA:100,13,0,3
BRDA:100,13,1,3
BRDA:107,14,0,0
BRDA:107,14,1,3
BRDA:112,15,0,1
BRDA:112,15,1,2
BRDA:119,16,0,1
BRDA:119,16,1,1
BRDA:126,17,0,0
BRDA:126,17,1,1
BRDA:132,18,0,1
BRDA:132,18,1,0
BRDA:153,19,0,1
BRDA:153,19,1,1
BRDA:177,20,0,1
BRDA:177,20,1,1
BRDA:177,21,0,2
BRDA:177,21,1,2
BRDA:184,22,0,0
BRDA:184,22,1,1
BRDA:209,23,0,1
BRDA:209,23,1,1
BRF:48
BRH:38
end_of_record
TN:
SF:src\controllers\categoryController.js
FN:10,(anonymous_0)
FN:24,(anonymous_1)
FN:43,(anonymous_2)
FN:70,(anonymous_3)
FN:94,(anonymous_4)
FNF:5
FNH:5
FNDA:1,(anonymous_0)
FNDA:2,(anonymous_1)
FNDA:2,(anonymous_2)
FNDA:2,(anonymous_3)
FNDA:2,(anonymous_4)
DA:10,1
DA:11,1
DA:13,1
DA:24,1
DA:25,2
DA:27,2
DA:28,1
DA:33,1
DA:34,1
DA:43,1
DA:44,2
DA:46,2
DA:48,2
DA:49,1
DA:50,1
DA:53,1
DA:59,1
DA:70,1
DA:71,2
DA:73,2
DA:74,1
DA:75,1
DA:76,1
DA:78,1
DA:79,1
DA:84,1
DA:85,1
DA:94,1
DA:95,2
DA:97,2
DA:98,1
DA:99,1
DA:104,1
DA:105,1
LF:34
LH:34
BRDA:27,0,0,1
BRDA:27,0,1,1
BRDA:48,1,0,1
BRDA:48,1,1,1
BRDA:73,2,0,1
BRDA:73,2,1,1
BRDA:74,3,0,1
BRDA:74,3,1,0
BRDA:75,4,0,1
BRDA:75,4,1,1
BRDA:76,5,0,1
BRDA:76,5,1,1
BRDA:97,6,0,1
BRDA:97,6,1,1
BRF:14
BRH:13
end_of_record
TN:
SF:src\controllers\couponController.js
FN:10,(anonymous_0)
FN:24,(anonymous_1)
FN:43,(anonymous_2)
FN:110,(anonymous_3)
FN:152,(anonymous_4)
FN:179,(anonymous_5)
FN:207,(anonymous_6)
FNF:7
FNH:7
FNDA:1,(anonymous_0)
FNDA:2,(anonymous_1)
FNDA:9,(anonymous_2)
FNDA:3,(anonymous_3)
FNDA:2,(anonymous_4)
FNDA:3,(anonymous_5)
FNDA:1,(anonymous_6)
DA:10,1
DA:11,1
DA:13,1
DA:24,1
DA:25,2
DA:27,2
DA:28,1
DA:33,1
DA:34,1
DA:43,1
DA:44,9
DA:46,9
DA:48,9
DA:49,1
DA:50,1
DA:54,8
DA:55,1
DA:56,1
DA:60,7
DA:61,7
DA:62,7
DA:65,7
DA:69,7
DA:70,2
DA:71,2
DA:75,5
DA:76,1
DA:77,1
DA:81,4
DA:82,1
DA:83,1
DA:87,3
DA:88,3
DA:89,2
DA:91,1
DA:94,3
DA:110,1
DA:120,3
DA:122,3
DA:124,3
DA:125,1
DA:126,1
DA:129,2
DA:141,2
DA:152,1
DA:153,2
DA:155,2
DA:157,1
DA:158,1
DA:159,1
DA:163,1
DA:164,1
DA:169,1
DA:170,1
DA:179,1
DA:180,3
DA:182,3
DA:184,2
DA:186,2
DA:187,1
DA:188,1
DA:191,1
DA:192,1
DA:197,1
DA:198,1
DA:207,1
DA:208,1
DA:210,1
LF:68
LH:68
BRDA:27,0,0,1
BRDA:27,0,1,1
BRDA:48,1,0,1
BRDA:48,1,1,8
BRDA:54,2,0,1
BRDA:54,2,1,7
BRDA:69,3,0,2
BRDA:69,3,1,5
BRDA:69,4,0,7
BRDA:69,4,1,6
BRDA:75,5,0,1
BRDA:75,5,1,4
BRDA:75,6,0,5
BRDA:75,6,1,5
BRDA:81,7,0,1
BRDA:81,7,1,3
BRDA:88,8,0,2
BRDA:88,8,1,1
BRDA:124,9,0,1
BRDA:124,9,1,2
BRDA:155,10,0,1
BRDA:155,10,1,1
BRDA:157,11,0,1
BRDA:157,11,1,1
BRDA:158,12,0,1
BRDA:158,12,1,1
BRDA:159,13,0,1
BRDA:159,13,1,1
BRDA:182,14,0,2
BRDA:182,14,1,1
BRDA:186,15,0,1
BRDA:186,15,1,1
BRF:32
BRH:32
end_of_record
TN:
SF:src\controllers\orderController.js
FN:12,(anonymous_0)
FN:45,(anonymous_1)
FN:91,(anonymous_2)
FN:116,(anonymous_3)
FN:130,(anonymous_4)
FN:144,(anonymous_5)
FN:209,(anonymous_6)
FN:238,(anonymous_7)
FN:295,(anonymous_8)
FN:337,(anonymous_9)
FN:372,(anonymous_10)
FNF:11
FNH:11
FNDA:4,(anonymous_0)
FNDA:2,(anonymous_1)
FNDA:3,(anonymous_2)
FNDA:1,(anonymous_3)
FNDA:1,(anonymous_4)
FNDA:3,(anonymous_5)
FNDA:2,(anonymous_6)
FNDA:5,(anonymous_7)
FNDA:2,(anonymous_8)
FNDA:1,(anonymous_9)
FNDA:1,(anonymous_10)
DA:12,1
DA:22,4
DA:24,4
DA:25,1
DA:26,1
DA:30,3
DA:31,3
DA:32,3
DA:33,0
DA:34,0
DA:36,3
DA:37,1
DA:38,1
DA:43,2
DA:45,2
DA:64,2
DA:67,2
DA:68,1
DA:69,1
DA:70,1
DA:71,1
DA:80,2
DA:91,1
DA:92,3
DA:94,3
DA:96,2
DA:97,1
DA:98,1
DA:101,1
DA:106,1
DA:107,1
DA:116,1
DA:117,1
DA:119,1
DA:130,1
DA:131,1
DA:133,1
DA:144,1
DA:145,3
DA:146,3
DA:148,3
DA:149,3
DA:150,3
DA:152,3
DA:153,0
DA:154,0
DA:158,3
DA:159,1
DA:160,1
DA:161,1
DA:162,1
DA:163,0
DA:164,0
DA:166,1
DA:167,1
DA:173,3
DA:174,1
DA:175,1
DA:176,1
DA:177,1
DA:178,1
DA:184,3
DA:185,1
DA:186,1
DA:187,1
DA:188,1
DA:192,3
DA:194,3
DA:199,0
DA:200,0
DA:209,1
DA:210,2
DA:212,2
DA:213,1
DA:214,1
DA:215,1
DA:221,1
DA:223,1
DA:228,1
DA:229,1
DA:238,1
DA:239,5
DA:241,5
DA:242,0
DA:243,0
DA:247,5
DA:248,1
DA:249,1
DA:253,4
DA:254,1
DA:255,1
DA:258,3
DA:259,3
DA:260,3
DA:263,3
DA:264,1
DA:265,1
DA:266,1
DA:267,1
DA:268,1
DA:274,3
DA:275,1
DA:276,1
DA:277,1
DA:278,1
DA:282,3
DA:284,3
DA:295,1
DA:296,2
DA:298,2
DA:299,0
DA:300,0
DA:304,2
DA:305,1
DA:306,1
DA:309,1
DA:310,1
DA:311,1
DA:314,1
DA:315,1
DA:316,1
DA:317,1
DA:318,1
DA:319,1
DA:324,1
DA:326,1
DA:337,1
DA:338,1
DA:361,1
DA:372,1
DA:373,1
DA:410,1
LF:132
LH:120
BRDA:24,0,0,1
BRDA:24,0,1,3
BRDA:24,1,0,4
BRDA:24,1,1,4
BRDA:32,2,0,0
BRDA:32,2,1,3
BRDA:36,3,0,1
BRDA:36,3,1,2
BRDA:56,4,0,2
BRDA:56,4,1,2
BRDA:59,5,0,2
BRDA:59,5,1,1
BRDA:60,6,0,2
BRDA:60,6,1,2
BRDA:67,7,0,1
BRDA:67,7,1,1
BRDA:69,8,0,1
BRDA:69,8,1,0
BRDA:70,9,0,1
BRDA:70,9,1,1
BRDA:94,10,0,2
BRDA:94,10,1,1
BRDA:96,11,0,1
BRDA:96,11,1,1
BRDA:96,12,0,2
BRDA:96,12,1,1
BRDA:148,13,0,3
BRDA:148,13,1,0
BRDA:152,14,0,0
BRDA:152,14,1,3
BRDA:158,15,0,1
BRDA:158,15,1,2
BRDA:158,16,0,3
BRDA:158,16,1,1
BRDA:161,17,0,1
BRDA:161,17,1,0
BRDA:162,18,0,0
BRDA:162,18,1,1
BRDA:173,19,0,1
BRDA:173,19,1,2
BRDA:173,20,0,3
BRDA:173,20,1,2
BRDA:173,20,2,1
BRDA:173,20,3,1
BRDA:176,21,0,1
BRDA:176,21,1,0
BRDA:184,22,0,1
BRDA:184,22,1,2
BRDA:184,23,0,3
BRDA:184,23,1,2
BRDA:184,23,2,1
BRDA:186,24,0,1
BRDA:186,24,1,0
BRDA:187,25,0,1
BRDA:187,25,1,0
BRDA:212,26,0,1
BRDA:212,26,1,1
BRDA:241,27,0,0
BRDA:241,27,1,5
BRDA:247,28,0,1
BRDA:247,28,1,4
BRDA:247,29,0,5
BRDA:247,29,1,1
BRDA:253,30,0,1
BRDA:253,30,1,3
BRDA:253,31,0,4
BRDA:253,31,1,3
BRDA:253,31,2,3
BRDA:260,32,0,3
BRDA:260,32,1,3
BRDA:263,33,0,1
BRDA:263,33,1,2
BRDA:266,34,0,1
BRDA:266,34,1,0
BRDA:274,35,0,1
BRDA:274,35,1,2
BRDA:274,36,0,3
BRDA:274,36,1,1
BRDA:276,37,0,1
BRDA:276,37,1,0
BRDA:277,38,0,1
BRDA:277,38,1,0
BRDA:298,39,0,0
BRDA:298,39,1,2
BRDA:304,40,0,1
BRDA:304,40,1,1
BRDA:304,41,0,2
BRDA:304,41,1,2
BRDA:311,42,0,1
BRDA:311,42,1,1
BRDA:314,43,0,1
BRDA:314,43,1,0
BRDA:317,44,0,1
BRDA:317,44,1,0
BRF:94
BRH:78
end_of_record
TN:
SF:src\controllers\paymentController.js
FN:10,(anonymous_0)
FN:44,(anonymous_1)
FN:80,(anonymous_2)
FNF:3
FNH:3
FNDA:3,(anonymous_0)
FNDA:3,(anonymous_1)
FNDA:4,(anonymous_2)
DA:10,1
DA:11,3
DA:13,3
DA:14,3
DA:15,1
DA:16,1
DA:19,2
DA:25,2
DA:26,1
DA:34,1
DA:35,1
DA:44,1
DA:45,3
DA:47,3
DA:49,3
DA:50,1
DA:53,2
DA:55,2
DA:56,1
DA:57,1
DA:58,1
DA:59,1
DA:60,1
DA:65,1
DA:66,1
DA:69,1
DA:71,1
DA:80,1
DA:81,4
DA:83,4
DA:85,4
DA:86,1
DA:89,3
DA:91,3
DA:92,2
DA:93,2
DA:94,1
DA:95,1
DA:96,1
DA:101,1
DA:102,1
DA:105,2
DA:107,1
LF:43
LH:43
BRDA:14,0,0,1
BRDA:14,0,1,2
BRDA:22,1,0,2
BRDA:22,1,1,1
BRDA:25,2,0,1
BRDA:25,2,1,1
BRDA:35,3,0,1
BRDA:35,3,1,0
BRDA:49,4,0,1
BRDA:49,4,1,2
BRDA:55,5,0,1
BRDA:55,5,1,1
BRDA:57,6,0,1
BRDA:57,6,1,0
BRDA:85,7,0,1
BRDA:85,7,1,3
BRDA:91,8,0,2
BRDA:91,8,1,1
BRDA:93,9,0,1
BRDA:93,9,1,1
BRDA:93,10,0,2
BRDA:93,10,1,2
BRF:22
BRH:20
end_of_record
TN:
SF:src\controllers\reviewController.js
FN:10,(anonymous_0)
FN:42,(anonymous_1)
FN:56,(anonymous_2)
FN:72,(anonymous_3)
FN:96,(anonymous_4)
FN:114,(anonymous_5)
FN:132,(anonymous_6)
FN:151,(anonymous_7)
FNF:8
FNH:7
FNDA:3,(anonymous_0)
FNDA:1,(anonymous_1)
FNDA:1,(anonymous_2)
FNDA:4,(anonymous_3)
FNDA:2,(anonymous_4)
FNDA:4,(anonymous_5)
FNDA:0,(anonymous_6)
FNDA:1,(anonymous_7)
DA:10,1
DA:11,3
DA:12,3
DA:14,3
DA:16,3
DA:17,1
DA:18,1
DA:22,2
DA:27,2
DA:28,1
DA:29,1
DA:32,1
DA:40,1
DA:41,1
DA:42,1
DA:43,1
DA:45,1
DA:56,1
DA:57,1
DA:61,1
DA:72,1
DA:73,4
DA:74,4
DA:76,4
DA:78,3
DA:79,1
DA:80,1
DA:83,2
DA:84,2
DA:87,2
DA:88,1
DA:91,2
DA:94,2
DA:95,2
DA:96,2
DA:97,2
DA:99,2
DA:104,1
DA:105,1
DA:114,1
DA:115,4
DA:117,4
DA:119,3
DA:120,1
DA:121,1
DA:124,2
DA:125,2
DA:128,2
DA:129,2
DA:130,2
DA:131,2
DA:132,0
DA:134,2
DA:136,2
DA:141,1
DA:142,1
DA:151,1
DA:152,1
DA:157,1
LF:59
LH:58
BRDA:16,0,0,1
BRDA:16,0,1,2
BRDA:27,1,0,1
BRDA:27,1,1,1
BRDA:76,2,0,3
BRDA:76,2,1,1
BRDA:78,3,0,1
BRDA:78,3,1,2
BRDA:78,4,0,3
BRDA:78,4,1,2
BRDA:83,5,0,2
BRDA:83,5,1,1
BRDA:84,6,0,2
BRDA:84,6,1,1
BRDA:87,7,0,1
BRDA:87,7,1,1
BRDA:87,8,0,2
BRDA:87,8,1,1
BRDA:117,9,0,3
BRDA:117,9,1,1
BRDA:119,10,0,1
BRDA:119,10,1,2
BRDA:119,11,0,3
BRDA:119,11,1,2
BRDA:131,12,0,0
BRDA:131,12,1,2
BRF:26
BRH:25
end_of_record
TN:
SF:src\controllers\userController.js
FN:9,(anonymous_0)
FN:23,(anonymous_1)
FN:42,(anonymous_2)
FN:72,(anonymous_3)
FN:97,(anonymous_4)
FN:145,(anonymous_5)
FNF:6
FNH:6
FNDA:1,(anonymous_0)
FNDA:2,(anonymous_1)
FNDA:3,(anonymous_2)
FNDA:3,(anonymous_3)
FNDA:5,(anonymous_4)
FNDA:4,(anonymous_5)
DA:9,1
DA:10,1
DA:12,1
DA:23,1
DA:24,2
DA:26,2
DA:27,1
DA:32,1
DA:33,1
DA:42,1
DA:43,3
DA:45,3
DA:46,2
DA:48,2
DA:50,2
DA:52,2
DA:62,1
DA:63,1
DA:72,1
DA:73,3
DA:75,3
DA:76,2
DA:77,1
DA:78,1
DA:81,1
DA:82,1
DA:87,1
DA:88,1
DA:97,1
DA:98,5
DA:101,5
DA:103,5
DA:104,1
DA:105,1
DA:109,4
DA:110,4
DA:111,1
DA:112,1
DA:116,3
DA:117,1
DA:118,1
DA:121,2
DA:122,2
DA:123,2
DA:125,2
DA:126,1
DA:127,1
DA:131,1
DA:132,1
DA:134,1
DA:145,1
DA:146,4
DA:148,4
DA:149,3
DA:150,1
DA:151,1
DA:154,2
DA:155,2
DA:157,2
DA:166,1
DA:167,1
LF:61
LH:61
BRDA:26,0,0,1
BRDA:26,0,1,1
BRDA:45,1,0,2
BRDA:45,1,1,1
BRDA:46,2,0,2
BRDA:46,2,1,0
BRDA:48,3,0,2
BRDA:48,3,1,1
BRDA:75,4,0,2
BRDA:75,4,1,1
BRDA:76,5,0,1
BRDA:76,5,1,1
BRDA:103,6,0,1
BRDA:103,6,1,4
BRDA:110,7,0,1
BRDA:110,7,1,3
BRDA:116,8,0,1
BRDA:116,8,1,2
BRDA:125,9,0,1
BRDA:125,9,1,1
BRDA:125,10,0,2
BRDA:125,10,1,1
BRDA:125,10,2,1
BRDA:148,11,0,3
BRDA:148,11,1,1
BRDA:149,12,0,1
BRDA:149,12,1,2
BRDA:159,13,0,1
BRDA:159,13,1,1
BRF:29
BRH:28
end_of_record
TN:
SF:src\middlewares\adminMiddleware.js
FN:6,(anonymous_0)
FNF:1
FNH:1
FNDA:4,(anonymous_0)
DA:6,1
DA:7,4
DA:8,1
DA:10,3
DA:11,3
LF:5
LH:5
BRDA:7,0,0,1
BRDA:7,0,1,3
BRDA:7,1,0,4
BRDA:7,1,1,3
BRF:4
BRH:4
end_of_record
TN:
SF:src\middlewares\authMiddleware.js
FN:8,(anonymous_0)
FNF:1
FNH:1
FNDA:6,(anonymous_0)
DA:8,1
DA:11,6
DA:15,4
DA:17,4
DA:20,4
DA:23,2
DA:25,2
DA:26,1
DA:27,1
DA:30,1
DA:32,3
DA:33,3
DA:34,3
DA:38,3
DA:39,2
DA:40,2
LF:16
LH:16
BRDA:11,0,0,4
BRDA:11,0,1,2
BRDA:12,1,0,6
BRDA:12,1,1,5
BRDA:25,2,0,1
BRDA:25,2,1,1
BRDA:38,3,0,2
BRDA:38,3,1,1
BRF:8
BRH:8
end_of_record
TN:
SF:src\middlewares\errorMiddleware.js
FN:4,(anonymous_0)
FN:10,(anonymous_1)
FNF:2
FNH:0
FNDA:0,(anonymous_0)
FNDA:0,(anonymous_1)
DA:4,1
DA:5,0
DA:6,0
DA:7,0
DA:10,1
DA:11,0
DA:13,0
LF:7
LH:2
BRDA:11,0,0,0
BRDA:11,0,1,0
BRDA:16,1,0,0
BRDA:16,1,1,0
BRF:4
BRH:0
end_of_record
TN:
SF:src\middlewares\uploadMiddleware.js
FN:7,(anonymous_0)
FNF:1
FNH:0
FNDA:0,(anonymous_0)
DA:4,0
DA:7,0
DA:9,0
DA:10,0
DA:12,0
DA:17,0
LF:6
LH:0
BRDA:9,0,0,0
BRDA:9,0,1,0
BRF:2
BRH:0
end_of_record
TN:
SF:src\models\Book.js
FNF:0
FNH:0
DA:3,0
DA:83,0
DA:88,0
LF:3
LH:0
BRF:0
BRH:0
end_of_record
TN:
SF:src\models\Cart.js
FN:54,(anonymous_0)
FN:55,(anonymous_1)
FN:56,(anonymous_2)
FNF:3
FNH:0
FNDA:0,(anonymous_0)
FNDA:0,(anonymous_1)
FNDA:0,(anonymous_2)
DA:3,0
DA:30,0
DA:54,0
DA:55,0
DA:56,0
DA:57,0
DA:60,0
LF:7
LH:0
BRF:0
BRH:0
end_of_record
TN:
SF:src\models\Category.js
FNF:0
FNH:0
DA:3,0
DA:25,0
LF:2
LH:0
BRF:0
BRH:0
end_of_record
TN:
SF:src\models\Coupon.js
FNF:0
FNH:0
DA:3,0
DA:63,0
LF:2
LH:0
BRF:0
BRH:0
end_of_record
TN:
SF:src\models\Order.js
FNF:0
FNH:0
DA:3,0
DA:29,0
DA:56,0
DA:137,0
LF:4
LH:0
BRF:0
BRH:0
end_of_record
TN:
SF:src\models\Review.js
FNF:0
FNH:0
DA:3,0
DA:37,0
DA:39,0
LF:3
LH:0
BRF:0
BRH:0
end_of_record
TN:
SF:src\models\User.js
FN:55,(anonymous_0)
FN:93,(anonymous_1)
FN:102,(anonymous_2)
FNF:3
FNH:0
FNDA:0,(anonymous_0)
FNDA:0,(anonymous_1)
FNDA:0,(anonymous_2)
DA:4,0
DA:31,0
DA:57,0
DA:59,0
DA:61,0
DA:63,0
DA:93,0
DA:94,0
DA:95,0
DA:97,0
DA:98,0
DA:102,0
DA:103,0
DA:106,0
LF:14
LH:0
BRDA:63,0,0,0
BRDA:63,0,1,0
BRDA:63,0,2,0
BRDA:94,1,0,0
BRDA:94,1,1,0
BRF:5
BRH:0
end_of_record
TN:
SF:src\utils\cloudinaryUpload.js
FN:10,(anonymous_0)
FN:11,(anonymous_1)
FN:17,(anonymous_2)
FN:38,(anonymous_3)
FNF:4
FNH:0
FNDA:0,(anonymous_0)
FNDA:0,(anonymous_1)
FNDA:0,(anonymous_2)
FNDA:0,(anonymous_3)
DA:10,1
DA:11,0
DA:12,0
DA:18,0
DA:19,0
DA:21,0
DA:26,0
DA:27,0
DA:28,0
DA:29,0
DA:38,1
DA:39,0
DA:41,0
DA:42,0
DA:43,0
DA:44,0
DA:46,0
DA:48,0
DA:50,0
DA:51,0
LF:20
LH:2
BRDA:10,0,0,0
BRDA:18,1,0,0
BRDA:18,1,1,0
BRF:3
BRH:0
end_of_record
TN:
SF:src\utils\generateToken.js
FN:3,(anonymous_0)
FNF:1
FNH:1
FNDA:6,(anonymous_0)
DA:3,1
DA:4,6
LF:2
LH:2
BRDA:5,0,0,6
BRDA:5,0,1,1
BRF:2
BRH:2
end_of_record
TN:
SF:src\utils\momoHelper.js
FN:10,(anonymous_0)
FN:61,(anonymous_1)
FN:95,(anonymous_2)
FNF:3
FNH:0
FNDA:0,(anonymous_0)
FNDA:0,(anonymous_1)
FNDA:0,(anonymous_2)
DA:10,0
DA:11,0
DA:13,0
DA:14,0
DA:15,0
DA:16,0
DA:17,0
DA:18,0
DA:20,0
DA:21,0
DA:22,0
DA:25,0
DA:27,0
DA:32,0
DA:47,0
DA:48,0
DA:49,0
DA:51,0
DA:52,0
DA:61,0
DA:76,0
DA:78,0
DA:80,0
DA:82,0
DA:87,0
DA:95,0
DA:96,0
LF:27
LH:0
BRF:0
BRH:0
end_of_record
