TN:
SF:src\app.js
FN:35,(anonymous_0)
FNF:1
FNH:0
FNDA:0,(anonymous_0)
DA:20,1
DA:22,1
DA:25,1
DA:26,1
DA:29,1
DA:35,1
DA:36,0
DA:39,1
DA:40,1
DA:41,1
DA:42,1
DA:43,1
DA:44,1
DA:45,1
DA:46,1
DA:47,1
DA:48,1
DA:49,1
DA:52,1
DA:53,1
LF:20
LH:19
BRDA:30,0,0,1
BRDA:30,0,1,0
BRF:2
BRH:1
end_of_record
TN:
SF:src\controllers\authController.js
FN:10,(anonymous_0)
FN:51,(anonymous_1)
FN:92,(anonymous_2)
FN:119,(anonymous_3)
FNF:4
FNH:0
FNDA:0,(anonymous_0)
FNDA:0,(anonymous_1)
FNDA:0,(anonymous_2)
FNDA:0,(anonymous_3)
DA:10,1
DA:11,0
DA:14,0
DA:16,0
DA:17,0
DA:18,0
DA:22,0
DA:28,0
DA:29,0
DA:41,0
DA:42,0
DA:51,1
DA:52,0
DA:55,0
DA:57,0
DA:58,0
DA:59,0
DA:62,0
DA:63,0
DA:64,0
DA:67,0
DA:68,0
DA:82,0
DA:83,0
DA:92,1
DA:93,0
DA:95,0
DA:96,0
DA:109,0
DA:110,0
DA:119,1
DA:120,0
DA:122,0
DA:123,0
DA:124,0
DA:125,0
DA:128,0
DA:129,0
DA:132,0
DA:133,0
DA:136,0
DA:138,0
DA:152,0
DA:153,0
LF:44
LH:4
BRDA:16,0,0,0
BRDA:16,0,1,0
BRDA:28,1,0,0
BRDA:28,1,1,0
BRDA:57,2,0,0
BRDA:57,2,1,0
BRDA:62,3,0,0
BRDA:62,3,1,0
BRDA:67,4,0,0
BRDA:67,4,1,0
BRDA:95,5,0,0
BRDA:95,5,1,0
BRDA:122,6,0,0
BRDA:122,6,1,0
BRDA:123,7,0,0
BRDA:123,7,1,0
BRDA:124,8,0,0
BRDA:124,8,1,0
BRDA:125,9,0,0
BRDA:125,9,1,0
BRDA:128,10,0,0
BRDA:128,10,1,0
BRDA:132,11,0,0
BRDA:132,11,1,0
BRF:24
BRH:0
end_of_record
TN:
SF:src\controllers\bookController.js
FN:12,(anonymous_0)
FN:73,(anonymous_1)
FN:92,(anonymous_2)
FN:121,(anonymous_3)
FN:155,(anonymous_4)
FN:181,(anonymous_5)
FN:195,(anonymous_6)
FN:209,(anonymous_7)
FN:215,(anonymous_8)
FNF:9
FNH:0
FNDA:0,(anonymous_0)
FNDA:0,(anonymous_1)
FNDA:0,(anonymous_2)
FNDA:0,(anonymous_3)
FNDA:0,(anonymous_4)
FNDA:0,(anonymous_5)
FNDA:0,(anonymous_6)
FNDA:0,(anonymous_7)
FNDA:0,(anonymous_8)
DA:12,1
DA:13,0
DA:14,0
DA:16,0
DA:25,0
DA:27,0
DA:28,0
DA:29,0
DA:30,0
DA:31,0
DA:38,0
DA:39,0
DA:47,0
DA:48,0
DA:52,0
DA:53,0
DA:59,0
DA:73,1
DA:74,0
DA:76,0
DA:77,0
DA:82,0
DA:83,0
DA:92,1
DA:93,0
DA:109,0
DA:110,0
DA:121,1
DA:122,0
DA:124,0
DA:125,0
DA:126,0
DA:127,0
DA:128,0
DA:129,0
DA:130,0
DA:131,0
DA:132,0
DA:133,0
DA:134,0
DA:135,0
DA:136,0
DA:137,0
DA:139,0
DA:140,0
DA:145,0
DA:146,0
DA:155,1
DA:156,0
DA:158,0
DA:159,0
DA:160,0
DA:161,0
DA:162,0
DA:165,0
DA:166,0
DA:171,0
DA:172,0
DA:181,1
DA:182,0
DA:184,0
DA:195,1
DA:196,0
DA:198,0
DA:209,1
DA:210,0
DA:211,0
DA:212,0
DA:215,0
DA:216,0
DA:219,0
DA:221,0
LF:72
LH:8
BRDA:13,0,0,0
BRDA:13,0,1,0
BRDA:14,1,0,0
BRDA:14,1,1,0
BRDA:16,2,0,0
BRDA:16,2,1,0
BRDA:25,3,0,0
BRDA:25,3,1,0
BRDA:28,4,0,0
BRDA:28,4,1,0
BRDA:28,5,0,0
BRDA:28,5,1,0
BRDA:30,6,0,0
BRDA:30,6,1,0
BRDA:38,7,0,0
BRDA:38,7,1,0
BRDA:47,8,0,0
BRDA:47,8,1,0
BRDA:76,9,0,0
BRDA:76,9,1,0
BRDA:98,10,0,0
BRDA:98,10,1,0
BRDA:100,11,0,0
BRDA:100,11,1,0
BRDA:106,12,0,0
BRDA:106,12,1,0
BRDA:124,13,0,0
BRDA:124,13,1,0
BRDA:125,14,0,0
BRDA:125,14,1,0
BRDA:126,15,0,0
BRDA:126,15,1,0
BRDA:127,16,0,0
BRDA:127,16,1,0
BRDA:128,17,0,0
BRDA:128,17,1,0
BRDA:129,18,0,0
BRDA:129,18,1,0
BRDA:130,19,0,0
BRDA:130,19,1,0
BRDA:131,20,0,0
BRDA:131,20,1,0
BRDA:132,21,0,0
BRDA:132,21,1,0
BRDA:133,22,0,0
BRDA:133,22,1,0
BRDA:134,23,0,0
BRDA:134,23,1,0
BRDA:135,24,0,0
BRDA:135,24,1,0
BRDA:136,25,0,0
BRDA:136,25,1,0
BRDA:137,26,0,0
BRDA:137,26,1,0
BRDA:158,27,0,0
BRDA:158,27,1,0
BRDA:160,28,0,0
BRDA:160,28,1,0
BRDA:210,29,0,0
BRDA:210,29,1,0
BRDA:210,30,0,0
BRDA:210,30,1,0
BRF:62
BRH:0
end_of_record
TN:
SF:src\controllers\cartController.js
FN:10,(anonymous_0)
FN:33,(anonymous_1)
FN:62,(anonymous_2)
FN:96,(anonymous_3)
FN:124,(anonymous_4)
FN:148,(anonymous_5)
FN:158,(anonymous_6)
FN:174,(anonymous_7)
FN:190,(anonymous_8)
FN:206,(anonymous_9)
FNF:10
FNH:0
FNDA:0,(anonymous_0)
FNDA:0,(anonymous_1)
FNDA:0,(anonymous_2)
FNDA:0,(anonymous_3)
FNDA:0,(anonymous_4)
FNDA:0,(anonymous_5)
FNDA:0,(anonymous_6)
FNDA:0,(anonymous_7)
FNDA:0,(anonymous_8)
FNDA:0,(anonymous_9)
DA:10,1
DA:11,0
DA:13,0
DA:14,0
DA:22,0
DA:33,1
DA:34,0
DA:36,0
DA:37,0
DA:38,0
DA:41,0
DA:43,0
DA:44,0
DA:45,0
DA:48,0
DA:49,0
DA:50,0
DA:53,0
DA:55,0
DA:56,0
DA:62,0
DA:64,0
DA:65,0
DA:66,0
DA:67,0
DA:68,0
DA:70,0
DA:71,0
DA:73,0
DA:82,0
DA:83,0
DA:85,0
DA:96,1
DA:97,0
DA:98,0
DA:100,0
DA:101,0
DA:102,0
DA:105,0
DA:107,0
DA:108,0
DA:109,0
DA:112,0
DA:113,0
DA:114,0
DA:117,0
DA:119,0
DA:120,0
DA:121,0
DA:124,0
DA:126,0
DA:127,0
DA:128,0
DA:131,0
DA:132,0
DA:134,0
DA:135,0
DA:137,0
DA:148,1
DA:149,0
DA:151,0
DA:153,0
DA:154,0
DA:155,0
DA:158,0
DA:160,0
DA:161,0
DA:163,0
DA:174,1
DA:175,0
DA:177,0
DA:178,0
DA:179,0
DA:182,0
DA:184,0
DA:185,0
DA:186,0
DA:190,0
DA:192,0
DA:193,0
DA:195,0
DA:206,1
DA:207,0
DA:209,0
DA:211,0
DA:218,0
DA:225,0
DA:226,0
DA:227,0
DA:229,0
DA:231,0
LF:91
LH:6
BRDA:13,0,0,0
BRDA:13,0,1,0
BRDA:36,1,0,0
BRDA:36,1,1,0
BRDA:36,2,0,0
BRDA:36,2,1,0
BRDA:43,3,0,0
BRDA:43,3,1,0
BRDA:48,4,0,0
BRDA:48,4,1,0
BRDA:55,5,0,0
BRDA:55,5,1,0
BRDA:64,6,0,0
BRDA:64,6,1,0
BRDA:66,7,0,0
BRDA:66,7,1,0
BRDA:71,8,0,0
BRDA:71,8,1,0
BRDA:76,9,0,0
BRDA:76,9,1,0
BRDA:78,10,0,0
BRDA:78,10,1,0
BRDA:78,11,0,0
BRDA:78,11,1,0
BRDA:100,12,0,0
BRDA:100,12,1,0
BRDA:100,13,0,0
BRDA:100,13,1,0
BRDA:107,14,0,0
BRDA:107,14,1,0
BRDA:112,15,0,0
BRDA:112,15,1,0
BRDA:119,16,0,0
BRDA:119,16,1,0
BRDA:126,17,0,0
BRDA:126,17,1,0
BRDA:132,18,0,0
BRDA:132,18,1,0
BRDA:153,19,0,0
BRDA:153,19,1,0
BRDA:177,20,0,0
BRDA:177,20,1,0
BRDA:177,21,0,0
BRDA:177,21,1,0
BRDA:184,22,0,0
BRDA:184,22,1,0
BRDA:209,23,0,0
BRDA:209,23,1,0
BRF:48
BRH:0
end_of_record
TN:
SF:src\controllers\categoryController.js
FN:11,(anonymous_0)
FN:25,(anonymous_1)
FN:44,(anonymous_2)
FN:74,(anonymous_3)
FN:111,(anonymous_4)
FNF:5
FNH:0
FNDA:0,(anonymous_0)
FNDA:0,(anonymous_1)
FNDA:0,(anonymous_2)
FNDA:0,(anonymous_3)
FNDA:0,(anonymous_4)
DA:11,1
DA:12,0
DA:14,0
DA:25,1
DA:26,0
DA:28,0
DA:29,0
DA:34,0
DA:35,0
DA:44,1
DA:45,0
DA:48,0
DA:52,0
DA:53,0
DA:54,0
DA:57,0
DA:63,0
DA:74,1
DA:75,0
DA:77,0
DA:78,0
DA:79,0
DA:83,0
DA:84,0
DA:89,0
DA:90,0
DA:91,0
DA:95,0
DA:96,0
DA:97,0
DA:99,0
DA:100,0
DA:111,1
DA:112,0
DA:114,0
DA:116,0
DA:117,0
DA:118,0
DA:119,0
DA:120,0
DA:123,0
DA:124,0
DA:129,0
DA:130,0
LF:44
LH:5
BRDA:28,0,0,0
BRDA:28,0,1,0
BRDA:52,1,0,0
BRDA:52,1,1,0
BRDA:77,2,0,0
BRDA:77,2,1,0
BRDA:83,3,0,0
BRDA:83,3,1,0
BRDA:83,4,0,0
BRDA:83,4,1,0
BRDA:89,5,0,0
BRDA:89,5,1,0
BRDA:95,6,0,0
BRDA:95,6,1,0
BRDA:96,7,0,0
BRDA:96,7,1,0
BRDA:97,8,0,0
BRDA:97,8,1,0
BRDA:114,9,0,0
BRDA:114,9,1,0
BRDA:118,10,0,0
BRDA:118,10,1,0
BRF:22
BRH:0
end_of_record
TN:
SF:src\controllers\couponController.js
FN:10,(anonymous_0)
FN:29,(anonymous_1)
FN:48,(anonymous_2)
FN:120,(anonymous_3)
FN:162,(anonymous_4)
FN:189,(anonymous_5)
FN:217,(anonymous_6)
FNF:7
FNH:0
FNDA:0,(anonymous_0)
FNDA:0,(anonymous_1)
FNDA:0,(anonymous_2)
FNDA:0,(anonymous_3)
FNDA:0,(anonymous_4)
FNDA:0,(anonymous_5)
FNDA:0,(anonymous_6)
DA:10,1
DA:12,0
DA:13,0
DA:14,0
DA:16,0
DA:18,0
DA:29,1
DA:30,0
DA:32,0
DA:33,0
DA:38,0
DA:39,0
DA:48,1
DA:49,0
DA:51,0
DA:53,0
DA:54,0
DA:55,0
DA:59,0
DA:60,0
DA:61,0
DA:65,0
DA:66,0
DA:67,0
DA:70,0
DA:74,0
DA:76,0
DA:77,0
DA:78,0
DA:80,0
DA:81,0
DA:85,0
DA:86,0
DA:87,0
DA:91,0
DA:92,0
DA:93,0
DA:97,0
DA:98,0
DA:99,0
DA:101,0
DA:104,0
DA:120,1
DA:130,0
DA:132,0
DA:134,0
DA:135,0
DA:136,0
DA:139,0
DA:151,0
DA:162,1
DA:163,0
DA:165,0
DA:167,0
DA:168,0
DA:169,0
DA:173,0
DA:174,0
DA:179,0
DA:180,0
DA:189,1
DA:190,0
DA:192,0
DA:194,0
DA:196,0
DA:197,0
DA:198,0
DA:201,0
DA:202,0
DA:207,0
DA:208,0
DA:217,1
DA:219,0
DA:220,0
DA:221,0
DA:223,0
DA:225,0
LF:77
LH:7
BRDA:32,0,0,0
BRDA:32,0,1,0
BRDA:53,1,0,0
BRDA:53,1,1,0
BRDA:59,2,0,0
BRDA:59,2,1,0
BRDA:74,3,0,0
BRDA:74,3,1,0
BRDA:74,4,0,0
BRDA:74,4,1,0
BRDA:76,5,0,0
BRDA:76,5,1,0
BRDA:85,6,0,0
BRDA:85,6,1,0
BRDA:85,7,0,0
BRDA:85,7,1,0
BRDA:91,8,0,0
BRDA:91,8,1,0
BRDA:98,9,0,0
BRDA:98,9,1,0
BRDA:134,10,0,0
BRDA:134,10,1,0
BRDA:165,11,0,0
BRDA:165,11,1,0
BRDA:167,12,0,0
BRDA:167,12,1,0
BRDA:168,13,0,0
BRDA:168,13,1,0
BRDA:169,14,0,0
BRDA:169,14,1,0
BRDA:192,15,0,0
BRDA:192,15,1,0
BRDA:196,16,0,0
BRDA:196,16,1,0
BRF:34
BRH:0
end_of_record
TN:
SF:src\controllers\orderController.js
FN:12,(anonymous_0)
FN:45,(anonymous_1)
FN:91,(anonymous_2)
FN:116,(anonymous_3)
FN:130,(anonymous_4)
FN:258,(anonymous_5)
FN:323,(anonymous_6)
FN:352,(anonymous_7)
FN:409,(anonymous_8)
FN:451,(anonymous_9)
FN:487,(anonymous_10)
FNF:11
FNH:0
FNDA:0,(anonymous_0)
FNDA:0,(anonymous_1)
FNDA:0,(anonymous_2)
FNDA:0,(anonymous_3)
FNDA:0,(anonymous_4)
FNDA:0,(anonymous_5)
FNDA:0,(anonymous_6)
FNDA:0,(anonymous_7)
FNDA:0,(anonymous_8)
FNDA:0,(anonymous_9)
FNDA:0,(anonymous_10)
DA:12,1
DA:22,0
DA:24,0
DA:25,0
DA:26,0
DA:30,0
DA:31,0
DA:32,0
DA:33,0
DA:34,0
DA:36,0
DA:37,0
DA:38,0
DA:43,0
DA:45,0
DA:64,0
DA:67,0
DA:68,0
DA:69,0
DA:70,0
DA:71,0
DA:80,0
DA:91,1
DA:92,0
DA:94,0
DA:96,0
DA:97,0
DA:98,0
DA:101,0
DA:106,0
DA:107,0
DA:116,1
DA:117,0
DA:119,0
DA:130,1
DA:131,0
DA:132,0
DA:133,0
DA:134,0
DA:135,0
DA:136,0
DA:137,0
DA:138,0
DA:140,0
DA:143,0
DA:152,0
DA:160,0
DA:167,0
DA:169,0
DA:170,0
DA:173,0
DA:174,0
DA:184,0
DA:185,0
DA:186,0
DA:187,0
DA:189,0
DA:191,0
DA:192,0
DA:193,0
DA:198,0
DA:199,0
DA:200,0
DA:201,0
DA:204,0
DA:205,0
DA:209,0
DA:212,0
DA:228,0
DA:231,0
DA:232,0
DA:241,0
DA:242,0
DA:243,0
DA:245,0
DA:258,1
DA:259,0
DA:260,0
DA:262,0
DA:263,0
DA:264,0
DA:266,0
DA:267,0
DA:268,0
DA:272,0
DA:273,0
DA:274,0
DA:275,0
DA:276,0
DA:277,0
DA:278,0
DA:280,0
DA:281,0
DA:287,0
DA:288,0
DA:289,0
DA:290,0
DA:291,0
DA:292,0
DA:298,0
DA:299,0
DA:300,0
DA:301,0
DA:302,0
DA:306,0
DA:308,0
DA:313,0
DA:314,0
DA:323,1
DA:324,0
DA:326,0
DA:327,0
DA:328,0
DA:329,0
DA:335,0
DA:337,0
DA:342,0
DA:343,0
DA:352,1
DA:353,0
DA:355,0
DA:356,0
DA:357,0
DA:361,0
DA:362,0
DA:363,0
DA:367,0
DA:368,0
DA:369,0
DA:372,0
DA:373,0
DA:374,0
DA:377,0
DA:378,0
DA:379,0
DA:380,0
DA:381,0
DA:382,0
DA:388,0
DA:389,0
DA:390,0
DA:391,0
DA:392,0
DA:396,0
DA:398,0
DA:409,1
DA:410,0
DA:412,0
DA:413,0
DA:414,0
DA:418,0
DA:419,0
DA:420,0
DA:423,0
DA:424,0
DA:425,0
DA:428,0
DA:429,0
DA:430,0
DA:431,0
DA:432,0
DA:433,0
DA:438,0
DA:440,0
DA:451,1
DA:452,0
DA:476,0
DA:487,1
DA:488,0
DA:523,0
LF:170
LH:10
BRDA:24,0,0,0
BRDA:24,0,1,0
BRDA:24,1,0,0
BRDA:24,1,1,0
BRDA:32,2,0,0
BRDA:32,2,1,0
BRDA:36,3,0,0
BRDA:36,3,1,0
BRDA:56,4,0,0
BRDA:56,4,1,0
BRDA:59,5,0,0
BRDA:59,5,1,0
BRDA:60,6,0,0
BRDA:60,6,1,0
BRDA:67,7,0,0
BRDA:67,7,1,0
BRDA:69,8,0,0
BRDA:69,8,1,0
BRDA:70,9,0,0
BRDA:70,9,1,0
BRDA:94,10,0,0
BRDA:94,10,1,0
BRDA:96,11,0,0
BRDA:96,11,1,0
BRDA:96,12,0,0
BRDA:96,12,1,0
BRDA:131,13,0,0
BRDA:131,13,1,0
BRDA:132,14,0,0
BRDA:132,14,1,0
BRDA:169,15,0,0
BRDA:169,15,1,0
BRDA:173,16,0,0
BRDA:173,16,1,0
BRDA:184,17,0,0
BRDA:184,17,1,0
BRDA:184,18,0,0
BRDA:184,18,1,0
BRDA:186,19,0,0
BRDA:186,19,1,0
BRDA:189,20,0,0
BRDA:189,20,1,0
BRDA:198,21,0,0
BRDA:198,21,1,0
BRDA:198,22,0,0
BRDA:198,22,1,0
BRDA:200,23,0,0
BRDA:200,23,1,0
BRDA:201,24,0,0
BRDA:201,24,1,0
BRDA:204,25,0,0
BRDA:204,25,1,0
BRDA:231,26,0,0
BRDA:231,26,1,0
BRDA:231,27,0,0
BRDA:231,27,1,0
BRDA:231,27,2,0
BRDA:241,28,0,0
BRDA:241,28,1,0
BRDA:241,29,0,0
BRDA:241,29,1,0
BRDA:242,30,0,0
BRDA:242,30,1,0
BRDA:243,31,0,0
BRDA:243,31,1,0
BRDA:262,32,0,0
BRDA:262,32,1,0
BRDA:266,33,0,0
BRDA:266,33,1,0
BRDA:272,34,0,0
BRDA:272,34,1,0
BRDA:272,35,0,0
BRDA:272,35,1,0
BRDA:275,36,0,0
BRDA:275,36,1,0
BRDA:276,37,0,0
BRDA:276,37,1,0
BRDA:287,38,0,0
BRDA:287,38,1,0
BRDA:287,39,0,0
BRDA:287,39,1,0
BRDA:287,39,2,0
BRDA:287,39,3,0
BRDA:290,40,0,0
BRDA:290,40,1,0
BRDA:298,41,0,0
BRDA:298,41,1,0
BRDA:298,42,0,0
BRDA:298,42,1,0
BRDA:298,42,2,0
BRDA:300,43,0,0
BRDA:300,43,1,0
BRDA:301,44,0,0
BRDA:301,44,1,0
BRDA:326,45,0,0
BRDA:326,45,1,0
BRDA:355,46,0,0
BRDA:355,46,1,0
BRDA:361,47,0,0
BRDA:361,47,1,0
BRDA:361,48,0,0
BRDA:361,48,1,0
BRDA:367,49,0,0
BRDA:367,49,1,0
BRDA:367,50,0,0
BRDA:367,50,1,0
BRDA:367,50,2,0
BRDA:374,51,0,0
BRDA:374,51,1,0
BRDA:377,52,0,0
BRDA:377,52,1,0
BRDA:380,53,0,0
BRDA:380,53,1,0
BRDA:388,54,0,0
BRDA:388,54,1,0
BRDA:388,55,0,0
BRDA:388,55,1,0
BRDA:390,56,0,0
BRDA:390,56,1,0
BRDA:391,57,0,0
BRDA:391,57,1,0
BRDA:412,58,0,0
BRDA:412,58,1,0
BRDA:418,59,0,0
BRDA:418,59,1,0
BRDA:418,60,0,0
BRDA:418,60,1,0
BRDA:425,61,0,0
BRDA:425,61,1,0
BRDA:428,62,0,0
BRDA:428,62,1,0
BRDA:431,63,0,0
BRDA:431,63,1,0
BRF:133
BRH:0
end_of_record
TN:
SF:src\controllers\paymentController.js
FN:9,(anonymous_0)
FN:20,(anonymous_1)
FN:101,(anonymous_2)
FN:129,(anonymous_3)
FN:130,(anonymous_4)
FN:141,(anonymous_5)
FN:209,(anonymous_6)
FN:257,(anonymous_7)
FN:261,(anonymous_8)
FN:277,(anonymous_9)
FN:281,(anonymous_10)
FN:285,(anonymous_11)
FNF:12
FNH:4
FNDA:1,(anonymous_0)
FNDA:2,(anonymous_1)
FNDA:1,(anonymous_2)
FNDA:0,(anonymous_3)
FNDA:0,(anonymous_4)
FNDA:2,(anonymous_5)
FNDA:0,(anonymous_6)
FNDA:0,(anonymous_7)
FNDA:0,(anonymous_8)
FNDA:0,(anonymous_9)
FNDA:0,(anonymous_10)
FNDA:0,(anonymous_11)
DA:10,1
DA:20,1
DA:21,2
DA:22,2
DA:25,2
DA:26,2
DA:27,1
DA:31,1
DA:32,1
DA:37,1
DA:38,1
DA:39,1
DA:40,1
DA:41,1
DA:42,1
DA:45,1
DA:47,1
DA:53,1
DA:71,1
DA:72,1
DA:76,1
DA:78,1
DA:79,0
DA:84,1
DA:94,0
DA:95,0
DA:96,0
DA:102,1
DA:103,1
DA:104,1
DA:105,1
DA:106,1
DA:109,1
DA:110,1
DA:113,1
DA:114,1
DA:115,1
DA:116,1
DA:117,1
DA:122,1
DA:123,1
DA:126,1
DA:127,1
DA:128,1
DA:129,0
DA:130,0
DA:131,0
DA:132,0
DA:135,0
DA:141,1
DA:142,2
DA:143,2
DA:145,2
DA:160,2
DA:168,2
DA:169,2
DA:170,1
DA:172,1
DA:174,1
DA:177,2
DA:178,0
DA:181,2
DA:182,1
DA:183,0
DA:186,1
DA:188,1
DA:193,1
DA:196,0
DA:200,1
DA:203,1
DA:204,1
DA:209,1
DA:210,0
DA:211,0
DA:212,0
DA:214,0
DA:216,0
DA:217,0
DA:222,0
DA:223,0
DA:224,0
DA:227,0
DA:228,0
DA:229,0
DA:230,0
DA:233,0
DA:234,0
DA:235,0
DA:240,0
DA:242,0
DA:245,0
DA:246,0
DA:247,0
DA:250,0
DA:251,0
DA:252,0
DA:257,1
DA:258,0
DA:261,1
DA:262,0
DA:263,0
DA:264,0
DA:266,0
DA:273,0
DA:277,1
DA:278,0
DA:281,1
DA:282,0
DA:285,1
DA:286,0
DA:290,1
DA:293,1
DA:294,1
DA:295,1
DA:296,1
DA:297,1
DA:298,1
DA:299,1
DA:300,1
LF:119
LH:74
BRDA:11,0,0,1
BRDA:11,0,1,0
BRDA:12,1,0,1
BRDA:12,1,1,0
BRDA:13,2,0,1
BRDA:13,2,1,0
BRDA:15,3,0,1
BRDA:15,3,1,0
BRDA:16,4,0,1
BRDA:16,4,1,0
BRDA:26,5,0,1
BRDA:26,5,1,1
BRDA:78,6,0,0
BRDA:78,6,1,1
BRDA:79,7,0,0
BRDA:79,7,1,0
BRDA:102,8,0,1
BRDA:102,8,1,0
BRDA:109,9,0,1
BRDA:109,9,1,0
BRDA:115,10,0,1
BRDA:115,10,1,0
BRDA:128,11,0,0
BRDA:128,11,1,1
BRDA:174,12,0,1
BRDA:174,12,1,0
BRDA:177,13,0,0
BRDA:177,13,1,2
BRDA:182,14,0,0
BRDA:182,14,1,1
BRDA:186,15,0,1
BRDA:186,15,1,0
BRDA:189,16,0,0
BRDA:189,16,1,1
BRDA:216,17,0,0
BRDA:216,17,1,0
BRDA:216,18,0,0
BRDA:216,18,1,0
BRDA:223,19,0,0
BRDA:223,19,1,0
BRDA:223,20,0,0
BRDA:223,20,1,0
BRDA:229,21,0,0
BRDA:229,21,1,0
BRDA:234,22,0,0
BRDA:234,22,1,0
BRDA:264,23,0,0
BRDA:264,23,1,0
BRF:48
BRH:17
end_of_record
TN:
SF:src\controllers\reviewController.js
FN:10,(anonymous_0)
FN:42,(anonymous_1)
FN:56,(anonymous_2)
FN:72,(anonymous_3)
FN:96,(anonymous_4)
FN:114,(anonymous_5)
FN:132,(anonymous_6)
FN:151,(anonymous_7)
FNF:8
FNH:0
FNDA:0,(anonymous_0)
FNDA:0,(anonymous_1)
FNDA:0,(anonymous_2)
FNDA:0,(anonymous_3)
FNDA:0,(anonymous_4)
FNDA:0,(anonymous_5)
FNDA:0,(anonymous_6)
FNDA:0,(anonymous_7)
DA:10,1
DA:11,0
DA:12,0
DA:14,0
DA:16,0
DA:17,0
DA:18,0
DA:22,0
DA:27,0
DA:28,0
DA:29,0
DA:32,0
DA:40,0
DA:41,0
DA:42,0
DA:43,0
DA:45,0
DA:56,1
DA:57,0
DA:61,0
DA:72,1
DA:73,0
DA:74,0
DA:76,0
DA:78,0
DA:79,0
DA:80,0
DA:83,0
DA:84,0
DA:87,0
DA:88,0
DA:91,0
DA:94,0
DA:95,0
DA:96,0
DA:97,0
DA:99,0
DA:104,0
DA:105,0
DA:114,1
DA:115,0
DA:117,0
DA:119,0
DA:120,0
DA:121,0
DA:124,0
DA:125,0
DA:128,0
DA:129,0
DA:130,0
DA:131,0
DA:132,0
DA:134,0
DA:136,0
DA:141,0
DA:142,0
DA:151,1
DA:152,0
DA:157,0
LF:59
LH:5
BRDA:16,0,0,0
BRDA:16,0,1,0
BRDA:27,1,0,0
BRDA:27,1,1,0
BRDA:76,2,0,0
BRDA:76,2,1,0
BRDA:78,3,0,0
BRDA:78,3,1,0
BRDA:78,4,0,0
BRDA:78,4,1,0
BRDA:83,5,0,0
BRDA:83,5,1,0
BRDA:84,6,0,0
BRDA:84,6,1,0
BRDA:87,7,0,0
BRDA:87,7,1,0
BRDA:87,8,0,0
BRDA:87,8,1,0
BRDA:117,9,0,0
BRDA:117,9,1,0
BRDA:119,10,0,0
BRDA:119,10,1,0
BRDA:119,11,0,0
BRDA:119,11,1,0
BRDA:131,12,0,0
BRDA:131,12,1,0
BRF:26
BRH:0
end_of_record
TN:
SF:src\controllers\statsController.js
FN:12,(anonymous_0)
FN:21,(anonymous_1)
FN:38,(anonymous_2)
FN:41,(anonymous_3)
FN:89,(anonymous_4)
FN:142,(anonymous_5)
FN:156,(anonymous_6)
FN:184,(anonymous_7)
FN:189,(anonymous_8)
FN:203,(anonymous_9)
FN:231,(anonymous_10)
FN:250,(anonymous_11)
FN:284,(anonymous_12)
FN:300,(anonymous_13)
FN:342,(anonymous_14)
FNF:15
FNH:0
FNDA:0,(anonymous_0)
FNDA:0,(anonymous_1)
FNDA:0,(anonymous_2)
FNDA:0,(anonymous_3)
FNDA:0,(anonymous_4)
FNDA:0,(anonymous_5)
FNDA:0,(anonymous_6)
FNDA:0,(anonymous_7)
FNDA:0,(anonymous_8)
FNDA:0,(anonymous_9)
FNDA:0,(anonymous_10)
FNDA:0,(anonymous_11)
FNDA:0,(anonymous_12)
FNDA:0,(anonymous_13)
FNDA:0,(anonymous_14)
DA:12,1
DA:13,0
DA:21,0
DA:22,0
DA:26,0
DA:27,0
DA:28,0
DA:29,0
DA:31,0
DA:38,0
DA:39,0
DA:41,0
DA:42,0
DA:45,0
DA:50,0
DA:55,0
DA:59,0
DA:63,0
DA:67,0
DA:89,1
DA:90,0
DA:92,0
DA:96,0
DA:98,0
DA:99,0
DA:100,0
DA:101,0
DA:103,0
DA:104,0
DA:105,0
DA:106,0
DA:108,0
DA:109,0
DA:110,0
DA:111,0
DA:113,0
DA:114,0
DA:115,0
DA:118,0
DA:137,0
DA:142,0
DA:156,1
DA:157,0
DA:171,0
DA:181,0
DA:184,0
DA:189,0
DA:203,1
DA:204,0
DA:206,0
DA:229,0
DA:231,0
DA:250,1
DA:251,0
DA:282,0
DA:284,0
DA:300,1
DA:301,0
DA:303,0
DA:306,0
DA:308,0
DA:309,0
DA:310,0
DA:312,0
DA:313,0
DA:314,0
DA:316,0
DA:317,0
DA:320,0
DA:338,0
DA:342,0
LF:71
LH:6
BRDA:22,0,0,0
BRDA:22,0,1,0
BRDA:39,1,0,0
BRDA:39,1,1,0
BRDA:42,2,0,0
BRDA:42,2,1,0
BRDA:45,3,0,0
BRDA:45,3,1,0
BRDA:50,4,0,0
BRDA:50,4,1,0
BRDA:63,5,0,0
BRDA:63,5,1,0
BRDA:90,6,0,0
BRDA:96,7,0,0
BRDA:96,7,1,0
BRDA:96,7,2,0
BRDA:96,7,3,0
BRDA:204,8,0,0
BRDA:204,8,1,0
BRDA:301,9,0,0
BRDA:306,10,0,0
BRDA:306,10,1,0
BRDA:306,10,2,0
BRF:23
BRH:0
end_of_record
TN:
SF:src\controllers\userController.js
FN:9,(anonymous_0)
FN:47,(anonymous_1)
FN:66,(anonymous_2)
FN:96,(anonymous_3)
FN:121,(anonymous_4)
FN:169,(anonymous_5)
FNF:6
FNH:0
FNDA:0,(anonymous_0)
FNDA:0,(anonymous_1)
FNDA:0,(anonymous_2)
FNDA:0,(anonymous_3)
FNDA:0,(anonymous_4)
FNDA:0,(anonymous_5)
DA:9,1
DA:10,0
DA:11,0
DA:13,0
DA:22,0
DA:23,0
DA:26,0
DA:27,0
DA:33,0
DA:47,1
DA:48,0
DA:50,0
DA:51,0
DA:56,0
DA:57,0
DA:66,1
DA:67,0
DA:69,0
DA:70,0
DA:72,0
DA:74,0
DA:76,0
DA:86,0
DA:87,0
DA:96,1
DA:97,0
DA:99,0
DA:100,0
DA:101,0
DA:102,0
DA:105,0
DA:106,0
DA:111,0
DA:112,0
DA:121,1
DA:122,0
DA:125,0
DA:127,0
DA:128,0
DA:129,0
DA:133,0
DA:134,0
DA:135,0
DA:136,0
DA:140,0
DA:141,0
DA:142,0
DA:145,0
DA:146,0
DA:147,0
DA:149,0
DA:150,0
DA:151,0
DA:155,0
DA:156,0
DA:158,0
DA:169,1
DA:170,0
DA:172,0
DA:173,0
DA:174,0
DA:175,0
DA:178,0
DA:179,0
DA:181,0
DA:190,0
DA:191,0
LF:67
LH:6
BRDA:10,0,0,0
BRDA:10,0,1,0
BRDA:11,1,0,0
BRDA:11,1,1,0
BRDA:13,2,0,0
BRDA:13,2,1,0
BRDA:22,3,0,0
BRDA:22,3,1,0
BRDA:50,4,0,0
BRDA:50,4,1,0
BRDA:69,5,0,0
BRDA:69,5,1,0
BRDA:70,6,0,0
BRDA:70,6,1,0
BRDA:72,7,0,0
BRDA:72,7,1,0
BRDA:99,8,0,0
BRDA:99,8,1,0
BRDA:100,9,0,0
BRDA:100,9,1,0
BRDA:127,10,0,0
BRDA:127,10,1,0
BRDA:134,11,0,0
BRDA:134,11,1,0
BRDA:140,12,0,0
BRDA:140,12,1,0
BRDA:149,13,0,0
BRDA:149,13,1,0
BRDA:149,14,0,0
BRDA:149,14,1,0
BRDA:149,14,2,0
BRDA:172,15,0,0
BRDA:172,15,1,0
BRDA:173,16,0,0
BRDA:173,16,1,0
BRDA:183,17,0,0
BRDA:183,17,1,0
BRF:37
BRH:0
end_of_record
TN:
SF:src\middlewares\adminMiddleware.js
FN:6,(anonymous_0)
FNF:1
FNH:0
FNDA:0,(anonymous_0)
DA:6,1
DA:7,0
DA:8,0
DA:10,0
DA:11,0
LF:5
LH:1
BRDA:7,0,0,0
BRDA:7,0,1,0
BRDA:7,1,0,0
BRDA:7,1,1,0
BRF:4
BRH:0
end_of_record
TN:
SF:src\middlewares\authMiddleware.js
FN:8,(anonymous_0)
FNF:1
FNH:1
FNDA:2,(anonymous_0)
DA:8,1
DA:11,2
DA:15,2
DA:17,2
DA:20,2
DA:23,2
DA:25,2
DA:26,0
DA:27,0
DA:30,2
DA:31,0
DA:32,0
DA:35,2
DA:37,0
DA:38,0
DA:39,0
DA:43,2
DA:44,0
DA:45,0
LF:19
LH:10
BRDA:11,0,0,2
BRDA:11,0,1,0
BRDA:12,1,0,2
BRDA:12,1,1,2
BRDA:25,2,0,0
BRDA:25,2,1,2
BRDA:30,3,0,0
BRDA:30,3,1,2
BRDA:43,4,0,0
BRDA:43,4,1,2
BRF:10
BRH:6
end_of_record
TN:
SF:src\middlewares\errorMiddleware.js
FN:4,(anonymous_0)
FN:10,(anonymous_1)
FNF:2
FNH:0
FNDA:0,(anonymous_0)
FNDA:0,(anonymous_1)
DA:4,1
DA:5,0
DA:6,0
DA:7,0
DA:10,1
DA:11,0
DA:13,0
LF:7
LH:2
BRDA:11,0,0,0
BRDA:11,0,1,0
BRDA:16,1,0,0
BRDA:16,1,1,0
BRF:4
BRH:0
end_of_record
TN:
SF:src\middlewares\uploadMiddleware.js
FN:7,(anonymous_0)
FNF:1
FNH:0
FNDA:0,(anonymous_0)
DA:4,1
DA:7,1
DA:9,0
DA:10,0
DA:12,0
DA:17,1
LF:6
LH:3
BRDA:9,0,0,0
BRDA:9,0,1,0
BRF:2
BRH:0
end_of_record
TN:
SF:src\models\Book.js
FNF:0
FNH:0
DA:3,1
DA:83,1
DA:88,1
LF:3
LH:3
BRF:0
BRH:0
end_of_record
TN:
SF:src\models\Cart.js
FN:54,(anonymous_0)
FN:55,(anonymous_1)
FN:56,(anonymous_2)
FNF:3
FNH:0
FNDA:0,(anonymous_0)
FNDA:0,(anonymous_1)
FNDA:0,(anonymous_2)
DA:3,1
DA:30,1
DA:54,1
DA:55,0
DA:56,0
DA:57,0
DA:60,1
LF:7
LH:4
BRF:0
BRH:0
end_of_record
TN:
SF:src\models\Category.js
FNF:0
FNH:0
DA:3,1
DA:25,1
LF:2
LH:2
BRF:0
BRH:0
end_of_record
TN:
SF:src\models\Coupon.js
FNF:0
FNH:0
DA:3,1
DA:63,1
LF:2
LH:2
BRF:0
BRH:0
end_of_record
TN:
SF:src\models\Order.js
FNF:0
FNH:0
DA:3,1
DA:29,1
DA:56,1
DA:137,1
LF:4
LH:4
BRF:0
BRH:0
end_of_record
TN:
SF:src\models\Review.js
FNF:0
FNH:0
DA:3,1
DA:37,1
DA:39,1
LF:3
LH:3
BRF:0
BRH:0
end_of_record
TN:
SF:src\models\User.js
FN:55,(anonymous_0)
FN:93,(anonymous_1)
FN:102,(anonymous_2)
FNF:3
FNH:2
FNDA:4,(anonymous_0)
FNDA:4,(anonymous_1)
FNDA:0,(anonymous_2)
DA:4,1
DA:31,1
DA:57,4
DA:59,4
DA:61,4
DA:63,4
DA:93,1
DA:94,4
DA:95,0
DA:97,4
DA:98,4
DA:102,1
DA:103,0
DA:106,1
LF:14
LH:12
BRDA:63,0,0,4
BRDA:63,0,1,4
BRDA:63,0,2,4
BRDA:94,1,0,0
BRDA:94,1,1,4
BRF:5
BRH:4
end_of_record
TN:
SF:src\utils\cloudinaryUpload.js
FN:10,(anonymous_0)
FN:11,(anonymous_1)
FN:17,(anonymous_2)
FN:38,(anonymous_3)
FNF:4
FNH:0
FNDA:0,(anonymous_0)
FNDA:0,(anonymous_1)
FNDA:0,(anonymous_2)
FNDA:0,(anonymous_3)
DA:10,1
DA:11,0
DA:12,0
DA:18,0
DA:19,0
DA:21,0
DA:26,0
DA:27,0
DA:28,0
DA:29,0
DA:38,1
DA:39,0
DA:41,0
DA:42,0
DA:43,0
DA:44,0
DA:46,0
DA:48,0
DA:50,0
DA:51,0
LF:20
LH:2
BRDA:10,0,0,0
BRDA:18,1,0,0
BRDA:18,1,1,0
BRF:3
BRH:0
end_of_record
TN:
SF:src\utils\generateToken.js
FN:3,(anonymous_0)
FNF:1
FNH:1
FNDA:4,(anonymous_0)
DA:3,1
DA:4,4
LF:2
LH:2
BRDA:5,0,0,4
BRDA:5,0,1,4
BRF:2
BRH:2
end_of_record
TN:
SF:src\utils\momoHelper.js
FN:10,(anonymous_0)
FN:64,(anonymous_1)
FN:98,(anonymous_2)
FNF:3
FNH:0
FNDA:0,(anonymous_0)
FNDA:0,(anonymous_1)
FNDA:0,(anonymous_2)
DA:10,0
DA:11,0
DA:13,0
DA:14,0
DA:15,0
DA:16,0
DA:17,0
DA:18,0
DA:20,0
DA:21,0
DA:22,0
DA:25,0
DA:27,0
DA:32,0
DA:47,0
DA:48,0
DA:50,0
DA:51,0
DA:52,0
DA:54,0
DA:55,0
DA:64,0
DA:79,0
DA:81,0
DA:83,0
DA:85,0
DA:90,0
DA:98,0
DA:99,0
LF:29
LH:0
BRF:0
BRH:0
end_of_record
TN:
SF:src\utils\seedAdmin.js
FN:8,(anonymous_0)
FNF:1
FNH:0
FNDA:0,(anonymous_0)
DA:8,0
DA:9,0
DA:10,0
DA:13,0
DA:14,0
DA:17,0
DA:19,0
DA:20,0
DA:26,0
DA:28,0
DA:32,0
DA:33,0
DA:35,0
DA:36,0
DA:40,0
DA:42,0
DA:45,0
LF:17
LH:0
BRDA:9,0,0,0
BRDA:9,0,1,0
BRDA:19,1,0,0
BRDA:19,1,1,0
BRDA:35,2,0,0
BRDA:35,2,1,0
BRF:6
BRH:0
end_of_record
